Mplus VERSION 8.3 (Mac)
MUTHEN & MUTHEN
06/09/2025  12:38 AM

INPUT INSTRUCTIONS

  TITLE:
  LCA - 3 Class;
  DATA:
  FILE = "/Users/roberthuang/Desktop/Blued/LCA_3.dat";

  VARIABLE:
  NAMES = Code C1S1 C1S2 C1S3 C1S4 C1S5 C1S6 C1S32 C2S7 C2S8 C2S9 C3S10 C3S11 C3S12
       C3S13 C3S14 C3S15 C4S16 C4S17 C4S18 C4S19 C4S20 C4S23 C4S25 C4S26 C5S21 C5S22
       C5S24 C5S27 C5S28 C5S29 C5S30 C5S31;
   MISSING=.;
   categorical = C1S1 - C5S31;
       usevar = C1S1 - C5S31;
       classes = c(3);
       auxiliary = Code;
  ANALYSIS:
  estimator = mlr;
       type = mixture;
       starts = 5000 1000;
       lrtstarts = 0 0 1000 250;
       stseed = 641;
       processors = 8;
  OUTPUT:
  tech11 tech14;
  SAVEDATA:
  file = LCA_3_out.dat;
       save = cprob;
       missflag = .;
  PLOT:
  type = plot3;
       series = C1S1 - C5S31 (*);



INPUT READING TERMINATED NORMALLY




LCA - 3 Class;

SUMMARY OF ANALYSIS

Number of groups                                                 1
Number of observations                                        2266

Number of dependent variables                                   32
Number of independent variables                                  0
Number of continuous latent variables                            0
Number of categorical latent variables                           1

Observed dependent variables

  Binary and ordered categorical (ordinal)
   C1S1        C1S2        C1S3        C1S4        C1S5        C1S6
   C1S32       C2S7        C2S8        C2S9        C3S10       C3S11
   C3S12       C3S13       C3S14       C3S15       C4S16       C4S17
   C4S18       C4S19       C4S20       C4S23       C4S25       C4S26
   C5S21       C5S22       C5S24       C5S27       C5S28       C5S29
   C5S30       C5S31

Observed auxiliary variables
   CODE

Categorical latent variables
   C


Estimator                                                      MLR
Information matrix                                        OBSERVED
Optimization Specifications for the Quasi-Newton Algorithm for
Continuous Outcomes
  Maximum number of iterations                                 100
  Convergence criterion                                  0.100D-05
Optimization Specifications for the EM Algorithm
  Maximum number of iterations                                 500
  Convergence criteria
    Loglikelihood change                                 0.100D-06
    Relative loglikelihood change                        0.100D-06
    Derivative                                           0.100D-05
Optimization Specifications for the M step of the EM Algorithm for
Categorical Latent variables
  Number of M step iterations                                    1
  M step convergence criterion                           0.100D-05
  Basis for M step termination                           ITERATION
Optimization Specifications for the M step of the EM Algorithm for
Censored, Binary or Ordered Categorical (Ordinal), Unordered
Categorical (Nominal) and Count Outcomes
  Number of M step iterations                                    1
  M step convergence criterion                           0.100D-05
  Basis for M step termination                           ITERATION
  Maximum value for logit thresholds                            15
  Minimum value for logit thresholds                           -15
  Minimum expected cell size for chi-square              0.100D-01
Maximum number of iterations for H1                           2000
Convergence criterion for H1                             0.100D-03
Optimization algorithm                                         EMA
Random Starts Specifications
  Number of initial stage random starts                       5000
  Number of final stage optimizations                         1000
  Number of initial stage iterations                            10
  Initial stage convergence criterion                    0.100D+01
  Random starts scale                                    0.500D+01
  Random seed for generating random starts                     641
Link                                                         LOGIT

Input data file(s)
  /Users/roberthuang/Desktop/Blued/LCA_3.dat
Input data format  FREE


SUMMARY OF DATA

     Number of missing data patterns             1
     Number of y missing data patterns           0
     Number of u missing data patterns           1


COVARIANCE COVERAGE OF DATA

Minimum covariance coverage value   0.100


UNIVARIATE PROPORTIONS AND COUNTS FOR CATEGORICAL VARIABLES

    C1S1
      Category 1    0.644         1459.000
      Category 2    0.356          807.000
    C1S2
      Category 1    0.761         1724.000
      Category 2    0.239          542.000
    C1S3
      Category 1    0.794         1800.000
      Category 2    0.206          466.000
    C1S4
      Category 1    0.845         1914.000
      Category 2    0.155          352.000
    C1S5
      Category 1    0.912         2067.000
      Category 2    0.088          199.000
    C1S6
      Category 1    0.751         1702.000
      Category 2    0.249          564.000
    C1S32
      Category 1    0.923         2092.000
      Category 2    0.077          174.000
    C2S7
      Category 1    0.831         1884.000
      Category 2    0.169          382.000
    C2S8
      Category 1    0.889         2014.000
      Category 2    0.111          252.000
    C2S9
      Category 1    0.931         2110.000
      Category 2    0.069          156.000
    C3S10
      Category 1    0.907         2055.000
      Category 2    0.093          211.000
    C3S11
      Category 1    0.898         2034.000
      Category 2    0.102          232.000
    C3S12
      Category 1    0.903         2047.000
      Category 2    0.097          219.000
    C3S13
      Category 1    0.953         2159.000
      Category 2    0.047          107.000
    C3S14
      Category 1    0.925         2095.000
      Category 2    0.075          171.000
    C3S15
      Category 1    0.915         2073.000
      Category 2    0.085          193.000
    C4S16
      Category 1    0.984         2230.000
      Category 2    0.016           36.000
    C4S17
      Category 1    0.984         2229.000
      Category 2    0.016           37.000
    C4S18
      Category 1    0.983         2228.000
      Category 2    0.017           38.000
    C4S19
      Category 1    0.985         2233.000
      Category 2    0.015           33.000
    C4S20
      Category 1    0.987         2237.000
      Category 2    0.013           29.000
    C4S23
      Category 1    0.991         2246.000
      Category 2    0.009           20.000
    C4S25
      Category 1    0.982         2226.000
      Category 2    0.018           40.000
    C4S26
      Category 1    0.985         2233.000
      Category 2    0.015           33.000
    C5S21
      Category 1    0.983         2227.000
      Category 2    0.017           39.000
    C5S22
      Category 1    0.983         2228.000
      Category 2    0.017           38.000
    C5S24
      Category 1    0.983         2228.000
      Category 2    0.017           38.000
    C5S27
      Category 1    0.985         2231.000
      Category 2    0.015           35.000
    C5S28
      Category 1    0.983         2227.000
      Category 2    0.017           39.000
    C5S29
      Category 1    0.985         2231.000
      Category 2    0.015           35.000
    C5S30
      Category 1    0.973         2204.000
      Category 2    0.027           62.000
    C5S31
      Category 1    0.978         2216.000
      Category 2    0.022           50.000


RANDOM STARTS RESULTS RANKED FROM THE BEST TO THE WORST LOGLIKELIHOOD VALUES

Final stage loglikelihood values at local maxima, seeds, and initial stage start numbers:

          -12085.155  559769           1163
          -12085.155  471432           494
          -12085.155  105195           779
          -12085.155  419485           652
          -12085.155  407579           2319
          -12085.155  586299           3471
          -12085.155  223374           4150
          -12085.155  764592           4816
          -12085.155  49357            2895
          -12085.155  429822           3586
          -12085.155  879251           41
          -12085.155  314749           1853
          -12085.155  389155           1936
          -12085.155  642151           3674
          -12085.155  605807           3814
          -12085.155  75557            3949
          -12085.155  42553            1839
          -12085.155  769269           1320
          -12085.155  260602           1406
          -12085.155  363493           4518
          -12085.155  525145           719
          -12085.155  352111           1750
          -12085.155  497785           4502
          -12085.155  273751           4728
          -12085.155  746723           1834
          -12085.155  659241           1826
          -12085.155  76598            2027
          -12085.155  623973           115
          -12085.155  86929            3224
          -12085.155  910420           4511
          -12085.155  647520           4978
          -12085.155  832204           4491
          -12085.155  45247            4641
          -12085.155  313975           4265
          -12085.155  244339           2370
          -12085.155  320582           4813
          -12085.155  149235           112
          -12085.155  927685           4804
          -12085.155  989079           1758
          -12085.155  934138           4556
          -12085.155  515438           3875
          -12085.155  134850           2242
          -12085.155  363859           4580
          -12085.155  634330           2346
          -12085.155  666370           4727
          -12085.155  466138           4850
          -12085.155  65453            3376
          -12085.155  76909            3816
          -12085.155  892075           4025
          -12085.155  161889           2219
          -12085.155  408054           4899
          -12085.155  313206           2818
          -12085.155  808421           3141
          -12085.155  696335           3686
          -12085.155  73437            2508
          -12085.155  783891           580
          -12085.155  174324           856
          -12085.155  424425           4011
          -12085.155  438411           1067
          -12085.155  463026           2543
          -12085.155  66691            3701
          -12085.155  411761           1363
          -12085.155  190215           3750
          -12085.155  651991           2308
          -12085.155  830128           4748
          -12085.155  469210           48
          -12085.155  923466           1998
          -12085.155  290134           121
          -12085.155  615840           4771
          -12085.155  652431           1646
          -12085.155  25423            4255
          -12085.155  517901           4301
          -12085.155  901242           2249
          -12085.155  865003           4889
          -12085.155  146231           2622
          -12085.155  486649           1546
          -12085.155  571647           3153
          -12085.155  45518            962
          -12085.155  606612           2108
          -12085.155  908782           4852
          -12085.155  693917           650
          -12085.155  381312           2650
          -12085.155  188447           3826
          -12085.155  252069           1988
          -12085.155  946781           1060
          -12085.155  447183           2524
          -12085.155  776563           924
          -12085.155  423889           219
          -12085.155  249003           4853
          -12085.155  286679           2115
          -12085.155  823336           4770
          -12085.155  896843           2454
          -12085.155  697499           1397
          -12085.155  984639           2542
          -12085.155  540041           3351
          -12085.155  335469           3396
          -12085.155  647161           1990
          -12085.155  417671           4309
          -12085.155  819175           4038
          -12085.155  346847           4644
          -12085.155  124781           2466
          -12085.155  610231           2655
          -12085.155  207383           724
          -12085.155  716821           4957
          -12085.155  243553           4907
          -12085.155  872832           2529
          -12085.155  947288           454
          -12085.155  34331            782
          -12085.155  611833           3213
          -12085.155  905252           584
          -12085.155  583765           4160
          -12085.155  749744           2966
          -12085.155  696477           925
          -12085.155  584009           4036
          -12085.155  212367           375
          -12085.155  364813           526
          -12085.155  697889           2453
          -12085.155  205231           953
          -12085.155  148819           1378
          -12085.155  780530           3416
          -12085.155  227610           4659
          -12085.155  814559           876
          -12085.155  36567            3414
          -12085.155  155616           951
          -12085.155  572039           4494
          -12085.155  322181           1539
          -12085.155  218189           3289
          -12085.155  124126           4240
          -12085.155  782806           2539
          -12085.155  110861           550
          -12085.155  76995            2617
          -12085.155  186088           1819
          -12085.155  253033           597
          -12085.155  748017           1143
          -12085.155  264734           3174
          -12085.155  272312           3541
          -12085.155  563142           848
          -12085.155  170750           4979
          -12085.155  965315           2957
          -12085.155  482861           4721
          -12085.155  528805           2899
          -12085.155  641043           4834
          -12085.155  940017           407
          -12085.155  500696           4715
          -12085.155  601813           2728
          -12085.155  87430            3642
          -12085.155  467349           1288
          -12085.155  185793           3083
          -12085.155  175117           1806
          -12085.155  510677           400
          -12085.155  972889           103
          -12085.155  360661           3402
          -12085.155  662683           1028
          -12085.155  697512           4549
          -12085.155  639381           710
          -12085.155  548559           2415
          -12085.155  763187           3222
          -12085.155  933483           2079
          -12085.155  710797           1077
          -12085.155  479935           4367
          -12085.155  71506            1589
          -12085.155  336755           1225
          -12085.155  192381           2481
          -12085.155  494981           1721
          -12085.155  363776           4152
          -12085.155  692893           2238
          -12085.155  604315           1505
          -12085.155  201501           330
          -12085.155  824192           276
          -12085.155  725381           4747
          -12085.155  249691           4761
          -12085.155  687310           3995
          -12085.155  156679           2038
          -12085.155  128397           4256
          -12085.155  706525           660
          -12085.155  69915            3827
          -12085.155  866240           496
          -12085.155  595979           2472
          -12085.155  914693           2547
          -12085.155  253120           499
          -12085.155  29507            1869
          -12085.155  678083           3769
          -12085.155  569106           4093
          -12085.155  381051           4950
          -12085.155  735440           1477
          -12085.155  802874           2427
          -12085.155  185140           4842
          -12085.155  536258           2863
          -12085.155  751570           1488
          -12085.155  339117           3480
          -12085.155  333727           3511
          -12085.155  786005           4232
          -12085.155  284453           1656
          -12085.155  561273           3569
          -12085.155  489159           15
          -12085.155  678269           648
          -12085.155  885869           4523
          -12085.155  583696           2274
          -12085.155  356393           1311
          -12085.155  675219           4914
          -12085.155  109749           2893
          -12085.155  758901           3025
          -12085.155  644633           1699
          -12085.155  95589            3409
          -12085.155  145439           3669
          -12085.155  186927           108
          -12085.155  715506           949
          -12085.155  235609           2707
          -12085.155  978697           3415
          -12085.155  140045           3948
          -12085.155  309907           240
          -12085.155  596913           2272
          -12085.155  854444           4779
          -12085.155  914051           28
          -12085.155  649414           2938
          -12085.155  81288            1120
          -12085.155  67825            1095
          -12085.155  660525           2790
          -12085.155  67987            162
          -12085.155  81411            2124
          -12085.155  671774           1962
          -12085.155  801574           4212
          -12085.155  4665             3035
          -12085.155  786673           3665
          -12085.155  966377           4156
          -12085.155  823050           1811
          -12085.155  390139           2164
          -12085.155  614983           133
          -12085.155  284893           1945
          -12085.155  218963           2250
          -12085.155  604548           4764
          -12085.155  450560           694
          -12085.155  866937           3867
          -12085.155  173413           1949
          -12085.155  512230           74
          -12085.155  877735           4841
          -12085.155  719806           1140
          -12085.155  93577            1192
          -12085.155  857707           1052
          -12085.155  874248           577
          -12085.155  60121            4127
          -12085.155  578961           4436
          -12085.155  501765           3936
          -12085.155  128863           4477
          -12085.155  408919           3553
          -12085.155  77345            238
          -12085.155  959449           229
          -12085.155  457708           2166
          -12085.155  92151            1449
          -12085.155  920108           4821
          -12085.155  535675           822
          -12085.155  525403           105
          -12085.155  449841           2733
          -12085.155  17041            1412
          -12085.155  152479           3159
          -12085.155  251171           1753
          -12085.155  944552           3825
          -12085.155  6339             1931
          -12085.155  575191           3013
          -12085.155  522115           3044
          -12085.155  994548           2034
          -12085.155  276437           4870
          -12085.155  263514           1701
          -12085.155  466231           1023
          -12085.155  220498           2967
          -12085.155  26659            3927
          -12085.155  455560           4270
          -12085.155  758550           1331
          -12085.155  455560           3677
          -12085.155  383328           4151
          -12085.155  819951           2507
          -12085.155  717107           741
          -12085.155  496674           749
          -12085.155  713373           4400
          -12085.155  283636           3482
          -12085.155  727635           2317
          -12085.155  466894           1467
          -12085.155  879370           3758
          -12085.155  428354           442
          -12085.155  229132           521
          -12085.155  28249            983
          -12085.155  554896           4922
          -12085.155  343413           3203
          -12085.155  861412           3976
          -12085.155  603757           2711
          -12085.155  701393           31
          -12085.155  940272           480
          -12085.155  372633           3651
          -12085.155  142737           3747
          -12085.155  237015           2928
          -12085.155  767477           1833
          -12085.155  213878           1867
          -12085.155  432227           2448
          -12085.155  731135           834
          -12085.155  424217           80
          -12085.155  256573           2380
          -12085.155  292497           3354
          -12085.155  429085           3632
          -12085.155  252927           3804
          -12085.155  405489           3951
          -12085.155  362005           4121
          -12085.155  153686           3570
          -12085.155  840365           2030
          -12085.155  978226           396
          -12085.155  290395           2666
          -12085.155  615729           733
          -12085.155  833627           2988
          -12085.155  375783           4457
          -12085.155  535808           1601
          -12085.155  4254             599
          -12085.155  316621           317
          -12085.155  730725           2215
          -12085.155  624485           4955
          -12085.155  970271           1892
          -12085.155  921335           579
          -12085.155  735663           2097
          -12085.155  475937           4682
          -12085.155  817751           2440
          -12085.155  801549           2194
          -12085.155  814617           2528
          -12085.155  759106           2864
          -12085.155  340541           1562
          -12085.155  757889           3721
          -12085.155  513575           4279
          -12085.155  973751           4658
          -12085.155  688066           4663
          -12085.155  248191           3208
          -12085.155  384624           4257
          -12085.155  962013           1245
          -12085.155  846486           3796
          -12085.155  798791           1330
          -12085.155  403377           3812
          -12085.155  997241           3134
          -12085.155  716596           4175
          -12085.155  518129           2435
          -12085.155  713166           4585
          -12085.155  996987           4149
          -12085.155  360631           717
          -12085.155  435341           837
          -12085.155  304989           3532
          -12085.155  896168           4195
          -12085.155  100587           2668
          -12085.155  710023           4161
          -12085.155  576258           2605
          -12085.155  672210           3591
          -12085.155  915784           3176
          -12085.155  83391            797
          -12085.155  7939             610
          -12085.155  200509           1718
          -12085.155  945761           3615
          -12085.155  803205           81
          -12085.155  55471            4643
          -12085.155  913625           2800
          -12085.155  18581            4263
          -12085.155  556577           1195
          -12085.155  358579           4931
          -12085.155  784386           1479
          -12085.155  762720           566
          -12085.155  96094            4619
          -12085.155  27879            3483
          -12085.155  932305           1291
          -12085.155  19163            1722
          -12085.155  422925           257
          -12085.155  162676           2563
          -12085.155  669911           428
          -12085.155  838004           4126
          -12085.155  335288           2155
          -12085.155  336151           1392
          -12085.155  935275           356
          -12085.155  983465           4735
          -12085.155  624419           2656
          -12085.155  493585           1383
          -12085.155  553021           2417
          -12085.155  235311           3226
          -12085.155  781193           3845
          -12085.155  352540           4114
          -12085.155  253711           1119
          -12085.155  794495           1665
          -12085.155  356477           3358
          -12085.155  151545           4094
          -12085.155  845113           2206
          -12085.155  536678           3034
          -12085.155  13025            1843
          -12085.155  819341           948
          -12085.155  288608           4227
          -12085.155  351255           4792
          -12085.155  336991           2718
          -12085.155  149596           1294
          -12085.155  405815           3096
          -12085.155  921381           3481
          -12085.155  14207            1259
          -12085.155  498257           1519
          -12085.155  344697           3179
          -12085.155  83437            123
          -12085.155  938753           4472
          -12085.155  205754           2727
          -12085.155  879085           2559
          -12085.155  107552           3164
          -12085.155  600117           401
          -12085.155  270743           4120
          -12085.155  712269           3233
          -12085.155  65316            234
          -12085.155  488505           1394
          -12085.155  897438           1571
          -12085.155  451093           2468
          -12085.155  351569           4776
          -12085.155  47596            1228
          -12085.155  351117           2845
          -12085.155  466905           2071
          -12085.155  594597           2808
          -12085.155  569624           1572
          -12085.155  350613           3923
          -12085.155  556623           2807
          -12085.155  683529           1232
          -12085.155  386189           2992
          -12085.155  292151           3989
          -12085.155  696653           2196
          -12085.155  921417           1649
          -12085.155  879632           4954
          -12085.155  656236           3061
          -12085.155  776704           4785
          -12085.155  191119           1638
          -12085.155  847255           4730
          -12085.155  982683           3085
          -12085.155  339515           4600
          -12085.155  436818           515
          -12085.155  651298           4322
          -12085.155  888444           415
          -12085.155  845495           1570
          -12085.155  603233           922
          -12085.155  366451           2679
          -12085.155  931135           2035
          -12085.155  915312           627
          -12085.155  832287           2823
          -12085.155  973071           1526
          -12085.155  762887           3037
          -12085.155  522171           468
          -12085.155  721429           4676
          -12085.155  980203           2051
          -12085.155  95155            2548
          -12085.155  749193           1402
          -12085.155  880135           755
          -12085.155  503870           1101
          -12085.155  948673           4837
          -12085.155  426625           2616
          -12085.155  566031           167
          -12085.155  755023           866
          -12085.155  44260            589
          -12085.155  216975           2753
          -12085.155  305693           4982
          -12085.155  942737           2191
          -12085.155  937147           1031
          -12085.155  184405           2934
          -12085.155  887337           2401
          -12085.155  538245           3972
          -12085.155  391773           501
          -12085.155  811859           2360
          -12085.155  265731           3247
          -12085.155  152523           1695
          -12085.155  108072           1334
          -12085.155  870290           2700
          -12085.155  613914           3562
          -12085.155  734179           552
          -12085.155  307461           963
          -12085.155  327043           4811
          -12085.155  714683           676
          -12085.155  552342           1670
          -12085.155  361875           3477
          -12085.155  678705           3931
          -12085.155  617907           481
          -12085.155  388925           3191
          -12085.155  262015           928
          -12085.155  390624           617
          -12085.155  529987           355
          -12085.155  245611           2410
          -12085.155  852100           4198
          -12085.155  62157            4441
          -12085.155  54829            2526
          -12085.155  465902           268
          -12085.155  203719           3281
          -12085.155  630163           2363
          -12085.155  260431           1416
          -12085.155  78827            1862
          -12085.155  790073           1762
          -12085.155  746417           1793
          -12085.155  346106           4354
          -12085.155  297969           3542
          -12085.155  635014           164
          -12085.155  139284           412
          -12085.155  312404           2760
          -12085.155  911223           194
          -12085.155  944569           114
          -12085.155  907495           2506
          -12085.155  968318           364
          -12085.155  438802           2652
          -12085.155  534593           1511
          -12085.155  164236           3125
          -12085.155  765847           2008
          -12085.155  994251           191
          -12085.155  590683           1079
          -12085.155  470052           4326
          -12085.155  904208           2626
          -12085.155  853487           1818
          -12085.155  67369            3738
          -12085.155  673707           682
          -12085.155  894149           1705
          -12085.155  560707           999
          -12085.155  237157           4277
          -12085.155  198200           2179
          -12085.155  337240           4817
          -12085.155  205906           2883
          -12085.155  984522           3731
          -12085.155  478483           4096
          -12085.155  146984           1325
          -12085.155  482223           3794
          -12085.155  73101            992
          -12085.155  990752           2586
          -12085.155  204764           3011
          -12085.155  71141            1782
          -12085.155  2227             3050
          -12085.155  153498           3990
          -12085.155  638750           2519
          -12085.155  92555            4548
          -12085.155  836598           2755
          -12085.155  857038           1492
          -12085.155  94510            2449
          -12085.155  60217            2577
          -12085.155  396576           1693
          -12085.155  240179           2943
          -12085.155  119196           1675
          -12085.155  498870           1181
          -12085.155  62830            2423
          -12085.155  553759           2584
          -12085.155  166947           1399
          -12085.155  65021            1914
          -12085.155  340211           96
          -12085.155  951955           417
          -12085.155  549637           2512
          -12085.155  215596           4716
          -12085.155  990789           3489
          -12085.155  897947           2132
          -12085.155  536821           3550
          -12085.155  955445           959
          -12085.155  150500           4530
          -12085.155  3023             4780
          -12085.155  510065           3010
          -12085.155  821949           832
          -12085.155  621105           3398
          -12085.155  334094           2347
          -12085.155  485743           3036
          -12085.155  290300           3121
          -12085.155  844834           574
          -12085.155  123591           1723
          -12085.155  153771           4299
          -12085.155  609735           4543
          -12085.155  709187           3604
          -12085.155  671561           594
          -12085.155  107529           130
          -12085.155  832619           1286
          -12085.155  527005           3994
          -12085.155  568688           64
          -12085.155  430251           345
          -12085.155  7677             2306
          -12085.155  604672           3582
          -12085.155  780912           483
          -12085.155  550857           808
          -12085.155  636399           3394
          -12085.155  53160            2455
          -12085.155  941894           2493
          -12085.155  400019           71
          -12085.155  824417           2873
          -12085.155  442448           2322
          -12085.155  221430           1154
          -12085.155  316745           3937
          -12085.155  319568           781
          -12085.155  881961           2730
          -12085.155  51093            1451
          -12085.155  629942           3853
          -12085.155  891319           181
          -12085.155  413274           1965
          -12085.155  537898           2068
          -12085.155  334932           4575
          -12085.155  953135           3260
          -12085.155  160243           3614
          -12085.155  284141           4782
          -12085.155  28925            3717
          -12085.155  965507           2922
          -12085.155  400771           2709
          -12085.155  887577           4993
          -12085.155  344137           663
          -12085.155  729350           1524
          -12085.155  43145            3857
          -12085.155  887279           4702
          -12085.155  847245           1535
          -12085.155  518783           2875
          -12085.155  99147            3733
          -12085.155  976371           4372
          -12085.155  347505           3633
          -12085.155  724645           50
          -12085.155  337659           273
          -12085.155  907780           4759
          -12085.155  283113           4843
          -12085.155  823445           1268
          -12085.155  617459           968
          -12085.155  479093           2065
          -12085.155  316652           4749
          -12085.155  361979           147
          -12085.155  178019           13
          -12085.155  430599           4675
          -12085.155  445638           2261
          -12085.155  696258           1499
          -12085.155  109972           3838
          -12085.155  40985            4726
          -12085.155  769192           1200
          -12085.155  92983            4829
          -12085.155  321563           3788
          -12085.155  167369           1453
          -12085.155  5598             23
          -12085.155  682386           1408
          -12085.155  905452           3315
          -12085.155  658715           888
          -12085.155  95491            3795
          -12085.155  380996           2312
          -12085.155  878884           4677
          -12085.155  746938           3743
          -12085.155  33623            4370
          -12085.155  580877           2355
          -12085.155  696042           1958
          -12085.155  152859           504
          -12085.155  202400           603
          -12085.155  463806           422
          -12085.155  290542           1284
          -12085.155  486658           1677
          -12085.155  359165           1789
          -12085.155  743084           3757
          -12085.155  961559           3345
          -12085.155  352009           3773
          -12085.155  161881           657
          -12085.155  398934           3090
          -12085.155  203262           870
          -12085.155  393944           1779
          -12085.155  739841           2100
          -12085.155  722268           2955
          -12085.155  894370           1687
          -12085.155  810397           2043
          -12085.155  627777           1094
          -12085.155  272664           1777
          -12085.155  163885           2141
          -12085.155  337713           2953
          -12085.155  584682           4855
          -12085.155  188930           731
          -12085.155  812903           4537
          -12085.155  578743           2715
          -12085.155  1931             1971
          -12085.155  119571           2773
          -12085.155  529371           2972
          -12085.155  753597           3470
          -12085.155  360749           2187
          -12085.155  998471           1342
          -12085.155  61249            3808
          -12085.155  48231            1131
          -12085.155  864474           556
          -12085.155  357725           986
          -12085.155  260169           4587
          -12085.155  614186           3864
          -12085.155  602270           460
          -12085.155  988696           2642
          -12085.155  472787           3132
          -12085.155  541245           3873
          -12085.155  100542           135
          -12085.155  275371           4312
          -12085.155  565433           4320
          -12085.155  610701           4418
          -12085.155  511628           2281
          -12085.155  518889           344
          -12085.155  105042           2917
          -12085.155  808151           1615
          -12085.155  457257           976
          -12085.155  576337           2398
          -12085.155  888975           3048
          -12085.155  949644           1960
          -12085.155  310204           4343
          -12085.155  26295            1529
          -12085.155  794073           3696
          -12085.155  517897           1407
          -12085.155  385724           258
          -12085.155  363236           1604
          -12085.155  848198           3369
          -12085.155  119260           1957
          -12085.155  40589            1995
          -12085.155  991081           1575
          -12085.155  308540           2284
          -12085.155  569027           4041
          -12085.155  410809           573
          -12085.155  333447           2300
          -12085.155  782217           3431
          -12085.155  205273           3705
          -12085.155  10007            2107
          -12085.155  519065           3425
          -12085.155  93               2188
          -12085.155  185199           4123
          -12085.155  40011            4403
          -12085.155  610349           4846
          -12085.155  421636           3152
          -12085.155  482693           4466
          -12085.155  500633           1620
          -12085.155  336091           844
          -12085.155  219023           1858
          -12085.155  633129           1734
          -12085.155  64641            353
          -12085.155  273096           2087
          -12085.155  188557           785
          -12085.155  896155           3421
          -12085.155  757938           4124
          -12085.155  727173           1405
          -12085.155  888461           3454
          -12085.155  897081           2240
          -12085.155  95212            146
          -12085.155  354348           1215
          -12085.155  144477           723
          -12085.155  534732           4061
          -12085.155  850511           3350
          -12085.155  674818           4222
          -12085.155  482668           2304
          -12085.155  269097           1303
          -12085.155  797902           239
          -12085.155  275617           1906
          -12085.155  157493           129
          -12085.155  810379           457
          -12085.155  923748           3583
          -12085.155  417977           678
          -12085.155  380973           4849
          -12085.155  913869           3197
          -12085.155  428773           4649
          -12085.155  26283            3147
          -12085.155  472726           3837
          -12085.155  673640           3392
          -12085.155  429377           4862
          -12085.155  634591           3316
          -12085.155  782157           3646
          -12085.155  937727           365
          -12085.155  687222           4642
          -12085.155  932663           1211
          -12085.155  912037           2056
          -12085.155  241062           2538
          -12085.155  794011           2720
          -12085.155  194491           1390
          -12085.155  40721            3412
          -12085.155  189703           3685
          -12085.155  606506           3194
          -12085.155  796227           338
          -12085.155  988714           1417
          -12085.155  870641           4086
          -12085.155  142283           222
          -12085.155  142283           4577
          -12085.155  431673           4625
          -12085.155  665831           726
          -12085.155  300089           227
          -12085.155  884139           2765
          -12085.155  314584           3005
          -12085.155  44999            3240
          -12085.155  562109           3301
          -12085.155  833431           725
          -12085.155  302959           3899
          -12085.155  827923           2020
          -12085.155  87301            534
          -12085.155  654713           4636
          -12085.155  927347           1190
          -12085.155  273043           746
          -12085.155  755859           1747
          -12085.155  264242           1952
          -12085.155  156419           865
          -12085.155  581143           475
          -12085.155  465181           2063
          -12085.155  885783           3596
          -12085.155  73103            4981
          -12085.155  987056           2601
          -12085.155  656247           3313
          -12085.155  737298           2658
          -12085.155  237089           513
          -12085.155  518683           4200
          -12085.155  412731           420
          -12085.155  485179           3442
          -12085.155  488291           3622
          -12085.155  56579            4329
          -12085.155  212051           2881
          -12085.155  141130           4652
          -12085.155  547798           744
          -12085.155  995202           3065
          -12085.155  532947           3545
          -12085.155  265587           2026
          -12085.155  69309            2226
          -12085.155  582855           3833
          -12085.155  209291           4077
          -12085.155  24405            2231
          -12085.155  35757            2835
          -12085.155  230604           4247
          -12085.155  486097           3424
          -12085.155  100539           3915
          -12085.155  471284           49
          -12085.155  259418           2148
          -12085.155  208200           4129
          -12085.155  546511           2698
          -12085.155  358095           3908
          -12085.155  284706           3970
          -12085.155  980335           4245
          -12085.155  959261           4524
          -12085.155  758865           2768
          -12085.155  279551           26
          -12085.155  112434           3818
          -12085.155  363932           2273
          -12085.155  108969           2517
          -12085.155  726358           3058
          -12085.155  323766           916
          -12085.155  930196           1177
          -12085.155  628033           1356
          -12085.155  928536           2458
          -12085.155  875799           437
          -12085.155  658527           4349
          -12085.155  241411           537
          -12085.155  752883           2145
          -12085.155  806611           1367
          -12085.155  656254           1760
          -12085.155  647887           1641
          -12085.155  300122           2301
          -12085.155  974323           2433
          -12085.155  637526           1310
          -12085.155  979192           727
          -12085.155  925997           882
          -12085.155  330838           3184
          -12085.155  759053           3245
          -12085.155  408570           185
          -12085.155  497143           1103
          -12085.155  585061           838
          -12085.155  948304           980
          -12085.155  121826           3018
          -12085.155  534889           3030
          -12085.155  210492           4579
          -12085.155  747383           1974
          -12085.155  698083           1804
          -12085.155  115977           2002
          -12085.155  109971           4932
          -12085.155  711393           642
          -12085.155  995581           1377
          -12085.155  790651           2
          -12085.155  949388           506
          -12085.155  559370           1918
          -12085.155  428079           528
          -12085.155  705117           1679
          -12085.155  96013            1697
          -12085.155  721732           4479
          -12085.155  234002           2244
          -12085.155  321449           792
          -12085.155  72735            3123
          -12085.155  914837           4592
          -12085.155  971212           3953
          -12085.155  825057           4595
          -12085.155  371657           2777
          -12085.155  934054           3446
          -12085.155  941947           1130
          -12085.155  484780           630
          -12085.155  660697           1366
          -12085.155  226233           39
          -12085.155  465738           3595
          -12085.155  377794           283
          -12085.155  643215           3453
          -12085.155  227090           4163
          -12085.155  74669            4666
          -12085.155  470439           4325
          -12085.155  300711           1769
          -12085.155  245420           1065
          -12085.155  351922           2326
          -12085.155  744741           223
          -12085.155  424610           2290
          -12085.155  489189           1715
          -12085.155  935161           881
          -12085.155  643797           3547
          -12085.155  764876           3557
          -12085.155  944491           2742
          -12085.155  76663            3876
          -12085.155  435763           2690
          -12085.155  9135             4051
          -12085.155  54457            2705
          -12085.155  153375           492
          -12085.155  26625            1056
          -12085.155  914339           2544
          -12085.155  110401           4731
          -12085.155  744959           2422
          -12085.155  268788           1845
          -12085.155  167859           3192
          -12085.155  339483           833
          -12085.155  695834           686
          -12085.155  624955           4261
          -12085.155  73003            4453
          -12085.155  465673           3841
          -12085.155  354577           1553
          -12085.155  593941           4533
          -12085.155  474887           2802
          -12085.155  926363           769
          -12085.155  186843           214
          -12085.155  195949           4268
          -12085.155  991247           4501
          -12085.155  523319           4980
          -12085.155  267530           1292
          -12085.155  112321           2828
          -12085.155  218257           3352
          -12085.155  850287           4774
          -12085.155  32138            3437
          -12085.155  332416           3073
          -12085.155  946749           1724
          -12085.155  201770           4055
          -12085.155  192160           1201
          -12085.155  516424           1113
          -12085.155  24835            2291
          -12085.155  829002           2653
          -12085.155  628063           2003
          -12085.155  370250           1030
          -12085.155  651335           2757
          -12085.155  241836           4703
          -12085.155  341790           1175
          -12085.155  471412           16
          -12085.155  117787           3078
          -12085.155  397343           1123
          -12085.155  887875           3285
          -12085.155  268187           1550
          -12085.155  767585           1933
          -12085.155  918358           1115
          -12085.155  815345           3672
          -12085.155  58065            4892
          -12085.155  132857           4928
          -12085.155  674537           732
          -12085.155  862219           784
          -12085.155  515635           1767
          -12085.155  417851           4250
          -12085.155  872365           3046
          -12085.155  407329           3353
          -12085.155  708019           4296
          -12085.155  149087           4092
          -12085.155  600833           1942
          -12085.155  717657           3002
          -12085.155  639017           1954
          -12085.155  566579           3526
          -12085.155  517533           1148
          -12085.155  615349           632
          -12085.155  841454           1625
          -12085.155  31714            4353
          -12085.155  50259            4563
          -12085.155  755801           4346
          -12085.155  558011           2256
          -12085.155  274840           1230
          -12085.155  659519           3161
          -12086.226  304371           259
          -12086.226  254663           4941
          -12086.572  446833           3514
          -12088.379  876320           655
          -12088.379  877561           4742
          -12088.379  479497           2739
          -12088.379  652109           3766
          -12088.379  53537            4157
          -12088.379  295335           3650
          -12088.379  657517           4454
          -12088.379  317257           2211
          -12088.379  170827           872
          -12088.379  231323           1110
          -12088.379  450393           1698
          -12088.379  985161           930
          -12088.379  390638           3063
          -12088.379  549227           764
          -12088.379  782967           3180
          -12088.379  759919           2277
          -12088.379  838924           1171
          -12088.379  894672           4691
          -12088.379  772743           753
          -12088.379  207761           1337
          -12088.379  289401           2184
          -12088.379  381817           243
          -12088.379  287960           3367
          -12088.379  961247           1489
          -12088.379  720451           3944
          -12088.379  42610            319
          -12088.379  749919           1943
          -12088.379  374632           4039
          -12088.379  273398           4561
          -12088.379  628885           4474
          -12088.379  689819           3525
          -12088.379  775136           3264
          -12088.379  740265           3981
          -12088.379  102615           2208
          -12088.379  821253           1576
          -12088.379  384317           4057
          -12088.379  485341           3884
          -12088.379  191409           281
          -12088.379  848491           768
          -12088.379  619072           3673
          -12088.379  359487           122
          -12089.341  85617            3343
          -12089.759  464269           4405
          -12089.759  776617           89
          -12089.759  384398           2859
          -12091.847  545172           285



THE BEST LOGLIKELIHOOD VALUE HAS BEEN REPLICATED.  RERUN WITH AT LEAST TWICE THE
RANDOM STARTS TO CHECK THAT THE BEST LOGLIKELIHOOD IS STILL OBTAINED AND REPLICATED.

     IN THE OPTIMIZATION, ONE OR MORE LOGIT THRESHOLDS APPROACHED AND WERE SET
     AT THE EXTREME VALUES.  EXTREME VALUES ARE -15.000 AND 15.000.
     THE FOLLOWING THRESHOLDS WERE SET AT THESE VALUES:
     * THRESHOLD 1 OF CLASS INDICATOR C4S16 FOR CLASS 2 AT ITERATION 29
     * THRESHOLD 1 OF CLASS INDICATOR C4S17 FOR CLASS 2 AT ITERATION 29
     * THRESHOLD 1 OF CLASS INDICATOR C4S18 FOR CLASS 2 AT ITERATION 29
     * THRESHOLD 1 OF CLASS INDICATOR C4S19 FOR CLASS 2 AT ITERATION 29
     * THRESHOLD 1 OF CLASS INDICATOR C4S20 FOR CLASS 2 AT ITERATION 29
     * THRESHOLD 1 OF CLASS INDICATOR C4S23 FOR CLASS 2 AT ITERATION 29
     * THRESHOLD 1 OF CLASS INDICATOR C4S26 FOR CLASS 2 AT ITERATION 29
     * THRESHOLD 1 OF CLASS INDICATOR C5S21 FOR CLASS 2 AT ITERATION 29
     * THRESHOLD 1 OF CLASS INDICATOR C5S22 FOR CLASS 2 AT ITERATION 29
     * THRESHOLD 1 OF CLASS INDICATOR C5S24 FOR CLASS 2 AT ITERATION 29
     * THRESHOLD 1 OF CLASS INDICATOR C5S27 FOR CLASS 2 AT ITERATION 29
     * THRESHOLD 1 OF CLASS INDICATOR C5S28 FOR CLASS 2 AT ITERATION 29
     * THRESHOLD 1 OF CLASS INDICATOR C4S17 FOR CLASS 3 AT ITERATION 29
     * THRESHOLD 1 OF CLASS INDICATOR C4S18 FOR CLASS 3 AT ITERATION 29
     * THRESHOLD 1 OF CLASS INDICATOR C4S20 FOR CLASS 3 AT ITERATION 29
     * THRESHOLD 1 OF CLASS INDICATOR C4S23 FOR CLASS 3 AT ITERATION 29
     * THRESHOLD 1 OF CLASS INDICATOR C4S25 FOR CLASS 3 AT ITERATION 29
     * THRESHOLD 1 OF CLASS INDICATOR C5S24 FOR CLASS 3 AT ITERATION 29
     * THRESHOLD 1 OF CLASS INDICATOR C5S27 FOR CLASS 3 AT ITERATION 29
     * THRESHOLD 1 OF CLASS INDICATOR C5S28 FOR CLASS 3 AT ITERATION 29
     * THRESHOLD 1 OF CLASS INDICATOR C5S29 FOR CLASS 3 AT ITERATION 29
     * THRESHOLD 1 OF CLASS INDICATOR C5S31 FOR CLASS 3 AT ITERATION 29





THE MODEL ESTIMATION TERMINATED NORMALLY

     THE CHI-SQUARE TEST CANNOT BE COMPUTED BECAUSE THE FREQUENCY TABLE FOR THE
     LATENT CLASS INDICATOR MODEL PART IS TOO LARGE.




MODEL FIT INFORMATION

Number of Free Parameters                       98

Loglikelihood

          H0 Value                      -12085.155
          H0 Scaling Correction Factor      1.0405
            for MLR

Information Criteria

          Akaike (AIC)                   24366.310
          Bayesian (BIC)                 24927.436
          Sample-Size Adjusted BIC       24616.073
            (n* = (n + 2) / 24)



FINAL CLASS COUNTS AND PROPORTIONS FOR THE LATENT CLASSES
BASED ON THE ESTIMATED MODEL

    Latent
   Classes

       1        292.51024          0.12909
       2        600.56018          0.26503
       3       1372.92958          0.60588


FINAL CLASS COUNTS AND PROPORTIONS FOR THE LATENT CLASSES
BASED ON ESTIMATED POSTERIOR PROBABILITIES

    Latent
   Classes

       1        292.51024          0.12909
       2        600.56018          0.26503
       3       1372.92958          0.60588


FINAL CLASS COUNTS AND PROPORTIONS FOR THE LATENT CLASSES
BASED ON THEIR MOST LIKELY LATENT CLASS MEMBERSHIP

Class Counts and Proportions

    Latent
   Classes

       1              296          0.13063
       2              584          0.25772
       3             1386          0.61165


CLASSIFICATION QUALITY

     Entropy                         0.945


Average Latent Class Probabilities for Most Likely Latent Class Membership (Row)
by Latent Class (Column)

           1        2        3

    1   0.968    0.023    0.009
    2   0.008    0.979    0.012
    3   0.001    0.016    0.983


Classification Probabilities for the Most Likely Latent Class Membership (Column)
by Latent Class (Row)

           1        2        3

    1   0.979    0.017    0.004
    2   0.011    0.952    0.037
    3   0.002    0.005    0.993


Logits for the Classification Probabilities for the Most Likely Latent Class Membership (Column)
by Latent Class (Row)

              1        2        3

    1      5.533    1.474    0.000
    2     -1.167    3.259    0.000
    3     -6.213   -5.231    0.000


MODEL RESULTS

                                                    Two-Tailed
                    Estimate       S.E.  Est./S.E.    P-Value

Latent Class 1

 Thresholds
    C1S1$1            -0.677      0.137     -4.923      0.000
    C1S2$1            -0.222      0.131     -1.689      0.091
    C1S3$1             0.009      0.133      0.068      0.946
    C1S4$1             0.320      0.132      2.429      0.015
    C1S5$1             1.115      0.143      7.802      0.000
    C1S6$1            -0.107      0.127     -0.841      0.401
    C1S32$1            1.357      0.154      8.829      0.000
    C2S7$1             0.397      0.124      3.197      0.001
    C2S8$1             0.848      0.136      6.214      0.000
    C2S9$1             1.321      0.152      8.677      0.000
    C3S10$1           -0.589      0.141     -4.176      0.000
    C3S11$1           -0.945      0.146     -6.466      0.000
    C3S12$1           -0.626      0.133     -4.692      0.000
    C3S13$1            0.673      0.131      5.131      0.000
    C3S14$1           -0.183      0.137     -1.330      0.183
    C3S15$1           -0.375      0.133     -2.823      0.005
    C4S16$1            2.061      0.199     10.358      0.000
    C4S17$1            1.932      0.194      9.969      0.000
    C4S18$1            1.902      0.195      9.765      0.000
    C4S19$1            2.169      0.212     10.218      0.000
    C4S20$1            2.207      0.214     10.308      0.000
    C4S23$1            2.612      0.243     10.733      0.000
    C4S25$1            1.871      0.190      9.871      0.000
    C4S26$1            2.132      0.210     10.144      0.000
    C5S21$1            1.932      0.191     10.096      0.000
    C5S22$1            1.963      0.197      9.950      0.000
    C5S24$1            1.902      0.192      9.925      0.000
    C5S27$1            1.996      0.196     10.169      0.000
    C5S28$1            1.872      0.190      9.862      0.000
    C5S29$1            2.032      0.203     10.034      0.000
    C5S30$1            1.451      0.170      8.516      0.000
    C5S31$1            1.671      0.178      9.378      0.000

Latent Class 2

 Thresholds
    C1S1$1            -2.119      0.151    -14.028      0.000
    C1S2$1            -0.430      0.093     -4.620      0.000
    C1S3$1            -0.092      0.092     -1.003      0.316
    C1S4$1             0.518      0.091      5.675      0.000
    C1S5$1             1.327      0.107     12.446      0.000
    C1S6$1            -0.645      0.096     -6.691      0.000
    C1S32$1            1.471      0.111     13.290      0.000
    C2S7$1             1.432      0.111     12.885      0.000
    C2S8$1             1.862      0.127     14.627      0.000
    C2S9$1             2.416      0.156     15.506      0.000
    C3S10$1            4.233      0.481      8.805      0.000
    C3S11$1            4.062      0.520      7.808      0.000
    C3S12$1            3.470      0.421      8.237      0.000
    C3S13$1            4.925      0.804      6.127      0.000
    C3S14$1            5.328      0.942      5.655      0.000
    C3S15$1            4.556      0.707      6.442      0.000
    C4S16$1           15.000      0.000    999.000    999.000
    C4S17$1           15.000      0.000    999.000    999.000
    C4S18$1           15.000      0.000    999.000    999.000
    C4S19$1           15.000      0.000    999.000    999.000
    C4S20$1           15.000      0.000    999.000    999.000
    C4S23$1           15.000      0.000    999.000    999.000
    C4S25$1            6.436      1.174      5.481      0.000
    C4S26$1           15.000      0.000    999.000    999.000
    C5S21$1           15.000      0.000    999.000    999.000
    C5S22$1           15.000      0.000    999.000    999.000
    C5S24$1           15.000      0.000    999.000    999.000
    C5S27$1           15.000      0.000    999.000    999.000
    C5S28$1           15.000      0.000    999.000    999.000
    C5S29$1            6.297      1.014      6.209      0.000
    C5S30$1            4.690      0.524      8.942      0.000
    C5S31$1            5.086      0.638      7.977      0.000

Latent Class 3

 Thresholds
    C1S1$1             2.824      0.142     19.903      0.000
    C1S2$1             4.461      0.303     14.717      0.000
    C1S3$1             5.385      0.512     10.527      0.000
    C1S4$1             5.659      0.597      9.481      0.000
    C1S5$1             7.400      1.443      5.128      0.000
    C1S6$1             4.440      0.324     13.698      0.000
    C1S32$1            6.556      0.823      7.966      0.000
    C2S7$1             2.109      0.090     23.551      0.000
    C2S8$1             2.737      0.117     23.428      0.000
    C2S9$1             3.381      0.156     21.731      0.000
    C3S10$1            4.555      0.320     14.219      0.000
    C3S11$1            4.802      0.386     12.436      0.000
    C3S12$1            4.884      0.372     13.143      0.000
    C3S13$1            5.871      0.620      9.468      0.000
    C3S14$1            5.075      0.434     11.687      0.000
    C3S15$1            4.618      0.310     14.917      0.000
    C4S16$1            6.134      0.589     10.417      0.000
    C4S17$1           15.000      0.000    999.000    999.000
    C4S18$1           15.000      0.000    999.000    999.000
    C4S19$1            6.127      0.581     10.548      0.000
    C4S20$1           15.000      0.000    999.000    999.000
    C4S23$1           15.000      0.000    999.000    999.000
    C4S25$1           15.000      0.000    999.000    999.000
    C4S26$1            6.540      0.720      9.087      0.000
    C5S21$1            6.533      0.711      9.189      0.000
    C5S22$1            6.533      0.711      9.188      0.000
    C5S24$1           15.000      0.000    999.000    999.000
    C5S27$1           15.000      0.000    999.000    999.000
    C5S28$1           15.000      0.000    999.000    999.000
    C5S29$1           15.000      0.000    999.000    999.000
    C5S30$1            7.237      1.014      7.140      0.000
    C5S31$1           15.000      0.000    999.000    999.000

Categorical Latent Variables

 Means
    C#1               -1.546      0.075    -20.580      0.000
    C#2               -0.827      0.055    -15.045      0.000


RESULTS IN PROBABILITY SCALE

Latent Class 1

 C1S1
    Category 1         0.337      0.031     10.974      0.000
    Category 2         0.663      0.031     21.588      0.000
 C1S2
    Category 1         0.445      0.032     13.731      0.000
    Category 2         0.555      0.032     17.137      0.000
 C1S3
    Category 1         0.502      0.033     15.156      0.000
    Category 2         0.498      0.033     15.020      0.000
 C1S4
    Category 1         0.579      0.032     18.027      0.000
    Category 2         0.421      0.032     13.086      0.000
 C1S5
    Category 1         0.753      0.027     28.335      0.000
    Category 2         0.247      0.027      9.292      0.000
 C1S6
    Category 1         0.473      0.032     14.987      0.000
    Category 2         0.527      0.032     16.672      0.000
 C1S32
    Category 1         0.795      0.025     31.780      0.000
    Category 2         0.205      0.025      8.185      0.000
 C2S7
    Category 1         0.598      0.030     20.033      0.000
    Category 2         0.402      0.030     13.470      0.000
 C2S8
    Category 1         0.700      0.029     24.437      0.000
    Category 2         0.300      0.029     10.465      0.000
 C2S9
    Category 1         0.789      0.025     31.182      0.000
    Category 2         0.211      0.025      8.321      0.000
 C3S10
    Category 1         0.357      0.032     11.023      0.000
    Category 2         0.643      0.032     19.868      0.000
 C3S11
    Category 1         0.280      0.029      9.498      0.000
    Category 2         0.720      0.029     24.445      0.000
 C3S12
    Category 1         0.349      0.030     11.513      0.000
    Category 2         0.651      0.030     21.522      0.000
 C3S13
    Category 1         0.662      0.029     22.566      0.000
    Category 2         0.338      0.029     11.511      0.000
 C3S14
    Category 1         0.454      0.034     13.360      0.000
    Category 2         0.546      0.034     16.036      0.000
 C3S15
    Category 1         0.407      0.032     12.717      0.000
    Category 2         0.593      0.032     18.497      0.000
 C4S16
    Category 1         0.887      0.020     44.500      0.000
    Category 2         0.113      0.020      5.665      0.000
 C4S17
    Category 1         0.874      0.021     40.785      0.000
    Category 2         0.126      0.021      5.906      0.000
 C4S18
    Category 1         0.870      0.022     39.525      0.000
    Category 2         0.130      0.022      5.901      0.000
 C4S19
    Category 1         0.897      0.020     45.923      0.000
    Category 2         0.103      0.020      5.250      0.000
 C4S20
    Category 1         0.901      0.019     47.113      0.000
    Category 2         0.099      0.019      5.185      0.000
 C4S23
    Category 1         0.932      0.016     60.099      0.000
    Category 2         0.068      0.016      4.411      0.000
 C4S25
    Category 1         0.867      0.022     39.538      0.000
    Category 2         0.133      0.022      6.090      0.000
 C4S26
    Category 1         0.894      0.020     44.870      0.000
    Category 2         0.106      0.020      5.323      0.000
 C5S21
    Category 1         0.873      0.021     41.302      0.000
    Category 2         0.127      0.021      5.982      0.000
 C5S22
    Category 1         0.877      0.021     41.168      0.000
    Category 2         0.123      0.021      5.779      0.000
 C5S24
    Category 1         0.870      0.022     40.175      0.000
    Category 2         0.130      0.022      5.998      0.000
 C5S27
    Category 1         0.880      0.021     42.584      0.000
    Category 2         0.120      0.021      5.788      0.000
 C5S28
    Category 1         0.867      0.022     39.515      0.000
    Category 2         0.133      0.022      6.079      0.000
 C5S29
    Category 1         0.884      0.021     42.614      0.000
    Category 2         0.116      0.021      5.585      0.000
 C5S30
    Category 1         0.810      0.026     30.913      0.000
    Category 2         0.190      0.026      7.246      0.000
 C5S31
    Category 1         0.842      0.024     35.453      0.000
    Category 2         0.158      0.024      6.669      0.000

Latent Class 2

 C1S1
    Category 1         0.107      0.014      7.418      0.000
    Category 2         0.893      0.014     61.705      0.000
 C1S2
    Category 1         0.394      0.022     17.711      0.000
    Category 2         0.606      0.022     27.240      0.000
 C1S3
    Category 1         0.477      0.023     20.758      0.000
    Category 2         0.523      0.023     22.765      0.000
 C1S4
    Category 1         0.627      0.021     29.349      0.000
    Category 2         0.373      0.021     17.484      0.000
 C1S5
    Category 1         0.790      0.018     44.735      0.000
    Category 2         0.210      0.018     11.869      0.000
 C1S6
    Category 1         0.344      0.022     15.802      0.000
    Category 2         0.656      0.022     30.133      0.000
 C1S32
    Category 1         0.813      0.017     48.369      0.000
    Category 2         0.187      0.017     11.106      0.000
 C2S7
    Category 1         0.807      0.017     46.673      0.000
    Category 2         0.193      0.017     11.148      0.000
 C2S8
    Category 1         0.866      0.015     58.419      0.000
    Category 2         0.134      0.015      9.076      0.000
 C2S9
    Category 1         0.918      0.012     78.321      0.000
    Category 2         0.082      0.012      6.990      0.000
 C3S10
    Category 1         0.986      0.007    145.481      0.000
    Category 2         0.014      0.007      2.110      0.035
 C3S11
    Category 1         0.983      0.009    113.606      0.000
    Category 2         0.017      0.009      1.955      0.051
 C3S12
    Category 1         0.970      0.012     78.653      0.000
    Category 2         0.030      0.012      2.448      0.014
 C3S13
    Category 1         0.993      0.006    172.568      0.000
    Category 2         0.007      0.006      1.253      0.210
 C3S14
    Category 1         0.995      0.005    219.731      0.000
    Category 2         0.005      0.005      1.066      0.286
 C3S15
    Category 1         0.990      0.007    136.023      0.000
    Category 2         0.010      0.007      1.429      0.153
 C4S16
    Category 1         1.000      0.000      0.000      1.000
    Category 2         0.000      0.000      0.000      1.000
 C4S17
    Category 1         1.000      0.000      0.000      1.000
    Category 2         0.000      0.000      0.000      1.000
 C4S18
    Category 1         1.000      0.000      0.000      1.000
    Category 2         0.000      0.000      0.000      1.000
 C4S19
    Category 1         1.000      0.000      0.000      1.000
    Category 2         0.000      0.000      0.000      1.000
 C4S20
    Category 1         1.000      0.000      0.000      1.000
    Category 2         0.000      0.000      0.000      1.000
 C4S23
    Category 1         1.000      0.000      0.000      1.000
    Category 2         0.000      0.000      0.000      1.000
 C4S25
    Category 1         0.998      0.002    532.249      0.000
    Category 2         0.002      0.002      0.853      0.394
 C4S26
    Category 1         1.000      0.000      0.000      1.000
    Category 2         0.000      0.000      0.000      1.000
 C5S21
    Category 1         1.000      0.000      0.000      1.000
    Category 2         0.000      0.000      0.000      1.000
 C5S22
    Category 1         1.000      0.000      0.000      1.000
    Category 2         0.000      0.000      0.000      1.000
 C5S24
    Category 1         1.000      0.000      0.000      1.000
    Category 2         0.000      0.000      0.000      1.000
 C5S27
    Category 1         1.000      0.000      0.000      1.000
    Category 2         0.000      0.000      0.000      1.000
 C5S28
    Category 1         1.000      0.000      0.000      1.000
    Category 2         0.000      0.000      0.000      1.000
 C5S29
    Category 1         0.998      0.002    536.445      0.000
    Category 2         0.002      0.002      0.988      0.323
 C5S30
    Category 1         0.991      0.005    209.408      0.000
    Category 2         0.009      0.005      1.924      0.054
 C5S31
    Category 1         0.994      0.004    255.267      0.000
    Category 2         0.006      0.004      1.578      0.115

Latent Class 3

 C1S1
    Category 1         0.944      0.008    125.744      0.000
    Category 2         0.056      0.008      7.467      0.000
 C1S2
    Category 1         0.989      0.003    288.903      0.000
    Category 2         0.011      0.003      3.337      0.001
 C1S3
    Category 1         0.995      0.002    428.158      0.000
    Category 2         0.005      0.002      1.964      0.050
 C1S4
    Category 1         0.997      0.002    482.477      0.000
    Category 2         0.003      0.002      1.681      0.093
 C1S5
    Category 1         0.999      0.001   1133.987      0.000
    Category 2         0.001      0.001      0.693      0.488
 C1S6
    Category 1         0.988      0.004    264.700      0.000
    Category 2         0.012      0.004      3.121      0.002
 C1S32
    Category 1         0.999      0.001    855.638      0.000
    Category 2         0.001      0.001      1.217      0.224
 C2S7
    Category 1         0.892      0.009    103.176      0.000
    Category 2         0.108      0.009     12.523      0.000
 C2S8
    Category 1         0.939      0.007    140.699      0.000
    Category 2         0.061      0.007      9.115      0.000
 C2S9
    Category 1         0.967      0.005    195.351      0.000
    Category 2         0.033      0.005      6.647      0.000
 C3S10
    Category 1         0.990      0.003    300.037      0.000
    Category 2         0.010      0.003      3.154      0.002
 C3S11
    Category 1         0.992      0.003    317.957      0.000
    Category 2         0.008      0.003      2.611      0.009
 C3S12
    Category 1         0.992      0.003    358.361      0.000
    Category 2         0.008      0.003      2.711      0.007
 C3S13
    Category 1         0.997      0.002    573.438      0.000
    Category 2         0.003      0.002      1.617      0.106
 C3S14
    Category 1         0.994      0.003    370.592      0.000
    Category 2         0.006      0.003      2.317      0.020
 C3S15
    Category 1         0.990      0.003    330.447      0.000
    Category 2         0.010      0.003      3.262      0.001
 C4S16
    Category 1         0.998      0.001    785.113      0.000
    Category 2         0.002      0.001      1.702      0.089
 C4S17
    Category 1         1.000      0.000      0.000      1.000
    Category 2         0.000      0.000      0.000      1.000
 C4S18
    Category 1         1.000      0.000      0.000      1.000
    Category 2         0.000      0.000      0.000      1.000
 C4S19
    Category 1         0.998      0.001    790.527      0.000
    Category 2         0.002      0.001      1.725      0.085
 C4S20
    Category 1         1.000      0.000      0.000      1.000
    Category 2         0.000      0.000      0.000      1.000
 C4S23
    Category 1         1.000      0.000      0.000      1.000
    Category 2         0.000      0.000      0.000      1.000
 C4S25
    Category 1         1.000      0.000      0.000      1.000
    Category 2         0.000      0.000      0.000      1.000
 C4S26
    Category 1         0.999      0.001    963.383      0.000
    Category 2         0.001      0.001      1.391      0.164
 C5S21
    Category 1         0.999      0.001    968.427      0.000
    Category 2         0.001      0.001      1.408      0.159
 C5S22
    Category 1         0.999      0.001    968.481      0.000
    Category 2         0.001      0.001      1.408      0.159
 C5S24
    Category 1         1.000      0.000      0.000      1.000
    Category 2         0.000      0.000      0.000      1.000
 C5S27
    Category 1         1.000      0.000      0.000      1.000
    Category 2         0.000      0.000      0.000      1.000
 C5S28
    Category 1         1.000      0.000      0.000      1.000
    Category 2         0.000      0.000      0.000      1.000
 C5S29
    Category 1         1.000      0.000      0.000      1.000
    Category 2         0.000      0.000      0.000      1.000
 C5S30
    Category 1         0.999      0.001   1372.213      0.000
    Category 2         0.001      0.001      0.987      0.323
 C5S31
    Category 1         1.000      0.000      0.000      1.000
    Category 2         0.000      0.000      0.000      1.000


LATENT CLASS ODDS RATIO RESULTS

                                         (Est. - 1) Two-Tailed
                    Estimate       S.E.     / S.E.    P-Value

Latent Class 1 Compared to Latent Class 2

 C1S1
    Category > 1       0.236      0.049    -15.624      0.000
 C1S2
    Category > 1       0.811      0.133     -1.416      0.157
 C1S3
    Category > 1       0.904      0.150     -0.641      0.522
 C1S4
    Category > 1       1.218      0.200      1.092      0.275
 C1S5
    Category > 1       1.236      0.224      1.053      0.292
 C1S6
    Category > 1       0.583      0.096     -4.360      0.000
 C1S32
    Category > 1       1.122      0.216      0.563      0.573
 C2S7
    Category > 1       2.815      0.472      3.846      0.000
 C2S8
    Category > 1       2.757      0.523      3.360      0.001
 C2S9
    Category > 1       2.990      0.658      3.023      0.003
 C3S10
    Category > 1     124.253     58.302      2.114      0.035
 C3S11
    Category > 1     149.530     75.966      1.955      0.051
 C3S12
    Category > 1      60.071     25.677      2.301      0.021
 C3S13
    Category > 1      70.254     56.603      1.224      0.221
 C3S14
    Category > 1     247.309    228.715      1.077      0.282
 C3S15
    Category > 1     138.479     95.125      1.445      0.148
 C4S16
    Category > 1   *********      0.000    999.000    999.000
 C4S17
    Category > 1   *********      0.000    999.000    999.000
 C4S18
    Category > 1   *********      0.000    999.000    999.000
 C4S19
    Category > 1   *********      0.000    999.000    999.000
 C4S20
    Category > 1   *********      0.000    999.000    999.000
 C4S23
    Category > 1   *********      0.000    999.000    999.000
 C4S25
    Category > 1      96.098    113.719      0.836      0.403
 C4S26
    Category > 1   *********      0.000    999.000    999.000
 C5S21
    Category > 1   *********      0.000    999.000    999.000
 C5S22
    Category > 1   *********      0.000    999.000    999.000
 C5S24
    Category > 1   *********      0.000    999.000    999.000
 C5S27
    Category > 1   *********      0.000    999.000    999.000
 C5S28
    Category > 1   *********      0.000    999.000    999.000
 C5S29
    Category > 1      71.184     73.982      0.949      0.343
 C5S30
    Category > 1      25.510     14.398      1.702      0.089
 C5S31
    Category > 1      30.426     20.596      1.429      0.153

Latent Class 1 Compared to Latent Class 3

 C1S1
    Category > 1      33.127      6.603      4.865      0.000
 C1S2
    Category > 1     108.042     35.868      2.984      0.003
 C1S3
    Category > 1     216.061    113.971      1.887      0.059
 C1S4
    Category > 1     208.334    127.424      1.627      0.104
 C1S5
    Category > 1     536.241    776.335      0.689      0.491
 C1S6
    Category > 1      94.340     32.587      2.864      0.004
 C1S32
    Category > 1     181.091    151.654      1.188      0.235
 C2S7
    Category > 1       5.540      0.849      5.345      0.000
 C2S8
    Category > 1       6.610      1.189      4.720      0.000
 C2S9
    Category > 1       7.843      1.710      4.001      0.000
 C3S10
    Category > 1     171.435     58.365      2.920      0.003
 C3S11
    Category > 1     313.406    125.382      2.492      0.013
 C3S12
    Category > 1     247.080     94.808      2.596      0.009
 C3S13
    Category > 1     180.865    113.762      1.581      0.114
 C3S14
    Category > 1     191.939     85.428      2.235      0.025
 C3S15
    Category > 1     147.346     48.421      3.022      0.003
 C4S16
    Category > 1      58.721     36.556      1.579      0.114
 C4S17
    Category > 1   *********      0.000    999.000    999.000
 C4S18
    Category > 1   *********      0.000    999.000    999.000
 C4S19
    Category > 1      52.389     32.423      1.585      0.113
 C4S20
    Category > 1   *********      0.000    999.000    999.000
 C4S23
    Category > 1   *********      0.000    999.000    999.000
 C4S25
    Category > 1   *********      0.000    999.000    999.000
 C4S26
    Category > 1      82.132     61.621      1.317      0.188
 C5S21
    Category > 1      99.584     73.363      1.344      0.179
 C5S22
    Category > 1      96.533     71.271      1.340      0.180
 C5S24
    Category > 1   *********      0.000    999.000    999.000
 C5S27
    Category > 1   *********      0.000    999.000    999.000
 C5S28
    Category > 1   *********      0.000    999.000    999.000
 C5S29
    Category > 1   *********      0.000    999.000    999.000
 C5S30
    Category > 1     325.769    334.840      0.970      0.332
 C5S31
    Category > 1   *********      0.000    999.000    999.000

Latent Class 2 Compared to Latent Class 3

 C1S1
    Category > 1     140.086     28.010      4.966      0.000
 C1S2
    Category > 1     133.146     41.596      3.177      0.001
 C1S3
    Category > 1     239.097    123.184      1.933      0.053
 C1S4
    Category > 1     170.976    102.999      1.650      0.099
 C1S5
    Category > 1     433.874    627.902      0.689      0.491
 C1S6
    Category > 1     161.724     54.019      2.975      0.003
 C1S32
    Category > 1     161.451    134.172      1.196      0.232
 C2S7
    Category > 1       1.968      0.286      3.379      0.001
 C2S8
    Category > 1       2.398      0.425      3.292      0.001
 C2S9
    Category > 1       2.623      0.590      2.750      0.006
 C3S10
    Category > 1       1.380      0.776      0.490      0.624
 C3S11
    Category > 1       2.096      1.289      0.850      0.395
 C3S12
    Category > 1       4.113      2.331      1.336      0.182
 C3S13
    Category > 1       2.574      2.592      0.607      0.544
 C3S14
    Category > 1       0.776      0.828     -0.270      0.787
 C3S15
    Category > 1       1.064      0.811      0.079      0.937
 C4S16
    Category > 1       0.000      0.000    999.000    999.000
 C4S17
    Category > 1       1.000      0.000    999.000    999.000
 C4S18
    Category > 1       1.000      0.000    999.000    999.000
 C4S19
    Category > 1       0.000      0.000    999.000    999.000
 C4S20
    Category > 1       1.000      0.000    999.000    999.000
 C4S23
    Category > 1       1.000      0.000    999.000    999.000
 C4S25
    Category > 1    5239.279      0.000    999.000    999.000
 C4S26
    Category > 1       0.000      0.000    999.000    999.000
 C5S21
    Category > 1       0.000      0.000    999.000    999.000
 C5S22
    Category > 1       0.000      0.000    999.000    999.000
 C5S24
    Category > 1       1.000      0.000    999.000    999.000
 C5S27
    Category > 1       1.000      0.000    999.000    999.000
 C5S28
    Category > 1       1.000      0.000    999.000    999.000
 C5S29
    Category > 1    6019.117      0.000    999.000    999.000
 C5S30
    Category > 1      12.770     14.617      0.805      0.421
 C5S31
    Category > 1   20209.422      0.000    999.000    999.000


QUALITY OF NUMERICAL RESULTS

     Condition Number for the Information Matrix              0.655E-03
       (ratio of smallest to largest eigenvalue)


TECHNICAL 11 OUTPUT

     Random Starts Specifications for the k-1 Class Analysis Model
        Number of initial stage random starts                5000
        Number of final stage optimizations                  1000



     VUONG-LO-MENDELL-RUBIN LIKELIHOOD RATIO TEST FOR 2 (H0) VERSUS 3 CLASSES

          H0 Loglikelihood Value                       -13341.675
          2 Times the Loglikelihood Difference           2513.039
          Difference in the Number of Parameters               33
          Mean                                            -42.458
          Standard Deviation                              167.227
          P-Value                                          0.0000

     LO-MENDELL-RUBIN ADJUSTED LRT TEST

          Value                                          2503.221
          P-Value                                          0.0000


TECHNICAL 14 OUTPUT

     Random Starts Specifications for the k-1 Class Analysis Model
        Number of initial stage random starts                5000
        Number of final stage optimizations                  1000

     Random Starts Specification for the k-1 Class Model for Generated Data
        Number of initial stage random starts                   0
        Number of final stage optimizations for the
           initial stage random starts                          0
     Random Starts Specification for the k Class Model for Generated Data
        Number of initial stage random starts                1000
        Number of final stage optimizations                   250
     Number of bootstrap draws requested                   Varies


     PARAMETRIC BOOTSTRAPPED LIKELIHOOD RATIO TEST FOR 2 (H0) VERSUS 3 CLASSES

          H0 Loglikelihood Value                       -13341.675
          2 Times the Loglikelihood Difference           2513.039
          Difference in the Number of Parameters               33
          Approximate P-Value                              0.0000
          Successful Bootstrap Draws                            5


PLOT INFORMATION

The following plots are available:

  Histograms (sample values)
  Scatterplots (sample values)
  Sample proportions and estimated probabilities

SAVEDATA INFORMATION


  Save file
    LCA_3_out.dat

  Order and format of variables

    C1S1           F10.3
    C1S2           F10.3
    C1S3           F10.3
    C1S4           F10.3
    C1S5           F10.3
    C1S6           F10.3
    C1S32          F10.3
    C2S7           F10.3
    C2S8           F10.3
    C2S9           F10.3
    C3S10          F10.3
    C3S11          F10.3
    C3S12          F10.3
    C3S13          F10.3
    C3S14          F10.3
    C3S15          F10.3
    C4S16          F10.3
    C4S17          F10.3
    C4S18          F10.3
    C4S19          F10.3
    C4S20          F10.3
    C4S23          F10.3
    C4S25          F10.3
    C4S26          F10.3
    C5S21          F10.3
    C5S22          F10.3
    C5S24          F10.3
    C5S27          F10.3
    C5S28          F10.3
    C5S29          F10.3
    C5S30          F10.3
    C5S31          F10.3
    CODE           F10.3
    CPROB1         F10.3
    CPROB2         F10.3
    CPROB3         F10.3
    C              F10.3

  Save file format
    37F10.3

  Save file record length    10000


     Beginning Time:  00:38:18
        Ending Time:  00:39:40
       Elapsed Time:  00:01:22



MUTHEN & MUTHEN
3463 Stoner Ave.
Los Angeles, CA  90066

Tel: (310) 391-9971
Fax: (310) 391-8971
Web: www.StatModel.com
Support: Support@StatModel.com

Copyright (c) 1998-2019 Muthen & Muthen
