Mplus VERSION 8.3 (Mac)
MUTHEN & MUTHEN
06/09/2025  12:37 AM

INPUT INSTRUCTIONS

  TITLE:
  LCA - 2 Class;
  DATA:
  FILE = "/Users/roberthuang/Desktop/Blued/LCA_2.dat";

  VARIABLE:
  NAMES = Code C1S1 C1S2 C1S3 C1S4 C1S5 C1S6 C1S32 C2S7 C2S8 C2S9 C3S10 C3S11 C3S12
       C3S13 C3S14 C3S15 C4S16 C4S17 C4S18 C4S19 C4S20 C4S23 C4S25 C4S26 C5S21 C5S22
       C5S24 C5S27 C5S28 C5S29 C5S30 C5S31;
   MISSING=.;
   categorical = C1S1 - C5S31;
       usevar = C1S1 - C5S31;
       classes = c(2);
       auxiliary = Code;
  ANALYSIS:
  estimator = mlr;
       type = mixture;
       starts = 5000 1000;
       lrtstarts = 0 0 1000 250;
       stseed = 641;
       processors = 8;
  OUTPUT:
  tech11 tech14;
  SAVEDATA:
  file = LCA_2_out.dat;
       save = cprob;
       missflag = .;
  PLOT:
  type = plot3;
       series = C1S1 - C5S31 (*);



INPUT READING TERMINATED NORMALLY




LCA - 2 Class;

SUMMARY OF ANALYSIS

Number of groups                                                 1
Number of observations                                        2266

Number of dependent variables                                   32
Number of independent variables                                  0
Number of continuous latent variables                            0
Number of categorical latent variables                           1

Observed dependent variables

  Binary and ordered categorical (ordinal)
   C1S1        C1S2        C1S3        C1S4        C1S5        C1S6
   C1S32       C2S7        C2S8        C2S9        C3S10       C3S11
   C3S12       C3S13       C3S14       C3S15       C4S16       C4S17
   C4S18       C4S19       C4S20       C4S23       C4S25       C4S26
   C5S21       C5S22       C5S24       C5S27       C5S28       C5S29
   C5S30       C5S31

Observed auxiliary variables
   CODE

Categorical latent variables
   C


Estimator                                                      MLR
Information matrix                                        OBSERVED
Optimization Specifications for the Quasi-Newton Algorithm for
Continuous Outcomes
  Maximum number of iterations                                 100
  Convergence criterion                                  0.100D-05
Optimization Specifications for the EM Algorithm
  Maximum number of iterations                                 500
  Convergence criteria
    Loglikelihood change                                 0.100D-06
    Relative loglikelihood change                        0.100D-06
    Derivative                                           0.100D-05
Optimization Specifications for the M step of the EM Algorithm for
Categorical Latent variables
  Number of M step iterations                                    1
  M step convergence criterion                           0.100D-05
  Basis for M step termination                           ITERATION
Optimization Specifications for the M step of the EM Algorithm for
Censored, Binary or Ordered Categorical (Ordinal), Unordered
Categorical (Nominal) and Count Outcomes
  Number of M step iterations                                    1
  M step convergence criterion                           0.100D-05
  Basis for M step termination                           ITERATION
  Maximum value for logit thresholds                            15
  Minimum value for logit thresholds                           -15
  Minimum expected cell size for chi-square              0.100D-01
Maximum number of iterations for H1                           2000
Convergence criterion for H1                             0.100D-03
Optimization algorithm                                         EMA
Random Starts Specifications
  Number of initial stage random starts                       5000
  Number of final stage optimizations                         1000
  Number of initial stage iterations                            10
  Initial stage convergence criterion                    0.100D+01
  Random starts scale                                    0.500D+01
  Random seed for generating random starts                     641
Link                                                         LOGIT

Input data file(s)
  /Users/roberthuang/Desktop/Blued/LCA_2.dat
Input data format  FREE


SUMMARY OF DATA

     Number of missing data patterns             1
     Number of y missing data patterns           0
     Number of u missing data patterns           1


COVARIANCE COVERAGE OF DATA

Minimum covariance coverage value   0.100


UNIVARIATE PROPORTIONS AND COUNTS FOR CATEGORICAL VARIABLES

    C1S1
      Category 1    0.644         1459.000
      Category 2    0.356          807.000
    C1S2
      Category 1    0.761         1724.000
      Category 2    0.239          542.000
    C1S3
      Category 1    0.794         1800.000
      Category 2    0.206          466.000
    C1S4
      Category 1    0.845         1914.000
      Category 2    0.155          352.000
    C1S5
      Category 1    0.912         2067.000
      Category 2    0.088          199.000
    C1S6
      Category 1    0.751         1702.000
      Category 2    0.249          564.000
    C1S32
      Category 1    0.923         2092.000
      Category 2    0.077          174.000
    C2S7
      Category 1    0.831         1884.000
      Category 2    0.169          382.000
    C2S8
      Category 1    0.889         2014.000
      Category 2    0.111          252.000
    C2S9
      Category 1    0.931         2110.000
      Category 2    0.069          156.000
    C3S10
      Category 1    0.907         2055.000
      Category 2    0.093          211.000
    C3S11
      Category 1    0.898         2034.000
      Category 2    0.102          232.000
    C3S12
      Category 1    0.903         2047.000
      Category 2    0.097          219.000
    C3S13
      Category 1    0.953         2159.000
      Category 2    0.047          107.000
    C3S14
      Category 1    0.925         2095.000
      Category 2    0.075          171.000
    C3S15
      Category 1    0.915         2073.000
      Category 2    0.085          193.000
    C4S16
      Category 1    0.984         2230.000
      Category 2    0.016           36.000
    C4S17
      Category 1    0.984         2229.000
      Category 2    0.016           37.000
    C4S18
      Category 1    0.983         2228.000
      Category 2    0.017           38.000
    C4S19
      Category 1    0.985         2233.000
      Category 2    0.015           33.000
    C4S20
      Category 1    0.987         2237.000
      Category 2    0.013           29.000
    C4S23
      Category 1    0.991         2246.000
      Category 2    0.009           20.000
    C4S25
      Category 1    0.982         2226.000
      Category 2    0.018           40.000
    C4S26
      Category 1    0.985         2233.000
      Category 2    0.015           33.000
    C5S21
      Category 1    0.983         2227.000
      Category 2    0.017           39.000
    C5S22
      Category 1    0.983         2228.000
      Category 2    0.017           38.000
    C5S24
      Category 1    0.983         2228.000
      Category 2    0.017           38.000
    C5S27
      Category 1    0.985         2231.000
      Category 2    0.015           35.000
    C5S28
      Category 1    0.983         2227.000
      Category 2    0.017           39.000
    C5S29
      Category 1    0.985         2231.000
      Category 2    0.015           35.000
    C5S30
      Category 1    0.973         2204.000
      Category 2    0.027           62.000
    C5S31
      Category 1    0.978         2216.000
      Category 2    0.022           50.000


RANDOM STARTS RESULTS RANKED FROM THE BEST TO THE WORST LOGLIKELIHOOD VALUES

Final stage loglikelihood values at local maxima, seeds, and initial stage start numbers:

          -13341.675  876175           2125
          -13341.675  474550           936
          -13341.675  657466           2931
          -13341.675  921381           3481
          -13341.675  35757            2835
          -13341.675  144201           1823
          -13341.675  936418           432
          -13341.675  464269           4405
          -13341.675  681077           696
          -13341.675  31628            3165
          -13341.675  3075             2868
          -13341.675  919961           3704
          -13341.675  866839           1135
          -13341.675  592225           4789
          -13341.675  784033           2025
          -13341.675  336755           1225
          -13341.675  914051           28
          -13341.675  920915           920
          -13341.675  595979           2472
          -13341.675  585891           2134
          -13341.675  87876            3355
          -13341.675  675618           4718
          -13341.675  833093           2532
          -13341.675  11613            1813
          -13341.675  548559           2415
          -13341.675  298306           3322
          -13341.675  313353           3979
          -13341.675  181435           2239
          -13341.675  223116           4623
          -13341.675  371147           2098
          -13341.675  586686           3856
          -13341.675  478419           2336
          -13341.675  152479           3159
          -13341.675  48952            3485
          -13341.675  923585           2916
          -13341.675  312404           2760
          -13341.675  479497           2739
          -13341.675  356545           2128
          -13341.675  358579           4931
          -13341.675  126833           3581
          -13341.675  794495           1665
          -13341.675  393327           611
          -13341.675  762720           566
          -13341.675  203497           1742
          -13341.675  493585           1383
          -13341.675  31408            700
          -13341.675  205538           2701
          -13341.675  205538           1556
          -13341.675  220583           812
          -13341.675  517897           1407
          -13341.675  73361            805
          -13341.675  842124           143
          -13341.675  474887           2802
          -13341.675  327688           1199
          -13341.675  344178           236
          -13341.675  470149           1574
          -13341.675  525145           719
          -13341.675  806407           4310
          -13341.675  753119           3362
          -13341.675  94510            2449
          -13341.675  167859           3192
          -13341.675  640891           4798
          -13341.675  972889           103
          -13341.675  444007           149
          -13341.675  408919           3553
          -13341.675  621105           3398
          -13341.675  895817           311
          -13341.675  599884           2480
          -13341.675  237089           513
          -13341.675  514951           3016
          -13341.675  565063           658
          -13341.675  346490           3530
          -13341.675  204764           3011
          -13341.675  986619           1251
          -13341.675  610231           2655
          -13341.675  755887           2829
          -13341.675  191409           281
          -13341.675  325523           2747
          -13341.675  666811           705
          -13341.675  228937           2074
          -13341.675  446833           3514
          -13341.675  98383            2918
          -13341.675  468089           2333
          -13341.675  796020           4191
          -13341.675  796979           4710
          -13341.675  153648           3786
          -13341.675  30060            4239
          -13341.675  808151           1615
          -13341.675  748017           1143
          -13341.675  798846           3032
          -13341.675  157162           4550
          -13341.675  990752           2586
          -13341.675  194491           1390
          -13341.675  559685           538
          -13341.675  625082           91
          -13341.675  739841           2100
          -13341.675  303793           4499
          -13341.675  194680           2389
          -13341.675  611342           788
          -13341.675  480002           2330
          -13341.675  151645           2375
          -13341.675  206322           4911
          -13341.675  661136           1298
          -13341.675  496887           1482
          -13341.675  852519           1672
          -13341.675  956213           3977
          -13341.675  458361           4913
          -13341.675  47380            1903
          -13341.675  582855           3833
          -13341.675  925223           2361
          -13341.675  832619           1286
          -13341.675  498843           3328
          -13341.675  128863           4477
          -13341.675  131833           2834
          -13341.675  496674           749
          -13341.675  387595           1568
          -13341.675  52149            3924
          -13341.675  460520           1970
          -13341.675  730894           3719
          -13341.675  81700            2581
          -13341.675  400771           2709
          -13341.675  583673           539
          -13341.675  48761            780
          -13341.675  863535           1089
          -13341.675  585616           4445
          -13341.675  495115           4497
          -13341.675  734179           552
          -13341.675  257106           1440
          -13341.675  273393           1744
          -13341.675  931971           1548
          -13341.675  455202           21
          -13341.675  5382             4118
          -13341.675  315011           4342
          -13341.675  295721           2095
          -13341.675  428773           4649
          -13341.675  73437            2508
          -13341.675  749193           1402
          -13341.675  191507           3929
          -13341.675  776617           89
          -13341.675  716821           4957
          -13341.675  796227           338
          -13341.675  372124           4288
          -13341.675  726358           3058
          -13341.675  304883           3370
          -13341.675  45247            4641
          -13341.675  795073           3698
          -13341.675  236390           4717
          -13341.675  696258           1499
          -13341.675  977021           1500
          -13341.675  471432           494
          -13341.675  509958           2082
          -13341.675  328757           4192
          -13341.675  612318           2412
          -13341.675  222712           4048
          -13341.675  747163           2089
          -13341.675  957509           4963
          -13341.675  13311            1743
          -13341.675  515635           1767
          -13341.675  146953           368
          -13341.675  127407           3382
          -13341.675  511803           917
          -13341.675  66730            661
          -13341.675  939525           591
          -13341.675  231368           4131
          -13341.675  985355           1581
          -13341.675  941530           4100
          -13341.675  1299             2669
          -13341.675  471284           49
          -13341.675  167729           570
          -13341.675  223384           2069
          -13341.675  256573           2380
          -13341.675  241607           3792
          -13341.675  316621           317
          -13341.675  470052           4326
          -13341.675  990192           3137
          -13341.675  592500           4135
          -13341.675  783541           2193
          -13341.675  576035           789
          -13341.675  129699           2130
          -13341.675  379961           4590
          -13341.675  510065           3010
          -13341.675  992086           3229
          -13341.675  360367           3906
          -13341.675  991876           2103
          -13341.675  624485           4955
          -13341.675  699023           1560
          -13341.675  977272           170
          -13341.675  166880           3022
          -13341.675  381229           2199
          -13341.675  418286           2611
          -13341.675  571647           3153
          -13341.675  673292           1118
          -13341.675  316652           4749
          -13341.675  162676           2563
          -13341.675  867574           4695
          -13341.675  841164           1771
          -13341.675  687222           4642
          -13341.675  464637           1219
          -13341.675  183157           3221
          -13341.675  28117            1340
          -13341.675  548592           1651
          -13341.675  769123           1018
          -13341.675  864374           2810
          -13341.675  164233           1617
          -13341.675  658276           3435
          -13341.675  494981           1721
          -13341.675  135777           3860
          -13341.675  483901           490
          -13341.675  934691           4655
          -13341.675  189247           3524
          -13341.675  100542           135
          -13341.675  316973           2664
          -13341.675  82789            1376
          -13341.675  554115           2984
          -13341.675  390638           3063
          -13341.675  937727           365
          -13341.675  81288            1120
          -13341.675  419485           652
          -13341.675  362005           4121
          -13341.675  186088           1819
          -13341.675  96262            1409
          -13341.675  530916           2013
          -13341.675  265074           4673
          -13341.675  706510           3386
          -13341.675  61744            3912
          -13341.675  762887           3037
          -13341.675  951132           786
          -13341.675  359165           1789
          -13341.675  404429           4282
          -13341.675  43061            4895
          -13341.675  860817           4935
          -13341.675  35574            762
          -13341.675  590683           1079
          -13341.675  134850           2242
          -13341.675  93577            1192
          -13341.675  667232           3768
          -13341.675  510110           1179
          -13341.675  673763           2769
          -13341.675  673763           1597
          -13341.675  90076            1975
          -13341.675  560707           999
          -13341.675  935275           356
          -13341.675  753683           850
          -13341.675  590749           4214
          -13341.675  598867           3095
          -13341.675  270178           2477
          -13341.675  471911           689
          -13341.675  45518            962
          -13341.675  244183           1972
          -13341.675  300089           227
          -13341.675  121380           654
          -13341.675  892871           1176
          -13341.675  502363           2836
          -13341.675  143644           3271
          -13341.675  337535           3504
          -13341.675  914078           3501
          -13341.675  993952           2253
          -13341.675  333188           720
          -13341.675  595755           3251
          -13341.675  170526           2933
          -13341.675  765641           3029
          -13341.675  283290           3966
          -13341.675  354494           3023
          -13341.675  248579           3823
          -13341.675  729047           3440
          -13341.675  483098           4207
          -13341.675  579778           2572
          -13341.675  124506           3372
          -13341.675  161577           237
          -13341.675  769049           3027
          -13341.675  456024           1720
          -13341.675  605807           3814
          -13341.675  606612           2108
          -13341.675  333751           1147
          -13341.675  678914           2588
          -13341.675  603276           2594
          -13341.675  288224           2743
          -13341.675  352205           2101
          -13341.675  595616           2318
          -13341.675  913509           2975
          -13341.675  479220           3597
          -13341.675  710018           4672
          -13341.675  997757           2486
          -13341.675  997757           1304
          -13341.675  134229           1694
          -13341.675  32890            1258
          -13341.675  105042           2917
          -13341.675  42712            3905
          -13341.675  318874           1005
          -13341.675  466578           4601
          -13341.675  239158           2313
          -13341.675  799853           4859
          -13341.675  468631           1554
          -13341.675  264734           3174
          -13341.675  486097           3424
          -13341.675  349487           289
          -13341.675  59969            57
          -13341.675  522115           3044
          -13341.675  74033            4081
          -13341.675  878465           587
          -13341.675  946151           2366
          -13341.675  807740           4827
          -13341.675  242689           1968
          -13341.675  888272           681
          -13341.675  90               2452
          -13341.675  830653           3467
          -13341.675  493288           2908
          -13341.675  731238           3204
          -13341.675  832989           3723
          -13341.675  991514           675
          -13341.675  77466            3973
          -13341.675  237015           2928
          -13341.675  249119           4500
          -13341.675  192305           2259
          -13341.675  96229            158
          -13341.675  536596           1801
          -13341.675  973071           1526
          -13341.675  846917           3341
          -13341.675  326841           3201
          -13341.675  478489           998
          -13341.675  538051           455
          -13341.675  426488           524
          -13341.675  777189           4172
          -13341.675  854873           4930
          -13341.675  780086           1745
          -13341.675  517969           2084
          -13341.675  898110           1262
          -13341.675  231288           4070
          -13341.675  864454           1389
          -13341.675  726677           2000
          -13341.675  77415            607
          -13341.675  91993            2054
          -13341.675  460558           2792
          -13341.675  886621           3172
          -13341.675  634591           3316
          -13341.675  753284           272
          -13341.675  504148           4685
          -13341.675  697529           4864
          -13341.675  903199           1235
          -13341.675  101005           2076
          -13341.675  346475           4732
          -13341.675  944980           1446
          -13341.675  647869           3589
          -13341.675  215593           532
          -13341.675  432227           2448
          -13341.675  781296           1648
          -13341.675  341238           4213
          -13341.675  554985           1465
          -13341.675  930875           439
          -13341.675  478483           4096
          -13341.675  563909           2723
          -13341.675  764655           2932
          -13341.675  47001            4233
          -13341.675  868619           4385
          -13341.675  553021           2417
          -13341.675  988696           2642
          -13341.675  864764           3103
          -13341.675  804371           4097
          -13341.675  253319           2016
          -13341.675  635014           164
          -13341.675  452556           4478
          -13341.675  108152           2570
          -13341.675  28089            408
          -13341.675  536216           2175
          -13341.675  829644           4562
          -13341.675  879085           2559
          -13341.675  832352           938
          -13341.675  398389           672
          -13341.675  989725           2884
          -13341.675  358095           3908
          -13341.675  766800           211
          -13341.675  337221           4440
          -13341.675  342747           4573
          -13341.675  105993           3940
          -13341.675  770221           4622
          -13341.675  578              1825
          -13341.675  699592           3889
          -13341.675  178058           859
          -13341.675  122265           3865
          -13341.675  923466           1998
          -13341.675  725329           2633
          -13341.675  742073           3305
          -13341.675  93031            886
          -13341.675  905875           3855
          -13341.675  762097           477
          -13341.675  306079           4164
          -13341.675  528541           2710
          -13341.675  937528           616
          -13341.675  390978           4230
          -13341.675  701070           836
          -13341.675  362737           148
          -13341.675  556623           2807
          -13341.675  586059           3468
          -13341.675  385495           4868
          -13341.675  504828           4419
          -13341.675  688066           4663
          -13341.675  790298           2409
          -13341.675  273932           2549
          -13341.675  178240           3555
          -13341.675  696042           1958
          -13341.675  642798           4306
          -13341.675  368764           2945
          -13341.675  171265           4287
          -13341.675  763897           2426
          -13341.675  564342           1919
          -13341.675  82121            4509
          -13341.675  393786           2413
          -13341.675  190497           4291
          -13341.675  994841           740
          -13341.675  957287           226
          -13341.675  173659           1803
          -13341.675  545172           285
          -13341.675  70903            4647
          -13341.675  590880           1246
          -13341.675  926363           769
          -13341.675  599841           1111
          -13341.675  534757           2451
          -13341.675  928341           1419
          -13341.675  103221           221
          -13341.675  535351           2696
          -13341.675  922111           1726
          -13341.675  559730           403
          -13341.675  153449           433
          -13341.675  300500           4210
          -13341.675  826271           3019
          -13341.675  622653           3232
          -13341.675  553759           2584
          -13341.675  606513           1692
          -13341.675  518125           4638
          -13341.675  81532            2978
          -13341.675  22666            3741
          -13341.675  156288           1326
          -13341.675  798791           1330
          -13341.675  155225           3515
          -13341.675  434279           514
          -13341.675  287073           2156
          -13341.675  452563           4948
          -13341.675  334783           3730
          -13341.675  70821            2654
          -13341.675  247642           1538
          -13341.675  800613           3640
          -13341.675  626147           4559
          -13341.675  331285           3238
          -13341.675  674847           3919
          -13341.675  151701           4634
          -13341.675  594031           1271
          -13341.675  189202           2887
          -13341.675  580312           3033
          -13341.675  205609           4217
          -13341.675  317257           2211
          -13341.675  95155            2548
          -13341.675  894890           17
          -13341.675  885370           421
          -13341.675  7939             610
          -13341.675  532294           2593
          -13341.675  654983           2771
          -13341.675  581046           3577
          -13341.675  558663           4328
          -13341.675  574515           4629
          -13341.675  413307           2314
          -13341.675  245420           1065
          -13341.675  754030           2268
          -13341.675  631379           961
          -13341.675  791503           4243
          -13341.675  849249           4939
          -13341.675  738787           4209
          -13341.675  904208           2626
          -13341.675  668671           1463
          -13341.675  443861           3959
          -13341.675  411761           1363
          -13341.675  321563           3788
          -13341.675  453745           3021
          -13341.675  571254           2434
          -13341.675  344137           663
          -13341.675  736419           1662
          -13341.675  700490           1717
          -13341.675  876320           655
          -13341.675  262015           928
          -13341.675  76909            3816
          -13341.675  732123           1386
          -13341.675  212801           3578
          -13341.675  424217           80
          -13341.675  795103           2625
          -13341.675  686493           10
          -13341.675  716596           4175
          -13341.675  185539           4389
          -13341.675  107121           2388
          -13341.675  994251           191
          -13341.675  878884           4677
          -13341.675  573281           4921
          -13341.675  47024            2471
          -13341.675  291023           2534
          -13341.675  128344           3405
          -13341.675  113428           4183
          -13341.675  531992           4845
          -13341.675  874248           577
          -13341.675  813511           4452
          -13341.675  290300           3121
          -13341.675  589280           2001
          -13341.675  489159           15
          -13341.675  47596            1228
          -13341.675  188930           731
          -13341.675  944305           2140
          -13341.675  273862           3638
          -13341.675  313975           4265
          -13341.675  269097           1303
          -13341.675  821253           1576
          -13341.675  465738           3595
          -13341.675  142737           3747
          -13341.675  175117           1806
          -13341.675  440947           4633
          -13341.675  669911           428
          -13341.675  129511           4420
          -13341.675  713371           1841
          -13341.675  452157           722
          -13341.675  514026           1712
          -13341.675  659857           875
          -13341.675  198242           879
          -13341.675  522775           209
          -13341.675  74828            814
          -13341.675  562109           3301
          -13341.675  41077            3488
          -13341.675  902331           909
          -13341.675  263856           1861
          -13341.675  869577           4107
          -13341.675  134283           2721
          -13341.675  914768           3699
          -13341.675  750689           3859
          -13341.675  328885           1443
          -13341.675  237399           3603
          -13341.675  826466           482
          -13341.675  442860           4362
          -13341.675  200519           3373
          -13341.675  296082           4246
          -13341.675  597499           3549
          -13341.675  710474           390
          -13341.675  398111           716
          -13341.675  898335           2896
          -13341.675  530919           61
          -13341.675  583765           4160
          -13341.675  470575           4486
          -13341.675  102425           1226
          -13341.675  832204           4491
          -13341.675  246528           776
          -13341.675  963418           4146
          -13341.675  334932           4575
          -13341.675  944993           4797
          -13341.675  45370            440
          -13341.675  69309            2226
          -13341.675  497785           4502
          -13341.675  4641             906
          -13341.675  784515           1540
          -13341.675  778015           4693
          -13341.675  539663           3205
          -13341.675  60928            4053
          -13341.675  748289           12
          -13341.675  480751           2083
          -13341.675  720227           4763
          -13341.675  512107           2298
          -13341.675  246573           2379
          -13341.675  366704           1733
          -13341.675  266125           4891
          -13341.675  980979           529
          -13341.675  721451           4258
          -13341.675  170750           4979
          -13341.675  382393           3244
          -13341.675  969920           1967
          -13341.675  623923           2218
          -13341.675  48336            2567
          -13341.675  219023           1858
          -13341.675  865592           4552
          -13341.675  587335           1652
          -13341.675  979620           1935
          -13341.675  546416           3235
          -13341.675  821628           1886
          -13341.675  913666           2416
          -13341.675  549486           3925
          -13341.675  543946           4167
          -13341.675  55471            4643
          -13341.675  737846           2745
          -13341.675  178019           13
          -13341.675  612988           1702
          -13341.675  724127           4986
          -13341.675  240487           585
          -13341.675  73818            1038
          -13341.675  29123            2847
          -13341.675  383328           4151
          -13341.675  21976            1865
          -13341.675  307332           3419
          -13341.675  943119           1634
          -13341.675  507852           3317
          -13341.675  439858           1735
          -13341.675  209678           1088
          -13341.675  108451           3199
          -13341.675  624571           4872
          -13341.675  888975           3048
          -13341.675  797625           3311
          -13341.675  749919           1943
          -13341.675  669573           1112
          -13341.675  58065            4892
          -13341.675  171311           1799
          -13341.675  604829           1643
          -13341.675  810125           3463
          -13341.675  699414           3714
          -13341.675  25757            4984
          -13341.675  832287           2823
          -13341.675  176177           4476
          -13341.675  965315           2957
          -13341.675  90066            4645
          -13341.675  585779           4777
          -13341.675  474436           1307
          -13341.675  591208           3389
          -13341.675  962013           1245
          -13341.675  900157           3869
          -13341.675  602690           307
          -13341.675  477487           839
          -13341.675  934740           306
          -13341.675  339662           4300
          -13341.675  759337           929
          -13341.675  944517           3748
          -13341.675  939845           918
          -13341.675  915555           2612
          -13341.675  18238            3655
          -13341.675  755650           3984
          -13341.675  906711           4387
          -13341.675  910643           1992
          -13341.675  403177           511
          -13341.675  790073           1762
          -13341.675  947288           454
          -13341.675  683074           3644
          -13341.675  109972           3838
          -13341.675  671561           594
          -13341.675  742862           2973
          -13341.675  645491           4030
          -13341.675  554340           1069
          -13341.675  95289            1193
          -13341.675  198609           2841
          -13341.675  959836           871
          -13341.675  170827           872
          -13341.675  157888           605
          -13341.675  481986           4574
          -13341.675  939261           486
          -13341.675  213156           3675
          -13341.675  509278           4448
          -13341.675  776704           4785
          -13341.675  592401           1202
          -13341.675  611029           626
          -13341.675  336991           2718
          -13341.675  412348           4141
          -13341.675  554123           758
          -13341.675  360338           2276
          -13341.675  446653           1462
          -13341.675  725094           2724
          -13341.675  332416           3073
          -13341.675  631563           9
          -13341.675  135964           2058
          -13341.675  466894           1467
          -13341.675  848198           3369
          -13341.675  35716            3663
          -13341.675  42553            1839
          -13341.675  105834           3956
          -13341.675  991853           2350
          -13341.675  905033           263
          -13341.675  723377           523
          -13341.675  225165           1880
          -13341.675  950440           2266
          -13341.675  434289           4535
          -13341.675  507215           2331
          -13341.675  433170           639
          -13341.675  602484           2163
          -13341.675  785729           3727
          -13341.675  359487           122
          -13341.675  802361           826
          -13341.675  242643           3433
          -13341.675  107873           2041
          -13341.675  424610           2290
          -13341.675  34928            816
          -13341.675  207425           3910
          -13341.675  821051           1186
          -13341.675  420781           4820
          -13341.675  145792           1544
          -13341.675  676247           1653
          -13341.675  186843           214
          -13341.675  834881           3784
          -13341.675  839565           2024
          -13341.675  630115           4624
          -13341.675  418622           4964
          -13341.675  203539           3693
          -13341.675  748693           165
          -13341.675  951403           1749
          -13341.675  860061           3822
          -13341.675  276474           4295
          -13341.675  138482           190
          -13341.675  237948           2049
          -13341.675  261063           2406
          -13341.675  28925            3717
          -13341.675  630185           294
          -13341.675  584009           4036
          -13341.675  457310           4557
          -13341.675  964750           1683
          -13341.675  475133           1116
          -13341.675  584932           153
          -13341.675  459063           3613
          -13341.675  862983           3049
          -13341.675  898535           2345
          -13341.675  166947           1399
          -13341.675  334094           2347
          -13341.675  740680           4469
          -13341.675  564942           4992
          -13341.675  409630           3216
          -13341.675  613392           3626
          -13341.675  668858           849
          -13341.675  423889           219
          -13341.675  162927           391
          -13341.675  716179           3697
          -13341.675  250763           3955
          -13341.675  981907           1435
          -13341.675  460757           3139
          -13341.675  612735           3965
          -13341.675  293292           4226
          -13341.675  997241           3134
          -13341.675  209751           3926
          -13341.675  857038           1492
          -13341.675  790612           1049
          -13341.675  619553           4315
          -13341.675  989627           424
          -13341.675  67369            3738
          -13341.675  962696           2729
          -13341.675  469210           48
          -13341.675  649428           2007
          -13341.675  385724           258
          -13341.675  202951           4108
          -13341.675  734285           644
          -13341.675  974802           2749
          -13341.675  851692           416
          -13341.675  908297           4650
          -13341.675  887949           1948
          -13341.675  852100           4198
          -13341.675  164729           4339
          -13341.675  148819           1378
          -13341.675  373165           4360
          -13341.675  225581           2714
          -13341.675  817751           2440
          -13341.675  293465           653
          -13341.675  545391           3258
          -13341.675  126879           3082
          -13341.675  147600           4581
          -13341.675  338718           2860
          -13341.675  389975           2840
          -13341.675  866789           4171
          -13341.675  556253           2202
          -13341.675  235609           2707
          -13341.675  300711           1769
          -13341.675  784347           1020
          -13341.675  547238           3612
          -13341.675  976371           4372
          -13341.675  288299           3713
          -13341.675  678275           4176
          -13341.675  212367           375
          -13341.675  622221           941
          -13341.675  131286           337
          -13341.675  143105           542
          -13341.675  487241           525
          -13341.675  782806           2539
          -13341.675  378129           2804
          -13341.675  114527           331
          -13341.675  961247           1489
          -13341.675  259673           3171
          -13341.675  364472           3411
          -13341.675  161982           4584
          -13341.675  373903           2797
          -13341.675  78740            3551
          -13341.675  628885           4474
          -13341.675  146697           4534
          -13341.675  673640           3392
          -13341.675  757889           3721
          -13341.675  303430           3887
          -13341.675  489139           2555
          -13341.675  681895           1878
          -13341.675  686425           973
          -13341.675  421365           1812
          -13341.675  390133           852
          -13341.675  32509            1010
          -13341.675  955124           1444
          -13341.675  673958           55
          -13341.675  273109           4269
          -13341.675  700997           4756
          -13341.675  99147            3733
          -13341.675  940346           2763
          -13341.675  300110           1514
          -13341.675  426035           3307
          -13341.675  66435            1851
          -13341.675  861046           4066
          -13341.675  354713           4848
          -13341.675  508813           1414
          -13341.675  279204           4485
          -13341.675  853611           1759
          -13341.675  848461           3523
          -13341.675  863196           531
          -13341.675  780007           507
          -13341.675  121645           2404
          -13341.675  891038           3093
          -13341.675  85083            1810
          -13341.675  609085           2672
          -13341.675  591125           3001
          -13341.675  636399           3394
          -13341.675  558550           2554
          -13341.675  615349           632
          -13341.675  404389           2962
          -13341.675  108783           298
          -13341.675  537731           201
          -13341.675  148295           2504
          -13341.675  743084           3757
          -13341.675  729350           1524
          -13341.675  714838           3753
          -13341.675  431921           4417
          -13341.675  894858           1980
          -13341.675  971101           4656
          -13341.675  289401           2184
          -13341.675  246046           4593
          -13341.675  494445           4225
          -13341.675  900782           2160
          -13341.675  242193           462
          -13341.675  901242           2249
          -13341.675  375783           4457
          -13341.675  891895           2303
          -13341.675  192381           2481
          -13341.675  764162           666
          -13341.675  723546           3616
          -13341.675  592169           3304
          -13341.675  720451           3944
          -13341.675  776747           3057
          -13341.675  609166           4327
          -13341.675  321558           8
          -13341.675  556577           1195
          -13341.675  980313           3211
          -13341.675  177610           4422
          -13341.675  196551           4635
          -13341.675  985721           1315
          -13341.675  536821           3550
          -13341.675  987366           3598
          -13341.675  479935           4367
          -13341.675  494984           2393
          -13341.675  108421           1066
          -13341.675  872765           4369
          -13341.675  40589            1995
          -13341.675  104233           3460
          -13341.675  124413           335
          -13341.675  3367             4366
          -13341.675  182435           1610
          -13341.675  472726           3837
          -13341.675  671774           1962
          -13341.675  617579           2974
          -13341.675  806170           1380
          -13341.675  978868           745
          -13341.675  861359           3540
          -13341.675  238865           1019
          -13341.675  295862           2813
          -13341.675  675579           3493
          -13341.675  551349           4904
          -13341.675  420015           873
          -13341.675  779003           2118
          -13341.675  950604           1290
          -13341.675  566579           3526
          -13341.675  135405           763
          -13341.675  172648           1431
          -13341.675  250116           4438
          -13341.675  631254           3248
          -13341.675  740176           706
          -13341.675  628033           1356
          -13341.675  443604           703
          -13341.675  718631           1606
          -13341.675  497012           770
          -13341.675  927685           4804
          -13341.675  689443           1401
          -13341.675  155616           951
          -13341.675  881191           5
          -13341.675  824105           2651
          -13341.675  728728           1814
          -13341.675  574363           1603
          -13341.675  837556           1024
          -13341.675  846088           1032
          -13341.675  333447           2300
          -13341.675  922392           389
          -13341.675  322464           4542
          -13341.675  873151           4700
          -13341.675  389144           1847
          -13341.675  390761           4098
          -13341.675  300881           51
          -13341.675  511724           409
          -13341.675  787365           2439
          -13341.675  81193            3375
          -13341.675  34937            175
          -13341.675  706789           1979
          -13341.675  316782           4743
          -13341.675  184016           955
          -13341.675  396967           1098
          -13341.675  552700           4188
          -13341.675  574009           4952
          -13341.675  440409           4962
          -13341.675  977369           1278
          -13341.675  498283           78
          -13341.675  159501           2513
          -13341.675  678269           648
          -13341.675  129023           914
          -13341.675  730199           4262
          -13341.675  953959           4896
          -13341.675  973427           734
          -13341.675  822035           3432
          -13341.675  484843           1913
          -13341.675  15733            3897
          -13341.675  78555            4090
          -13341.675  553116           245
          -13341.675  337659           273
          -13341.675  848822           4733
          -13341.675  128397           4256
          -13341.675  48721            4969
          -13341.675  6277             1938
          -13341.675  119260           1957
          -13341.675  811039           2610
          -13341.675  157981           1622
          -13341.675  26625            1056
          -13341.675  746241           1295
          -13341.675  471412           16
          -13341.675  775136           3264
          -13341.675  125820           919
          -13341.675  842130           27
          -13341.675  414220           3293
          -13341.675  599180           293
          -13341.675  674818           4222
          -13341.675  536415           1783
          -13341.675  377252           4078
          -13341.675  580915           4924
          -13341.675  355913           2737
          -13341.675  534732           4061
          -13341.675  806021           4989
          -13341.675  900593           2624
          -13341.675  39751            4144
          -13341.675  608720           1285
          -13341.675  213878           1867
          -13341.675  167645           975
          -13341.675  462445           2541
          -13341.675  971455           3957
          -13341.675  191375           458
          -13341.675  507529           367
          -13341.675  668264           4826
          -13341.675  371657           2777
          -13341.675  719119           1070
          -13341.675  539525           4140
          -13341.675  921778           3155
          -13341.675  501651           4902
          -13341.675  450560           694
          -13341.675  120328           2578
          -13341.675  381739           802
          -13341.675  51760            2093
          -13341.675  388827           2775
          -13341.675  593320           902
          -13341.675  692619           4446
          -13341.675  947359           2119
          -13341.675  446233           2545
          -13341.675  779909           3308
          -13341.675  959802           1888
          -13341.675  336474           1341
          -13341.675  923748           3583
          -13341.675  864474           556
          -13341.675  237157           4277
          -13341.675  751916           4298
          -13341.675  609017           3064
          -13341.675  166417           2640
          -13341.675  92151            1449
          -13341.675  617475           3356
          -13341.675  151205           1885
          -13341.675  519455           423
          -13341.675  158537           213
          -13341.675  158537           1374
          -13341.675  39571            2762
          -13341.675  606007           3420
          -13341.675  402205           4657
          -13341.675  978671           1690
          -13341.675  95589            3409
          -13341.675  153435           593
          -13341.675  888189           1222
          -13341.675  712933           3368
          -13341.675  612162           1033
          -13341.675  53405            1247
          -13341.675  689158           1873
          -13341.675  361943           2050
          -13341.675  982601           3169
          -13341.675  885869           4523
          -13341.675  306861           4689
          -13341.675  591090           2403
          -13341.675  726792           4197
          -13341.675  525957           168
          -13341.675  71445            2059
          -13341.675  545769           4267
          -13341.675  71777            4867
          -13341.675  915111           4578
          -13341.675  156679           2038
          -13341.675  664577           2411
          -13341.675  339639           551



THE BEST LOGLIKELIHOOD VALUE HAS BEEN REPLICATED.  RERUN WITH AT LEAST TWICE THE
RANDOM STARTS TO CHECK THAT THE BEST LOGLIKELIHOOD IS STILL OBTAINED AND REPLICATED.

     IN THE OPTIMIZATION, ONE OR MORE LOGIT THRESHOLDS APPROACHED AND WERE SET
     AT THE EXTREME VALUES.  EXTREME VALUES ARE -15.000 AND 15.000.
     THE FOLLOWING THRESHOLDS WERE SET AT THESE VALUES:
     * THRESHOLD 1 OF CLASS INDICATOR C4S17 FOR CLASS 2 AT ITERATION 19
     * THRESHOLD 1 OF CLASS INDICATOR C4S18 FOR CLASS 2 AT ITERATION 19
     * THRESHOLD 1 OF CLASS INDICATOR C4S20 FOR CLASS 2 AT ITERATION 19
     * THRESHOLD 1 OF CLASS INDICATOR C4S23 FOR CLASS 2 AT ITERATION 19
     * THRESHOLD 1 OF CLASS INDICATOR C4S25 FOR CLASS 2 AT ITERATION 19
     * THRESHOLD 1 OF CLASS INDICATOR C5S24 FOR CLASS 2 AT ITERATION 19
     * THRESHOLD 1 OF CLASS INDICATOR C5S27 FOR CLASS 2 AT ITERATION 19
     * THRESHOLD 1 OF CLASS INDICATOR C5S28 FOR CLASS 2 AT ITERATION 19
     * THRESHOLD 1 OF CLASS INDICATOR C5S29 FOR CLASS 2 AT ITERATION 19
     * THRESHOLD 1 OF CLASS INDICATOR C5S31 FOR CLASS 2 AT ITERATION 19





THE MODEL ESTIMATION TERMINATED NORMALLY

     THE CHI-SQUARE TEST CANNOT BE COMPUTED BECAUSE THE FREQUENCY TABLE FOR THE
     LATENT CLASS INDICATOR MODEL PART IS TOO LARGE.




MODEL FIT INFORMATION

Number of Free Parameters                       65

Loglikelihood

          H0 Value                      -13341.675
          H0 Scaling Correction Factor      1.1023
            for MLR

Information Criteria

          Akaike (AIC)                   26813.350
          Bayesian (BIC)                 27185.525
          Sample-Size Adjusted BIC       26979.009
            (n* = (n + 2) / 24)



FINAL CLASS COUNTS AND PROPORTIONS FOR THE LATENT CLASSES
BASED ON THE ESTIMATED MODEL

    Latent
   Classes

       1        648.41543          0.28615
       2       1617.58457          0.71385


FINAL CLASS COUNTS AND PROPORTIONS FOR THE LATENT CLASSES
BASED ON ESTIMATED POSTERIOR PROBABILITIES

    Latent
   Classes

       1        648.41543          0.28615
       2       1617.58457          0.71385


FINAL CLASS COUNTS AND PROPORTIONS FOR THE LATENT CLASSES
BASED ON THEIR MOST LIKELY LATENT CLASS MEMBERSHIP

Class Counts and Proportions

    Latent
   Classes

       1              629          0.27758
       2             1637          0.72242


CLASSIFICATION QUALITY

     Entropy                         0.910


Average Latent Class Probabilities for Most Likely Latent Class Membership (Row)
by Latent Class (Column)

           1        2

    1   0.966    0.034
    2   0.025    0.975


Classification Probabilities for the Most Likely Latent Class Membership (Column)
by Latent Class (Row)

           1        2

    1   0.937    0.063
    2   0.013    0.987


Logits for the Classification Probabilities for the Most Likely Latent Class Membership (Column)
by Latent Class (Row)

              1        2

    1      2.702    0.000
    2     -4.314    0.000


MODEL RESULTS

                                                    Two-Tailed
                    Estimate       S.E.  Est./S.E.    P-Value

Latent Class 1

 Thresholds
    C1S1$1            -1.395      0.112    -12.444      0.000
    C1S2$1            -0.732      0.099     -7.417      0.000
    C1S3$1            -0.468      0.101     -4.615      0.000
    C1S4$1             0.075      0.107      0.704      0.481
    C1S5$1             0.912      0.103      8.886      0.000
    C1S6$1            -0.664      0.092     -7.234      0.000
    C1S32$1            1.094      0.108     10.089      0.000
    C2S7$1             0.733      0.104      7.045      0.000
    C2S8$1             1.113      0.115      9.678      0.000
    C2S9$1             1.655      0.125     13.190      0.000
    C3S10$1            0.830      0.126      6.562      0.000
    C3S11$1            0.648      0.130      5.003      0.000
    C3S12$1            0.741      0.131      5.676      0.000
    C3S13$1            1.661      0.139     11.984      0.000
    C3S14$1            1.083      0.131      8.264      0.000
    C3S15$1            0.949      0.131      7.252      0.000
    C4S16$1            2.912      0.203     14.359      0.000
    C4S17$1            2.805      0.198     14.199      0.000
    C4S18$1            2.777      0.198     14.049      0.000
    C4S19$1            3.021      0.216     14.016      0.000
    C4S20$1            3.061      0.217     14.088      0.000
    C4S23$1            3.447      0.247     13.976      0.000
    C4S25$1            2.722      0.192     14.161      0.000
    C4S26$1            2.982      0.214     13.953      0.000
    C5S21$1            2.802      0.195     14.391      0.000
    C5S22$1            2.831      0.201     14.091      0.000
    C5S24$1            2.777      0.195     14.263      0.000
    C5S27$1            2.864      0.200     14.329      0.000
    C5S28$1            2.749      0.194     14.185      0.000
    C5S29$1            2.864      0.203     14.091      0.000
    C5S30$1            2.265      0.166     13.655      0.000
    C5S31$1            2.482      0.174     14.262      0.000

Latent Class 2

 Thresholds
    C1S1$1             1.532      0.127     12.083      0.000
    C1S2$1             2.676      0.208     12.881      0.000
    C1S3$1             3.138      0.245     12.793      0.000
    C1S4$1             3.675      0.231     15.894      0.000
    C1S5$1             4.805      0.444     10.828      0.000
    C1S6$1             2.388      0.175     13.636      0.000
    C1S32$1            4.949      0.409     12.087      0.000
    C2S7$1             2.132      0.085     25.188      0.000
    C2S8$1             2.813      0.111     25.247      0.000
    C2S9$1             3.405      0.147     23.208      0.000
    C3S10$1            4.736      0.360     13.157      0.000
    C3S11$1            5.148      0.473     10.886      0.000
    C3S12$1            5.109      0.397     12.859      0.000
    C3S13$1            6.127      0.629      9.741      0.000
    C3S14$1            5.440      0.487     11.176      0.000
    C3S15$1            4.889      0.334     14.623      0.000
    C4S16$1            6.443      0.777      8.289      0.000
    C4S17$1           15.000      0.000    999.000    999.000
    C4S18$1           15.000      0.000    999.000    999.000
    C4S19$1            6.337      0.618     10.252      0.000
    C4S20$1           15.000      0.000    999.000    999.000
    C4S23$1           15.000      0.000    999.000    999.000
    C4S25$1           15.000      0.000    999.000    999.000
    C4S26$1            6.850      0.936      7.322      0.000
    C5S21$1            6.748      0.765      8.816      0.000
    C5S22$1            6.751      0.768      8.789      0.000
    C5S24$1           15.000      0.000    999.000    999.000
    C5S27$1           15.000      0.000    999.000    999.000
    C5S28$1           15.000      0.000    999.000    999.000
    C5S29$1           15.000      0.000    999.000    999.000
    C5S30$1            7.395      1.008      7.337      0.000
    C5S31$1           15.000      0.000    999.000    999.000

Categorical Latent Variables

 Means
    C#1               -0.914      0.087    -10.556      0.000


RESULTS IN PROBABILITY SCALE

Latent Class 1

 C1S1
    Category 1         0.199      0.018     11.128      0.000
    Category 2         0.801      0.018     44.914      0.000
 C1S2
    Category 1         0.325      0.022     15.016      0.000
    Category 2         0.675      0.022     31.209      0.000
 C1S3
    Category 1         0.385      0.024     16.024      0.000
    Category 2         0.615      0.024     25.596      0.000
 C1S4
    Category 1         0.519      0.027     19.446      0.000
    Category 2         0.481      0.027     18.036      0.000
 C1S5
    Category 1         0.713      0.021     34.002      0.000
    Category 2         0.287      0.021     13.663      0.000
 C1S6
    Category 1         0.340      0.021     16.517      0.000
    Category 2         0.660      0.021     32.071      0.000
 C1S32
    Category 1         0.749      0.020     36.757      0.000
    Category 2         0.251      0.020     12.303      0.000
 C2S7
    Category 1         0.675      0.023     29.614      0.000
    Category 2         0.325      0.023     14.228      0.000
 C2S8
    Category 1         0.753      0.021     35.160      0.000
    Category 2         0.247      0.021     11.558      0.000
 C2S9
    Category 1         0.840      0.017     49.679      0.000
    Category 2         0.160      0.017      9.492      0.000
 C3S10
    Category 1         0.696      0.027     26.042      0.000
    Category 2         0.304      0.027     11.360      0.000
 C3S11
    Category 1         0.657      0.029     22.473      0.000
    Category 2         0.343      0.029     11.752      0.000
 C3S12
    Category 1         0.677      0.029     23.729      0.000
    Category 2         0.323      0.029     11.309      0.000
 C3S13
    Category 1         0.840      0.019     45.200      0.000
    Category 2         0.160      0.019      8.583      0.000
 C3S14
    Category 1         0.747      0.025     30.167      0.000
    Category 2         0.253      0.025     10.214      0.000
 C3S15
    Category 1         0.721      0.026     27.377      0.000
    Category 2         0.279      0.026     10.595      0.000
 C4S16
    Category 1         0.948      0.010     95.637      0.000
    Category 2         0.052      0.010      5.199      0.000
 C4S17
    Category 1         0.943      0.011     88.717      0.000
    Category 2         0.057      0.011      5.369      0.000
 C4S18
    Category 1         0.941      0.011     86.338      0.000
    Category 2         0.059      0.011      5.375      0.000
 C4S19
    Category 1         0.954      0.010     99.800      0.000
    Category 2         0.046      0.010      4.866      0.000
 C4S20
    Category 1         0.955      0.009    102.893      0.000
    Category 2         0.045      0.009      4.817      0.000
 C4S23
    Category 1         0.969      0.007    131.438      0.000
    Category 2         0.031      0.007      4.183      0.000
 C4S25
    Category 1         0.938      0.011     84.332      0.000
    Category 2         0.062      0.011      5.544      0.000
 C4S26
    Category 1         0.952      0.010     96.972      0.000
    Category 2         0.048      0.010      4.916      0.000
 C5S21
    Category 1         0.943      0.011     89.761      0.000
    Category 2         0.057      0.011      5.448      0.000
 C5S22
    Category 1         0.944      0.011     89.388      0.000
    Category 2         0.056      0.011      5.272      0.000
 C5S24
    Category 1         0.941      0.011     87.654      0.000
    Category 2         0.059      0.011      5.457      0.000
 C5S27
    Category 1         0.946      0.010     92.696      0.000
    Category 2         0.054      0.010      5.289      0.000
 C5S28
    Category 1         0.940      0.011     85.791      0.000
    Category 2         0.060      0.011      5.490      0.000
 C5S29
    Category 1         0.946      0.010     91.162      0.000
    Category 2         0.054      0.010      5.201      0.000
 C5S30
    Category 1         0.906      0.014     64.083      0.000
    Category 2         0.094      0.014      6.655      0.000
 C5S31
    Category 1         0.923      0.012     74.512      0.000
    Category 2         0.077      0.012      6.226      0.000

Latent Class 2

 C1S1
    Category 1         0.822      0.019     44.386      0.000
    Category 2         0.178      0.019      9.587      0.000
 C1S2
    Category 1         0.936      0.013     74.720      0.000
    Category 2         0.064      0.013      5.146      0.000
 C1S3
    Category 1         0.958      0.010     98.084      0.000
    Category 2         0.042      0.010      4.253      0.000
 C1S4
    Category 1         0.975      0.006    174.944      0.000
    Category 2         0.025      0.006      4.434      0.000
 C1S5
    Category 1         0.992      0.004    277.543      0.000
    Category 2         0.008      0.004      2.272      0.023
 C1S6
    Category 1         0.916      0.013     67.910      0.000
    Category 2         0.084      0.013      6.234      0.000
 C1S32
    Category 1         0.993      0.003    346.836      0.000
    Category 2         0.007      0.003      2.460      0.014
 C2S7
    Category 1         0.894      0.008    111.410      0.000
    Category 2         0.106      0.008     13.218      0.000
 C2S8
    Category 1         0.943      0.006    158.513      0.000
    Category 2         0.057      0.006      9.513      0.000
 C2S9
    Category 1         0.968      0.005    212.091      0.000
    Category 2         0.032      0.005      7.042      0.000
 C3S10
    Category 1         0.991      0.003    319.492      0.000
    Category 2         0.009      0.003      2.802      0.005
 C3S11
    Category 1         0.994      0.003    365.942      0.000
    Category 2         0.006      0.003      2.127      0.033
 C3S12
    Category 1         0.994      0.002    419.215      0.000
    Category 2         0.006      0.002      2.532      0.011
 C3S13
    Category 1         0.998      0.001    729.778      0.000
    Category 2         0.002      0.001      1.593      0.111
 C3S14
    Category 1         0.996      0.002    475.615      0.000
    Category 2         0.004      0.002      2.063      0.039
 C3S15
    Category 1         0.993      0.002    400.393      0.000
    Category 2         0.007      0.002      3.013      0.003
 C4S16
    Category 1         0.998      0.001    809.524      0.000
    Category 2         0.002      0.001      1.289      0.198
 C4S17
    Category 1         1.000      0.000      0.000      1.000
    Category 2         0.000      0.000      0.000      1.000
 C4S18
    Category 1         1.000      0.000      0.000      1.000
    Category 2         0.000      0.000      0.000      1.000
 C4S19
    Category 1         0.998      0.001    915.980      0.000
    Category 2         0.002      0.001      1.621      0.105
 C4S20
    Category 1         1.000      0.000      0.000      1.000
    Category 2         0.000      0.000      0.000      1.000
 C4S23
    Category 1         1.000      0.000      0.000      1.000
    Category 2         0.000      0.000      0.000      1.000
 C4S25
    Category 1         1.000      0.000      0.000      1.000
    Category 2         0.000      0.000      0.000      1.000
 C4S26
    Category 1         0.999      0.001   1010.202      0.000
    Category 2         0.001      0.001      1.070      0.285
 C5S21
    Category 1         0.999      0.001   1114.368      0.000
    Category 2         0.001      0.001      1.308      0.191
 C5S22
    Category 1         0.999      0.001   1114.218      0.000
    Category 2         0.001      0.001      1.303      0.192
 C5S24
    Category 1         1.000      0.000      0.000      1.000
    Category 2         0.000      0.000      0.000      1.000
 C5S27
    Category 1         1.000      0.000      0.000      1.000
    Category 2         0.000      0.000      0.000      1.000
 C5S28
    Category 1         1.000      0.000      0.000      1.000
    Category 2         0.000      0.000      0.000      1.000
 C5S29
    Category 1         1.000      0.000      0.000      1.000
    Category 2         0.000      0.000      0.000      1.000
 C5S30
    Category 1         0.999      0.001   1616.057      0.000
    Category 2         0.001      0.001      0.993      0.321
 C5S31
    Category 1         1.000      0.000      0.000      1.000
    Category 2         0.000      0.000      0.000      1.000


LATENT CLASS ODDS RATIO RESULTS

                                         (Est. - 1) Two-Tailed
                    Estimate       S.E.     / S.E.    P-Value

Latent Class 1 Compared to Latent Class 2

 C1S1
    Category > 1      18.687      3.284      5.386      0.000
 C1S2
    Category > 1      30.181      6.249      4.669      0.000
 C1S3
    Category > 1      36.834      8.462      4.235      0.000
 C1S4
    Category > 1      36.590      7.841      4.539      0.000
 C1S5
    Category > 1      49.095     20.977      2.293      0.022
 C1S6
    Category > 1      21.152      3.949      5.103      0.000
 C1S32
    Category > 1      47.197     18.838      2.452      0.014
 C2S7
    Category > 1       4.049      0.548      5.565      0.000
 C2S8
    Category > 1       5.477      0.898      4.987      0.000
 C2S9
    Category > 1       5.755      1.119      4.248      0.000
 C3S10
    Category > 1      49.732     18.320      2.660      0.008
 C3S11
    Category > 1      89.968     43.050      2.067      0.039
 C3S12
    Category > 1      78.915     31.972      2.437      0.015
 C3S13
    Category > 1      86.968     55.278      1.555      0.120
 C3S14
    Category > 1      78.054     38.360      2.009      0.045
 C3S15
    Category > 1      51.422     18.225      2.767      0.006
 C4S16
    Category > 1      34.149     28.024      1.183      0.237
 C4S17
    Category > 1   *********      0.000    999.000    999.000
 C4S18
    Category > 1   *********      0.000    999.000    999.000
 C4S19
    Category > 1      27.556     18.239      1.456      0.145
 C4S20
    Category > 1   *********      0.000    999.000    999.000
 C4S23
    Category > 1   *********      0.000    999.000    999.000
 C4S25
    Category > 1   *********      0.000    999.000    999.000
 C4S26
    Category > 1      47.867     46.548      1.007      0.314
 C5S21
    Category > 1      51.709     41.141      1.233      0.218
 C5S22
    Category > 1      50.416     40.314      1.226      0.220
 C5S24
    Category > 1   *********      0.000    999.000    999.000
 C5S27
    Category > 1   *********      0.000    999.000    999.000
 C5S28
    Category > 1   *********      0.000    999.000    999.000
 C5S29
    Category > 1   *********      0.000    999.000    999.000
 C5S30
    Category > 1     169.071    173.138      0.971      0.332
 C5S31
    Category > 1   *********      0.000    999.000    999.000


QUALITY OF NUMERICAL RESULTS

     Condition Number for the Information Matrix              0.423E-03
       (ratio of smallest to largest eigenvalue)


TECHNICAL 11 OUTPUT

     Random Starts Specifications for the k-1 Class Analysis Model
        Number of initial stage random starts                5000
        Number of final stage optimizations                  1000



     VUONG-LO-MENDELL-RUBIN LIKELIHOOD RATIO TEST FOR 1 (H0) VERSUS 2 CLASSES

          H0 Loglikelihood Value                       -16713.831
          2 Times the Loglikelihood Difference           6744.311
          Difference in the Number of Parameters               33
          Mean                                            104.955
          Standard Deviation                              158.151
          P-Value                                          0.0000

     LO-MENDELL-RUBIN ADJUSTED LRT TEST

          Value                                          6717.961
          P-Value                                          0.0000


TECHNICAL 14 OUTPUT

     Random Starts Specifications for the k-1 Class Analysis Model
        Number of initial stage random starts                5000
        Number of final stage optimizations                  1000

     Random Starts Specification for the k-1 Class Model for Generated Data
        Number of initial stage random starts                   0
        Number of final stage optimizations for the
           initial stage random starts                          0
     Random Starts Specification for the k Class Model for Generated Data
        Number of initial stage random starts                1000
        Number of final stage optimizations                   250
     Number of bootstrap draws requested                   Varies


     PARAMETRIC BOOTSTRAPPED LIKELIHOOD RATIO TEST FOR 1 (H0) VERSUS 2 CLASSES

          H0 Loglikelihood Value                       -16713.831
          2 Times the Loglikelihood Difference           6744.311
          Difference in the Number of Parameters               33
          Approximate P-Value                              0.0000
          Successful Bootstrap Draws                            5


PLOT INFORMATION

The following plots are available:

  Histograms (sample values)
  Scatterplots (sample values)
  Sample proportions and estimated probabilities

SAVEDATA INFORMATION


  Save file
    LCA_2_out.dat

  Order and format of variables

    C1S1           F10.3
    C1S2           F10.3
    C1S3           F10.3
    C1S4           F10.3
    C1S5           F10.3
    C1S6           F10.3
    C1S32          F10.3
    C2S7           F10.3
    C2S8           F10.3
    C2S9           F10.3
    C3S10          F10.3
    C3S11          F10.3
    C3S12          F10.3
    C3S13          F10.3
    C3S14          F10.3
    C3S15          F10.3
    C4S16          F10.3
    C4S17          F10.3
    C4S18          F10.3
    C4S19          F10.3
    C4S20          F10.3
    C4S23          F10.3
    C4S25          F10.3
    C4S26          F10.3
    C5S21          F10.3
    C5S22          F10.3
    C5S24          F10.3
    C5S27          F10.3
    C5S28          F10.3
    C5S29          F10.3
    C5S30          F10.3
    C5S31          F10.3
    CODE           F10.3
    CPROB1         F10.3
    CPROB2         F10.3
    C              F10.3

  Save file format
    36F10.3

  Save file record length    10000


     Beginning Time:  00:37:01
        Ending Time:  00:38:18
       Elapsed Time:  00:01:17



MUTHEN & MUTHEN
3463 Stoner Ave.
Los Angeles, CA  90066

Tel: (310) 391-9971
Fax: (310) 391-8971
Web: www.StatModel.com
Support: Support@StatModel.com

Copyright (c) 1998-2019 Muthen & Muthen
