Mplus VERSION 8.3 (Mac)
MUTHEN & MUTHEN
06/09/2025  12:36 AM

INPUT INSTRUCTIONS

  TITLE:
  LCA - 1 Class;
  DATA:
  FILE = "/Users/roberthuang/Desktop/Blued/LCA_1.dat";

  VARIABLE:
  NAMES = Code C1S1 C1S2 C1S3 C1S4 C1S5 C1S6 C1S32 C2S7 C2S8 C2S9 C3S10 C3S11 C3S12
       C3S13 C3S14 C3S15 C4S16 C4S17 C4S18 C4S19 C4S20 C4S23 C4S25 C4S26 C5S21 C5S22
       C5S24 C5S27 C5S28 C5S29 C5S30 C5S31;
   MISSING=.;
   categorical = C1S1 - C5S31;
       usevar = C1S1 - C5S31;
       classes = c(1);
       auxiliary = Code;
  ANALYSIS:
  estimator = mlr;
       type = mixture;
       starts = 5000 1000;
       lrtstarts = 0 0 1000 250;
       stseed = 641;
       processors = 8;
  OUTPUT:
  tech11 tech14;
  SAVEDATA:
  file = LCA_1_out.dat;
       save = cprob;
       missflag = .;
  PLOT:
  type = plot3;
       series = C1S1 - C5S31 (*);



*** WARNING in OUTPUT command
  TECH11 option is not available for TYPE=MIXTURE with only one class.
  Request for TECH11 is ignored.
*** WARNING in OUTPUT command
  TECH14 option is not available for TYPE=MIXTURE with only one class.
  Request for TECH14 is ignored.
   2 WARNING(S) FOUND IN THE INPUT INSTRUCTIONS




LCA - 1 Class;

SUMMARY OF ANALYSIS

Number of groups                                                 1
Number of observations                                        2266

Number of dependent variables                                   32
Number of independent variables                                  0
Number of continuous latent variables                            0
Number of categorical latent variables                           1

Observed dependent variables

  Binary and ordered categorical (ordinal)
   C1S1        C1S2        C1S3        C1S4        C1S5        C1S6
   C1S32       C2S7        C2S8        C2S9        C3S10       C3S11
   C3S12       C3S13       C3S14       C3S15       C4S16       C4S17
   C4S18       C4S19       C4S20       C4S23       C4S25       C4S26
   C5S21       C5S22       C5S24       C5S27       C5S28       C5S29
   C5S30       C5S31

Observed auxiliary variables
   CODE

Categorical latent variables
   C


Estimator                                                      MLR
Information matrix                                        OBSERVED
Optimization Specifications for the Quasi-Newton Algorithm for
Continuous Outcomes
  Maximum number of iterations                                 100
  Convergence criterion                                  0.100D-05
Optimization Specifications for the EM Algorithm
  Maximum number of iterations                                 500
  Convergence criteria
    Loglikelihood change                                 0.100D-06
    Relative loglikelihood change                        0.100D-06
    Derivative                                           0.100D-05
Optimization Specifications for the M step of the EM Algorithm for
Categorical Latent variables
  Number of M step iterations                                    1
  M step convergence criterion                           0.100D-05
  Basis for M step termination                           ITERATION
Optimization Specifications for the M step of the EM Algorithm for
Censored, Binary or Ordered Categorical (Ordinal), Unordered
Categorical (Nominal) and Count Outcomes
  Number of M step iterations                                    1
  M step convergence criterion                           0.100D-05
  Basis for M step termination                           ITERATION
  Maximum value for logit thresholds                            15
  Minimum value for logit thresholds                           -15
  Minimum expected cell size for chi-square              0.100D-01
Maximum number of iterations for H1                           2000
Convergence criterion for H1                             0.100D-03
Optimization algorithm                                         EMA
Random Starts Specifications
  Number of initial stage random starts                       5000
  Number of final stage optimizations                         1000
  Number of initial stage iterations                            10
  Initial stage convergence criterion                    0.100D+01
  Random starts scale                                    0.500D+01
  Random seed for generating random starts                     641
Link                                                         LOGIT

Input data file(s)
  /Users/roberthuang/Desktop/Blued/LCA_1.dat
Input data format  FREE


SUMMARY OF DATA

     Number of missing data patterns             1
     Number of y missing data patterns           0
     Number of u missing data patterns           1


COVARIANCE COVERAGE OF DATA

Minimum covariance coverage value   0.100


UNIVARIATE PROPORTIONS AND COUNTS FOR CATEGORICAL VARIABLES

    C1S1
      Category 1    0.644         1459.000
      Category 2    0.356          807.000
    C1S2
      Category 1    0.761         1724.000
      Category 2    0.239          542.000
    C1S3
      Category 1    0.794         1800.000
      Category 2    0.206          466.000
    C1S4
      Category 1    0.845         1914.000
      Category 2    0.155          352.000
    C1S5
      Category 1    0.912         2067.000
      Category 2    0.088          199.000
    C1S6
      Category 1    0.751         1702.000
      Category 2    0.249          564.000
    C1S32
      Category 1    0.923         2092.000
      Category 2    0.077          174.000
    C2S7
      Category 1    0.831         1884.000
      Category 2    0.169          382.000
    C2S8
      Category 1    0.889         2014.000
      Category 2    0.111          252.000
    C2S9
      Category 1    0.931         2110.000
      Category 2    0.069          156.000
    C3S10
      Category 1    0.907         2055.000
      Category 2    0.093          211.000
    C3S11
      Category 1    0.898         2034.000
      Category 2    0.102          232.000
    C3S12
      Category 1    0.903         2047.000
      Category 2    0.097          219.000
    C3S13
      Category 1    0.953         2159.000
      Category 2    0.047          107.000
    C3S14
      Category 1    0.925         2095.000
      Category 2    0.075          171.000
    C3S15
      Category 1    0.915         2073.000
      Category 2    0.085          193.000
    C4S16
      Category 1    0.984         2230.000
      Category 2    0.016           36.000
    C4S17
      Category 1    0.984         2229.000
      Category 2    0.016           37.000
    C4S18
      Category 1    0.983         2228.000
      Category 2    0.017           38.000
    C4S19
      Category 1    0.985         2233.000
      Category 2    0.015           33.000
    C4S20
      Category 1    0.987         2237.000
      Category 2    0.013           29.000
    C4S23
      Category 1    0.991         2246.000
      Category 2    0.009           20.000
    C4S25
      Category 1    0.982         2226.000
      Category 2    0.018           40.000
    C4S26
      Category 1    0.985         2233.000
      Category 2    0.015           33.000
    C5S21
      Category 1    0.983         2227.000
      Category 2    0.017           39.000
    C5S22
      Category 1    0.983         2228.000
      Category 2    0.017           38.000
    C5S24
      Category 1    0.983         2228.000
      Category 2    0.017           38.000
    C5S27
      Category 1    0.985         2231.000
      Category 2    0.015           35.000
    C5S28
      Category 1    0.983         2227.000
      Category 2    0.017           39.000
    C5S29
      Category 1    0.985         2231.000
      Category 2    0.015           35.000
    C5S30
      Category 1    0.973         2204.000
      Category 2    0.027           62.000
    C5S31
      Category 1    0.978         2216.000
      Category 2    0.022           50.000


RANDOM STARTS RESULTS RANKED FROM THE BEST TO THE WORST LOGLIKELIHOOD VALUES

Final stage loglikelihood values at local maxima, seeds, and initial stage start numbers:

          -16713.831  757390           4376
          -16713.831  801806           2501
          -16713.831  986619           1251
          -16713.831  611029           626
          -16713.831  371357           3126
          -16713.831  387345           3751
          -16713.831  746113           1876
          -16713.831  96645            3
          -16713.831  489159           15
          -16713.831  701393           31
          -16713.831  925009           63
          -16713.831  997925           127
          -16713.831  271044           255
          -16713.831  403177           511
          -16713.831  848174           512
          -16713.831  621803           256
          -16713.831  237089           513
          -16713.831  434279           514
          -16713.831  153520           128
          -16713.831  422925           257
          -16713.831  436818           515
          -16713.831  988358           516
          -16713.831  385724           258
          -16713.831  269107           517
          -16713.831  656018           518
          -16713.831  568688           64
          -16713.831  157493           129
          -16713.831  304371           259
          -16713.831  917088           519
          -16713.831  55476            520
          -16713.831  575274           260
          -16713.831  229132           521
          -16713.831  990277           522
          -16713.831  107529           130
          -16713.831  324222           261
          -16713.831  723377           523
          -16713.831  426488           524
          -16713.831  950452           262
          -16713.831  487241           525
          -16713.831  364813           526
          -16713.831  691554           32
          -16713.831  390375           65
          -16713.831  201554           131
          -16713.831  905033           263
          -16713.831  359945           527
          -16713.831  428079           528
          -16713.831  475415           264
          -16713.831  980979           529
          -16713.831  825090           530
          -16713.831  783580           132
          -16713.831  372934           265
          -16713.831  863196           531
          -16713.831  215593           532
          -16713.831  831879           266
          -16713.831  239636           533
          -16713.831  87301            534
          -16713.831  290793           66
          -16713.831  614983           133
          -16713.831  934798           267
          -16713.831  71639            535
          -16713.831  634221           536
          -16713.831  465902           268
          -16713.831  241411           537
          -16713.831  559685           538
          -16713.831  530357           134
          -16713.831  760405           269
          -16713.831  583673           539
          -16713.831  874661           540
          -16713.831  516098           270
          -16713.831  933482           541
          -16713.831  143105           542
          -16713.831  457588           7
          -16713.831  471412           16
          -16713.831  130459           33
          -16713.831  157886           67
          -16713.831  352364           271
          -16713.831  112257           543
          -16713.831  111325           544
          -16713.831  100542           135
          -16713.831  322797           545
          -16713.831  753284           272
          -16713.831  13319            546
          -16713.831  847302           136
          -16713.831  337659           273
          -16713.831  427611           547
          -16713.831  567068           548
          -16713.831  509545           274
          -16713.831  922794           549
          -16713.831  110861           550
          -16713.831  214447           68
          -16713.831  965783           137
          -16713.831  236482           275
          -16713.831  339639           551
          -16713.831  734179           552
          -16713.831  824192           276
          -16713.831  311375           553
          -16713.831  767065           554
          -16713.831  890964           138
          -16713.831  890886           277
          -16713.831  55276            555
          -16713.831  864474           556
          -16713.831  520256           278
          -16713.831  994944           557
          -16713.831  775119           558
          -16713.831  114234           34
          -16713.831  271201           69
          -16713.831  138987           139
          -16713.831  766944           279
          -16713.831  581536           559
          -16713.831  743506           560
          -16713.831  493928           280
          -16713.831  463684           561
          -16713.831  934583           562
          -16713.831  345929           140
          -16713.831  191409           281
          -16713.831  352975           563
          -16713.831  663652           564
          -16713.831  675571           282
          -16713.831  614943           565
          -16713.831  762720           566
          -16713.831  104086           70
          -16713.831  780060           141
          -16713.831  377794           283
          -16713.831  259581           567
          -16713.831  731202           568
          -16713.831  382546           284
          -16713.831  710995           569
          -16713.831  167729           570
          -16713.831  615518           142
          -16713.831  545172           285
          -16713.831  unperturbed      0
          -16713.831  742661           1
          -16713.831  478483           4096
          -16713.831  636166           2048
          -16713.831  804371           4097
          -16713.831  390761           4098
          -16713.831  837556           1024
          -16713.831  237948           2049
          -16713.831  333577           4099
          -16713.831  941530           4100
          -16713.831  361943           2050
          -16713.831  694674           4101
          -16713.831  527167           4102
          -16713.831  142531           1025
          -16713.831  980203           2051
          -16713.831  145180           4103
          -16713.831  868102           4104
          -16713.831  304028           2052
          -16713.831  75696            4105
          -16713.831  171223           4106
          -16713.831  265624           1026
          -16713.831  221153           2053
          -16713.831  869577           4107
          -16713.831  202951           4108
          -16713.831  91993            2054
          -16713.831  662495           4109
          -16713.831  286312           4110
          -16713.831  997002           1027
          -16713.831  846201           2055
          -16713.831  10002            4111
          -16713.831  2333             4112
          -16713.831  912037           2056
          -16713.831  264413           4113
          -16713.831  352540           4114
          -16713.831  662683           1028
          -16713.831  804651           2057
          -16713.831  770845           4115
          -16713.831  957013           4116
          -16713.831  135964           2058
          -16713.831  178540           4117
          -16713.831  5382             4118
          -16713.831  260344           1029
          -16713.831  71445            2059
          -16713.831  193328           4119
          -16713.831  270743           4120
          -16713.831  299428           2060
          -16713.831  362005           4121
          -16713.831  216652           4122
          -16713.831  370250           1030
          -16713.831  664994           2061
          -16713.831  185199           4123
          -16713.831  757938           4124
          -16713.831  903689           2062
          -16713.831  936526           4125
          -16713.831  838004           4126
          -16713.831  937147           1031
          -16713.831  465181           2063
          -16713.831  60121            4127
          -16713.831  691266           4128
          -16713.831  540022           2064
          -16713.831  208200           4129
          -16713.831  257181           4130
          -16713.831  846088           1032
          -16713.831  479093           2065
          -16713.831  231368           4131
          -16713.831  171918           4132
          -16713.831  354267           2066
          -16713.831  252096           4133
          -16713.831  80851            4134
          -16713.831  612162           1033
          -16713.831  839924           2067
          -16713.831  592500           4135
          -16713.831  147155           4136
          -16713.831  537898           2068
          -16713.831  204673           4137
          -16713.831  605113           4138
          -16713.831  379331           1034
          -16713.831  223384           2069
          -16713.831  785202           4139
          -16713.831  539525           4140
          -16713.831  937637           2070
          -16713.831  412348           4141
          -16713.831  592971           4142
          -16713.831  638941           1035
          -16713.831  466905           2071
          -16713.831  561424           4143
          -16713.831  39751            4144
          -16713.831  789449           2072
          -16713.831  616272           4145
          -16713.831  963418           4146
          -16713.831  524998           1036
          -16713.831  128400           2073
          -16713.831  45766            4147
          -16713.831  394133           4148
          -16713.831  228937           2074
          -16713.831  996987           4149
          -16713.831  223374           4150
          -16713.831  997692           1037
          -16713.831  850150           2075
          -16713.831  383328           4151
          -16713.831  363776           4152
          -16713.831  101005           2076
          -16713.831  692971           4153
          -16713.831  339398           4154
          -16713.831  73818            1038
          -16713.831  699791           2077
          -16713.831  756035           4155
          -16713.831  966377           4156
          -16713.831  609240           2078
          -16713.831  53537            4157
          -16713.831  109307           4158
          -16713.831  988910           1039
          -16713.831  933483           2079
          -16713.831  501510           4159
          -16713.831  583765           4160
          -16713.831  543903           2080
          -16713.831  710023           4161
          -16713.831  629196           4162
          -16713.831  812145           1040
          -16713.831  525290           2081
          -16713.831  227090           4163
          -16713.831  306079           4164
          -16713.831  509958           2082
          -16713.831  985304           4165
          -16713.831  784518           4166
          -16713.831  306458           1041
          -16713.831  480751           2083
          -16713.831  543946           4167
          -16713.831  512582           4168
          -16713.831  517969           2084
          -16713.831  143863           4169
          -16713.831  676462           4170
          -16713.831  112387           1042
          -16713.831  968033           2085
          -16713.831  866789           4171
          -16713.831  777189           4172
          -16713.831  551223           2086
          -16713.831  701812           4173
          -16713.831  489334           4174
          -16713.831  772782           1043
          -16713.831  273096           2087
          -16713.831  716596           4175
          -16713.831  678275           4176
          -16713.831  130594           2088
          -16713.831  916164           4177
          -16713.831  448205           4178
          -16713.831  75664            1044
          -16713.831  747163           2089
          -16713.831  559116           4179
          -16713.831  820472           4180
          -16713.831  46874            2090
          -16713.831  405732           4181
          -16713.831  147725           4182
          -16713.831  190725           1045
          -16713.831  921112           2091
          -16713.831  113428           4183
          -16713.831  51498            4184
          -16713.831  813417           2092
          -16713.831  533824           4185
          -16713.831  516722           4186
          -16713.831  453227           1046
          -16713.831  51760            2093
          -16713.831  589157           4187
          -16713.831  552700           4188
          -16713.831  188716           2094
          -16713.831  959136           4189
          -16713.831  790451           4190
          -16713.831  286516           1047
          -16713.831  295721           2095
          -16713.831  796020           4191
          -16713.831  328757           4192
          -16713.831  350136           2096
          -16713.831  884745           4193
          -16713.831  439098           4194
          -16713.831  953596           1048
          -16713.831  735663           2097
          -16713.831  896168           4195
          -16713.831  724436           4196
          -16713.831  371147           2098
          -16713.831  726792           4197
          -16713.831  852100           4198
          -16713.831  790612           1049
          -16713.831  549329           2099
          -16713.831  550564           4199
          -16713.831  518683           4200
          -16713.831  739841           2100
          -16713.831  262282           4201
          -16713.831  109358           4202
          -16713.831  482920           1050
          -16713.831  352205           2101
          -16713.831  792829           4203
          -16713.831  969521           4204
          -16713.831  468237           2102
          -16713.831  434566           4205
          -16713.831  374999           4206
          -16713.831  265704           1051
          -16713.831  991876           2103
          -16713.831  483098           4207
          -16713.831  789280           4208
          -16713.831  474932           2104
          -16713.831  738787           4209
          -16713.831  300500           4210
          -16713.831  857707           1052
          -16713.831  198049           2105
          -16713.831  609169           4211
          -16713.831  801574           4212
          -16713.831  420300           2106
          -16713.831  341238           4213
          -16713.831  590749           4214
          -16713.831  612050           1053
          -16713.831  10007            2107
          -16713.831  627569           4215
          -16713.831  576564           4216
          -16713.831  606612           2108
          -16713.831  205609           4217
          -16713.831  101127           4218
          -16713.831  85996            1054
          -16713.831  295341           2109
          -16713.831  675372           4219
          -16713.831  645558           2110
          -16713.831  755993           1055
          -16713.831  458512           2111
          -16713.831  6136             2112
          -16713.831  26625            1056
          -16713.831  649930           2113
          -16713.831  814086           2114
          -16713.831  589542           1057
          -16713.831  286679           2115
          -16713.831  137796           2116
          -16713.831  538158           1058
          -16713.831  665802           2117
          -16713.831  779003           2118
          -16713.831  814726           1059
          -16713.831  947359           2119
          -16713.831  918995           2120
          -16713.831  946781           1060
          -16713.831  281143           2121
          -16713.831  544438           2122
          -16713.831  489535           1061
          -16713.831  476288           2123
          -16713.831  81411            2124
          -16713.831  794368           1062
          -16713.831  876175           2125
          -16713.831  637687           2126
          -16713.831  485325           1063
          -16713.831  317756           2127
          -16713.831  356545           2128
          -16713.831  514623           1064
          -16713.831  830064           2129
          -16713.831  129699           2130
          -16713.831  245420           1065
          -16713.831  989274           2131
          -16713.831  897947           2132
          -16713.831  108421           1066
          -16713.831  687631           2133
          -16713.831  585891           2134
          -16713.831  438411           1067
          -16713.831  315635           2135
          -16713.831  837953           2136
          -16713.831  566793           1068
          -16713.831  139239           2137
          -16713.831  449146           2138
          -16713.831  554340           1069
          -16713.831  286482           2139
          -16713.831  944305           2140
          -16713.831  719119           1070
          -16713.831  163885           2141
          -16713.831  383490           2142
          -16713.831  214905           1071
          -16713.831  749092           2143
          -16713.831  752828           2144
          -16713.831  196022           1072
          -16713.831  752883           2145
          -16713.831  657869           2146
          -16713.831  996394           1073
          -16713.831  549659           2147
          -16713.831  259418           2148
          -16713.831  782032           1074
          -16713.831  661178           2149
          -16713.831  589031           2150
          -16713.831  707520           1075
          -16713.831  539308           2151
          -16713.831  733953           2152
          -16713.831  679589           1076
          -16713.831  806463           2153
          -16713.831  781660           2154
          -16713.831  710797           1077
          -16713.831  335288           2155
          -16713.831  287073           2156
          -16713.831  783989           1078
          -16713.831  310524           2157
          -16713.831  158348           2158
          -16713.831  590683           1079
          -16713.831  966662           2159
          -16713.831  900782           2160
          -16713.831  743253           1080
          -16713.831  658504           2161
          -16713.831  768555           2162
          -16713.831  155177           1081
          -16713.831  602484           2163
          -16713.831  390139           2164
          -16713.831  991308           1082
          -16713.831  916546           2165
          -16713.831  457708           2166
          -16713.831  414750           1083
          -16713.831  406163           2167
          -16713.831  944742           2168
          -16713.831  901998           1084
          -16713.831  951994           2169
          -16713.831  203118           2170
          -16713.831  137510           1085
          -16713.831  844182           2171
          -16713.831  371171           1086
          -16713.831  859490           1087
          -16713.831  209678           1088
          -16713.831  863535           1089
          -16713.831  870715           1090
          -16713.831  813868           1091
          -16713.831  927977           1092
          -16713.831  694443           1093
          -16713.831  94532            4377
          -16713.831  938986           4378
          -16713.831  627777           1094
          -16713.831  734665           4379
          -16713.831  707017           4380
          -16713.831  978372           4381
          -16713.831  106298           4382
          -16713.831  67825            1095
          -16713.831  201737           4383
          -16713.831  578920           4384
          -16713.831  868619           4385
          -16713.831  389504           4386
          -16713.831  770748           1096
          -16713.831  906711           4387
          -16713.831  334704           4388
          -16713.831  185539           4389
          -16713.831  970601           4390
          -16713.831  216213           1097
          -16713.831  13615            4391
          -16713.831  570408           4392
          -16713.831  995683           4393
          -16713.831  73569            4394
          -16713.831  396967           1098
          -16713.831  521164           4395
          -16713.831  524846           4396
          -16713.831  521159           4397
          -16713.831  944836           4398
          -16713.831  703347           1099
          -16713.831  402736           4399
          -16713.831  713373           4400
          -16713.831  144508           4401
          -16713.831  914650           4402
          -16713.831  78888            1100
          -16713.831  40011            4403
          -16713.831  616952           4404
          -16713.831  464269           4405
          -16713.831  49750            4406
          -16713.831  503870           1101
          -16713.831  644132           4407
          -16713.831  845539           4408
          -16713.831  854396           4409
          -16713.831  257820           4410
          -16713.831  244976           1102
          -16713.831  907736           4411
          -16713.831  381710           4412
          -16713.831  450048           4413
          -16713.831  179206           4414
          -16713.831  497143           1103
          -16713.831  694305           4415
          -16713.831  204331           4416
          -16713.831  431921           4417
          -16713.831  610701           4418
          -16713.831  296895           1104
          -16713.831  504828           4419
          -16713.831  129511           4420
          -16713.831  896154           4421
          -16713.831  177610           4422
          -16713.831  753933           1105
          -16713.831  803780           4423
          -16713.831  912442           4424
          -16713.831  255542           4425
          -16713.831  260597           4426
          -16713.831  617314           1106
          -16713.831  775992           4427
          -16713.831  806637           4428
          -16713.831  762985           4429
          -16713.831  270199           4430
          -16713.831  867655           1107
          -16713.831  542984           4431
          -16713.831  986334           4432
          -16713.831  886413           4433
          -16713.831  752709           4434
          -16713.831  643518           1108
          -16713.831  246869           4435
          -16713.831  578961           4436
          -16713.831  176177           4476
          -16713.831  40898            4437
          -16713.831  628885           4474
          -16713.831  250116           4438
          -16713.831  250955           1109
          -16713.831  148688           4439
          -16713.831  471233           4470
          -16713.831  337221           4440
          -16713.831  129317           4468
          -16713.831  62157            4441
          -16713.831  482693           4466
          -16713.831  817834           4442
          -16713.831  231323           1110
          -16713.831  853438           4443
          -16713.831  885997           4462
          -16713.831  634256           4444
          -16713.831  445940           4460
          -16713.831  585616           4445
          -16713.831  875804           4458
          -16713.831  692619           4446
          -16713.831  599841           1111
          -16713.831  134425           4447
          -16713.831  509278           4448
          -16713.831  632346           4449
          -16713.831  878585           4450
          -16713.831  669573           1112
          -16713.831  891371           4451
          -16713.831  813511           4452
          -16713.831  73003            4453
          -16713.831  657517           4454
          -16713.831  516424           1113
          -16713.831  533661           4455
          -16713.831  568330           4456
          -16713.831  375783           4457
          -16713.831  975897           1114
          -16713.831  171308           4459
          -16713.831  584594           4461
          -16713.831  918358           1115
          -16713.831  340104           4463
          -16713.831  164338           4464
          -16713.831  220955           4465
          -16713.831  475133           1116
          -16713.831  273758           4467
          -16713.831  740680           4469
          -16713.831  519306           1117
          -16713.831  721022           4471
          -16713.831  938753           4472
          -16713.831  720970           4473
          -16713.831  673292           1118
          -16713.831  761226           4475
          -16713.831  128863           4477
          -16713.831  253711           1119
          -16713.831  81288            1120
          -16713.831  730928           1121
          -16713.831  906985           1122
          -16713.831  397343           1123
          -16713.831  909692           1124
          -16713.831  764824           1125
          -16713.831  830994           1126
          -16713.831  320999           1127
          -16713.831  23469            1128
          -16713.831  129404           1129
          -16713.831  941947           1130
          -16713.831  48231            1131
          -16713.831  876668           1132
          -16713.831  711709           1133
          -16713.831  77343            1134
          -16713.831  866839           1135
          -16713.831  427014           1136
          -16713.831  434141           1137
          -16713.831  486710           1138
          -16713.831  829296           1139
          -16713.831  719806           1140
          -16713.831  461454           1141
          -16713.831  480522           1142
          -16713.831  748017           1143
          -16713.831  416838           1144
          -16713.831  431544           1145
          -16713.831  531154           1146
          -16713.831  333751           1147
          -16713.831  866250           4878
          -16713.831  85950            4886
          -16713.831  906650           4890
          -16713.831  435766           4894
          -16713.831  501651           4902
          -16713.831  865705           4906
          -16713.831  712797           4910
          -16713.831  398860           4918
          -16713.831  554896           4922
          -16713.831  295886           4926
          -16713.831  711792           4934
          -16713.831  436023           4938
          -16713.831  425167           4942
          -16713.831  381051           4950
          -16713.831  879632           4954
          -16713.831  179647           4958
          -16713.831  728777           4966
          -16713.831  348174           4970
          -16713.831  727555           4974
          -16713.831  305693           4982
          -16713.831  724127           4986
          -16713.831  458470           4990
          -16713.831  589844           4998
          -16713.831  232470           2502
          -16713.831  751731           2503
          -16713.831  148295           2504
          -16713.831  610116           1252
          -16713.831  576652           2505
          -16713.831  907495           2506
          -16713.831  834894           1253
          -16713.831  819951           2507
          -16713.831  73437            2508
          -16713.831  4329             1254
          -16713.831  844071           2509
          -16713.831  128336           2510
          -16713.831  587670           1255
          -16713.831  104516           2511
          -16713.831  549637           2512
          -16713.831  938874           1256
          -16713.831  159501           2513
          -16713.831  301484           2514
          -16713.831  596925           1257
          -16713.831  103051           2515
          -16713.831  421150           2516
          -16713.831  32890            1258
          -16713.831  108969           2517
          -16713.831  197890           2518
          -16713.831  14207            1259
          -16713.831  638750           2519
          -16713.831  123652           2520
          -16713.831  838200           1260
          -16713.831  516530           2521
          -16713.831  452398           2522
          -16713.831  815678           1261
          -16713.831  34991            2523
          -16713.831  447183           2524
          -16713.831  898110           1262
          -16713.831  591172           2525
          -16713.831  54829            2526
          -16713.831  23880            1263
          -16713.831  546685           2527
          -16713.831  814617           2528
          -16713.831  20274            1264
          -16713.831  872832           2529
          -16713.831  146308           2530
          -16713.831  279833           1265
          -16713.831  141980           2531
          -16713.831  833093           2532
          -16713.831  853890           1266
          -16713.831  13500            2533
          -16713.831  291023           2534
          -16713.831  792444           1267
          -16713.831  186238           2535
          -16713.831  249568           2536
          -16713.831  823445           1268
          -16713.831  124209           2537
          -16713.831  241062           2538
          -16713.831  6989             1269
          -16713.831  782806           2539
          -16713.831  303782           2540
          -16713.831  984104           1270
          -16713.831  462445           2541
          -16713.831  984639           2542
          -16713.831  594031           1271
          -16713.831  463026           2543
          -16713.831  914339           2544
          -16713.831  398134           1272
          -16713.831  446233           2545
          -16713.831  135842           2546
          -16713.831  43170            1273
          -16713.831  914693           2547
          -16713.831  95155            2548
          -16713.831  509360           1274
          -16713.831  273932           2549
          -16713.831  717564           2550
          -16713.831  767501           1275
          -16713.831  116510           2551
          -16713.831  423077           2552
          -16713.831  349560           1276
          -16713.831  445824           2553
          -16713.831  558550           2554
          -16713.831  15965            1277
          -16713.831  489139           2555
          -16713.831  428999           2556
          -16713.831  977369           1278
          -16713.831  547288           2557
          -16713.831  727947           2558
          -16713.831  54030            1279
          -16713.831  879085           2559
          -16713.831  715912           2560
          -16713.831  110613           1280
          -16713.831  993584           2561
          -16713.831  229965           2562
          -16713.831  777277           1281
          -16713.831  162676           2563
          -16713.831  259316           2564
          -16713.831  632049           1282
          -16713.831  391781           2565
          -16713.831  99120            2566
          -16713.831  514272           1283
          -16713.831  48336            2567
          -16713.831  319763           2568
          -16713.831  290542           1284
          -16713.831  20894            2569
          -16713.831  108152           2570
          -16713.831  608720           1285
          -16713.831  551356           2571
          -16713.831  579778           2572
          -16713.831  832619           1286
          -16713.831  962232           2573
          -16713.831  408809           2574
          -16713.831  831049           1287
          -16713.831  650552           2575
          -16713.831  52806            2576
          -16713.831  467349           1288
          -16713.831  60217            2577
          -16713.831  120328           2578
          -16713.831  88461            1289
          -16713.831  960356           2579
          -16713.831  774605           2580
          -16713.831  950604           1290
          -16713.831  81700            2581
          -16713.831  925156           2582
          -16713.831  932305           1291
          -16713.831  675040           2583
          -16713.831  553759           2584
          -16713.831  267530           1292
          -16713.831  498492           2585
          -16713.831  990752           2586
          -16713.831  207482           1293
          -16713.831  701504           2587
          -16713.831  678914           2588
          -16713.831  149596           1294
          -16713.831  485476           2589
          -16713.831  66557            2590
          -16713.831  746241           1295
          -16713.831  395132           2591
          -16713.831  347307           2592
          -16713.831  426125           1296
          -16713.831  532294           2593
          -16713.831  603276           2594
          -16713.831  929428           1297
          -16713.831  821002           2595
          -16713.831  527325           2596
          -16713.831  661136           1298
          -16713.831  36203            2597
          -16713.831  808708           2598
          -16713.831  351588           1299
          -16713.831  783864           2599
          -16713.831  949694           2600
          -16713.831  290688           1300
          -16713.831  987056           2601
          -16713.831  711814           2602
          -16713.831  964288           1301
          -16713.831  361982           2603
          -16713.831  664527           2604
          -16713.831  278594           1302
          -16713.831  576258           2605
          -16713.831  69298            2606
          -16713.831  269097           1303
          -16713.831  487282           2607
          -16713.831  215607           2608
          -16713.831  997757           1304
          -16713.831  886891           2609
          -16713.831  811039           2610
          -16713.831  744285           1305
          -16713.831  418286           2611
          -16713.831  915555           2612
          -16713.831  352769           1306
          -16713.831  239010           2613
          -16713.831  779325           2614
          -16713.831  474436           1307
          -16713.831  573186           2615
          -16713.831  426625           2616
          -16713.831  587867           1308
          -16713.831  76995            2617
          -16713.831  309615           2618
          -16713.831  440436           1309
          -16713.831  185799           2619
          -16713.831  195090           2620
          -16713.831  637526           1310
          -16713.831  984298           2621
          -16713.831  146231           2622
          -16713.831  356393           1311
          -16713.831  943991           2623
          -16713.831  900593           2624
          -16713.831  538738           1312
          -16713.831  795103           2625
          -16713.831  484640           1313
          -16713.831  574300           1314
          -16713.831  985721           1315
          -16713.831  491175           1316
          -16713.831  841162           1317
          -16713.831  420492           1318
          -16713.831  725577           1319
          -16713.831  769269           1320
          -16713.831  274828           1321
          -16713.831  212339           1322
          -16713.831  799605           1323
          -16713.831  946527           1324
          -16713.831  146984           1325
          -16713.831  156288           1326
          -16713.831  365436           1327
          -16713.831  259984           1328
          -16713.831  269720           1329
          -16713.831  798791           1330
          -16713.831  758550           1331
          -16713.831  608274           1332
          -16713.831  542823           1333
          -16713.831  108072           1334
          -16713.831  105809           1335
          -16713.831  446130           1336
          -16713.831  207761           1337
          -16713.831  886062           1338
          -16713.831  890254           1339
          -16713.831  28117            1340
          -16713.831  336474           1341
          -16713.831  998471           1342
          -16713.831  739647           1343
          -16713.831  803411           1344
          -16713.831  28696            1345
          -16713.831  152539           1346
          -16713.831  859665           1347
          -16713.831  740961           1348
          -16713.831  635854           1349
          -16713.831  772376           1350
          -16713.831  897186           1351
          -16713.831  845480           1352
          -16713.831  56539            1353
          -16713.831  812828           1354
          -16713.831  838685           1355
          -16713.831  628033           1356
          -16713.831  475676           1357
          -16713.831  437989           1358
          -16713.831  229764           1359
          -16713.831  890492           1360
          -16713.831  126856           1361
          -16713.831  212644           1362
          -16713.831  411761           1363
          -16713.831  794756           1364
          -16713.831  456089           1365
          -16713.831  660697           1366
          -16713.831  806611           1367
          -16713.831  300134           1368
          -16713.831  512997           1369
          -16713.831  777829           1370
          -16713.831  735827           1371
          -16713.831  152334           1372
          -16713.831  522262           1373
          -16713.831  158537           1374
          -16713.831  615694           1375
          -16713.831  633620           3127
          -16713.831  209374           3128
          -16713.831  320577           3129
          -16713.831  11223            3130
          -16713.831  589954           3131
          -16713.831  472787           3132
          -16713.831  226557           3133
          -16713.831  997241           3134
          -16713.831  431405           3135
          -16713.831  532640           3136
          -16713.831  990192           3137
          -16713.831  696522           3138
          -16713.831  460757           3139
          -16713.831  531681           3140
          -16713.831  808421           3141
          -16713.831  299340           3142
          -16713.831  586828           3143
          -16713.831  976118           3144
          -16713.831  207510           3145
          -16713.831  804497           3146
          -16713.831  26283            3147
          -16713.831  592933           3148
          -16713.831  122450           3149
          -16713.831  550960           3150
          -16713.831  417682           3151
          -16713.831  421636           3152
          -16713.831  571647           3153
          -16713.831  287460           3154
          -16713.831  921778           3155
          -16713.831  55893            3156
          -16713.831  692098           3157
          -16713.831  312471           3158
          -16713.831  152479           3159
          -16713.831  509226           3160
          -16713.831  659519           3161
          -16713.831  601285           3162
          -16713.831  987728           3163
          -16713.831  107552           3164
          -16713.831  31628            3165
          -16713.831  4149             3166
          -16713.831  355662           3167
          -16713.831  780611           3168
          -16713.831  982601           3169
          -16713.831  585820           3170
          -16713.831  259673           3171
          -16713.831  886621           3172
          -16713.831  900281           3173
          -16713.831  264734           3174
          -16713.831  890434           3175
          -16713.831  915784           3176
          -16713.831  692274           3177
          -16713.831  716351           3178
          -16713.831  344697           3179
          -16713.831  782967           3180
          -16713.831  16072            3181
          -16713.831  278733           3182
          -16713.831  798720           3183
          -16713.831  330838           3184
          -16713.831  114507           3185
          -16713.831  778269           3186
          -16713.831  381324           3187
          -16713.831  245491           3188
          -16713.831  182194           3189
          -16713.831  475419           3190
          -16713.831  388925           3191
          -16713.831  167859           3192
          -16713.831  780706           3193
          -16713.831  606506           3194
          -16713.831  366690           3195
          -16713.831  735972           3196
          -16713.831  913869           3197
          -16713.831  552118           3198
          -16713.831  108451           3199
          -16713.831  13787            3200
          -16713.831  326841           3201
          -16713.831  713026           3202
          -16713.831  343413           3203
          -16713.831  731238           3204
          -16713.831  539663           3205
          -16713.831  485015           3206
          -16713.831  384778           3207
          -16713.831  248191           3208
          -16713.831  975258           3209
          -16713.831  816391           3210
          -16713.831  980313           3211
          -16713.831  493353           3212
          -16713.831  611833           3213
          -16713.831  609417           3214
          -16713.831  331694           3215
          -16713.831  409630           3216
          -16713.831  616823           3217
          -16713.831  963970           3218
          -16713.831  475415           3219
          -16713.831  134087           3220
          -16713.831  183157           3221
          -16713.831  763187           3222
          -16713.831  98446            3223
          -16713.831  86929            3224
          -16713.831  112053           3225
          -16713.831  235311           3226
          -16713.831  43898            3227
          -16713.831  663979           3228
          -16713.831  992086           3229
          -16713.831  213915           3230
          -16713.831  873464           3231
          -16713.831  622653           3232
          -16713.831  712269           3233
          -16713.831  842873           3234
          -16713.831  546416           3235
          -16713.831  609005           3236
          -16713.831  447066           3237
          -16713.831  331285           3238
          -16713.831  161343           3239
          -16713.831  44999            3240
          -16713.831  532089           3241
          -16713.831  171712           3242
          -16713.831  258416           3243
          -16713.831  382393           3244
          -16713.831  759053           3245
          -16713.831  324640           3246
          -16713.831  265731           3247
          -16713.831  631254           3248
          -16713.831  365302           3249
          -16713.831  445358           3250



THE MODEL ESTIMATION TERMINATED NORMALLY

     THE CHI-SQUARE TEST CANNOT BE COMPUTED BECAUSE THE FREQUENCY TABLE FOR THE
     LATENT CLASS INDICATOR MODEL PART IS TOO LARGE.




MODEL FIT INFORMATION

Number of Free Parameters                       32

Loglikelihood

          H0 Value                      -16713.831
          H0 Scaling Correction Factor      1.0000
            for MLR

Information Criteria

          Akaike (AIC)                   33491.661
          Bayesian (BIC)                 33674.886
          Sample-Size Adjusted BIC       33573.216
            (n* = (n + 2) / 24)



FINAL CLASS COUNTS AND PROPORTIONS FOR THE LATENT CLASSES
BASED ON THE ESTIMATED MODEL

    Latent
   Classes

       1       2266.00000          1.00000


FINAL CLASS COUNTS AND PROPORTIONS FOR THE LATENT CLASSES
BASED ON ESTIMATED POSTERIOR PROBABILITIES

    Latent
   Classes

       1       2266.00000          1.00000


FINAL CLASS COUNTS AND PROPORTIONS FOR THE LATENT CLASSES
BASED ON THEIR MOST LIKELY LATENT CLASS MEMBERSHIP

Class Counts and Proportions

    Latent
   Classes

       1             2266          1.00000


Average Latent Class Probabilities for Most Likely Latent Class Membership (Row)
by Latent Class (Column)

           1

    1   1.000


Classification Probabilities for the Most Likely Latent Class Membership (Column)
by Latent Class (Row)

           1

    1   1.000


Logits for the Classification Probabilities for the Most Likely Latent Class Membership (Column)
by Latent Class (Row)

              1

    1      0.000


MODEL RESULTS

                                                    Two-Tailed
                    Estimate       S.E.  Est./S.E.    P-Value

Latent Class 1

 Thresholds
    C1S1$1             0.592      0.044     13.499      0.000
    C1S2$1             1.157      0.049     23.498      0.000
    C1S3$1             1.351      0.052     26.000      0.000
    C1S4$1             1.693      0.058     29.198      0.000
    C1S5$1             2.341      0.074     31.534      0.000
    C1S6$1             1.105      0.049     22.733      0.000
    C1S32$1            2.487      0.079     31.519      0.000
    C2S7$1             1.596      0.056     28.438      0.000
    C2S8$1             2.078      0.067     31.106      0.000
    C2S9$1             2.605      0.083     31.392      0.000
    C3S10$1            2.276      0.072     31.486      0.000
    C3S11$1            2.171      0.069     31.330      0.000
    C3S12$1            2.235      0.071     31.437      0.000
    C3S13$1            3.005      0.099     30.337      0.000
    C3S14$1            2.506      0.080     31.505      0.000
    C3S15$1            2.374      0.075     31.546      0.000
    C4S16$1            4.126      0.168     24.560      0.000
    C4S17$1            4.098      0.166     24.725      0.000
    C4S18$1            4.071      0.164     24.886      0.000
    C4S19$1            4.215      0.175     24.034      0.000
    C4S20$1            4.346      0.187     23.252      0.000
    C4S23$1            4.721      0.225     21.020      0.000
    C4S25$1            4.019      0.160     25.194      0.000
    C4S26$1            4.215      0.175     24.034      0.000
    C5S21$1            4.045      0.162     25.042      0.000
    C5S22$1            4.071      0.164     24.886      0.000
    C5S24$1            4.071      0.164     24.886      0.000
    C5S27$1            4.155      0.170     24.390      0.000
    C5S28$1            4.045      0.162     25.042      0.000
    C5S29$1            4.155      0.170     24.390      0.000
    C5S30$1            3.571      0.129     27.730      0.000
    C5S31$1            3.791      0.143     26.512      0.000


RESULTS IN PROBABILITY SCALE

Latent Class 1

 C1S1
    Category 1         0.644      0.010     64.006      0.000
    Category 2         0.356      0.010     35.403      0.000
 C1S2
    Category 1         0.761      0.009     84.898      0.000
    Category 2         0.239      0.009     26.691      0.000
 C1S3
    Category 1         0.794      0.008     93.556      0.000
    Category 2         0.206      0.008     24.221      0.000
 C1S4
    Category 1         0.845      0.008    111.002      0.000
    Category 2         0.155      0.008     20.414      0.000
 C1S5
    Category 1         0.912      0.006    153.417      0.000
    Category 2         0.088      0.006     14.770      0.000
 C1S6
    Category 1         0.751      0.009     82.693      0.000
    Category 2         0.249      0.009     27.402      0.000
 C1S32
    Category 1         0.923      0.006    165.058      0.000
    Category 2         0.077      0.006     13.729      0.000
 C2S7
    Category 1         0.831      0.008    105.716      0.000
    Category 2         0.169      0.008     21.435      0.000
 C2S8
    Category 1         0.889      0.007    134.573      0.000
    Category 2         0.111      0.007     16.838      0.000
 C2S9
    Category 1         0.931      0.005    175.069      0.000
    Category 2         0.069      0.005     12.943      0.000
 C3S10
    Category 1         0.907      0.006    148.558      0.000
    Category 2         0.093      0.006     15.253      0.000
 C3S11
    Category 1         0.898      0.006    140.949      0.000
    Category 2         0.102      0.006     16.077      0.000
 C3S12
    Category 1         0.903      0.006    145.535      0.000
    Category 2         0.097      0.006     15.570      0.000
 C3S13
    Category 1         0.953      0.004    213.828      0.000
    Category 2         0.047      0.004     10.597      0.000
 C3S14
    Category 1         0.925      0.006    166.619      0.000
    Category 2         0.075      0.006     13.600      0.000
 C3S15
    Category 1         0.915      0.006    156.009      0.000
    Category 2         0.085      0.006     14.525      0.000
 C4S16
    Category 1         0.984      0.003    374.655      0.000
    Category 2         0.016      0.003      6.048      0.000
 C4S17
    Category 1         0.984      0.003    369.474      0.000
    Category 2         0.016      0.003      6.133      0.000
 C4S18
    Category 1         0.983      0.003    364.499      0.000
    Category 2         0.017      0.003      6.217      0.000
 C4S19
    Category 1         0.985      0.003    391.577      0.000
    Category 2         0.015      0.003      5.787      0.000
 C4S20
    Category 1         0.987      0.002    418.084      0.000
    Category 2         0.013      0.002      5.420      0.000
 C4S23
    Category 1         0.991      0.002    504.452      0.000
    Category 2         0.009      0.002      4.492      0.000
 C4S25
    Category 1         0.982      0.003    355.110      0.000
    Category 2         0.018      0.003      6.381      0.000
 C4S26
    Category 1         0.985      0.003    391.577      0.000
    Category 2         0.015      0.003      5.787      0.000
 C5S21
    Category 1         0.983      0.003    359.714      0.000
    Category 2         0.017      0.003      6.299      0.000
 C5S22
    Category 1         0.983      0.003    364.499      0.000
    Category 2         0.017      0.003      6.217      0.000
 C5S24
    Category 1         0.983      0.003    364.499      0.000
    Category 2         0.017      0.003      6.217      0.000
 C5S27
    Category 1         0.985      0.003    380.054      0.000
    Category 2         0.015      0.003      5.962      0.000
 C5S28
    Category 1         0.983      0.003    359.714      0.000
    Category 2         0.017      0.003      6.299      0.000
 C5S29
    Category 1         0.985      0.003    380.054      0.000
    Category 2         0.015      0.003      5.962      0.000
 C5S30
    Category 1         0.973      0.003    283.818      0.000
    Category 2         0.027      0.003      7.984      0.000
 C5S31
    Category 1         0.978      0.003    316.906      0.000
    Category 2         0.022      0.003      7.150      0.000


QUALITY OF NUMERICAL RESULTS

     Condition Number for the Information Matrix              0.276E-02
       (ratio of smallest to largest eigenvalue)


PLOT INFORMATION

The following plots are available:

  Histograms (sample values)
  Scatterplots (sample values)
  Sample proportions and estimated probabilities

SAVEDATA INFORMATION


  Save file
    LCA_1_out.dat

  Order and format of variables

    C1S1           F10.3
    C1S2           F10.3
    C1S3           F10.3
    C1S4           F10.3
    C1S5           F10.3
    C1S6           F10.3
    C1S32          F10.3
    C2S7           F10.3
    C2S8           F10.3
    C2S9           F10.3
    C3S10          F10.3
    C3S11          F10.3
    C3S12          F10.3
    C3S13          F10.3
    C3S14          F10.3
    C3S15          F10.3
    C4S16          F10.3
    C4S17          F10.3
    C4S18          F10.3
    C4S19          F10.3
    C4S20          F10.3
    C4S23          F10.3
    C4S25          F10.3
    C4S26          F10.3
    C5S21          F10.3
    C5S22          F10.3
    C5S24          F10.3
    C5S27          F10.3
    C5S28          F10.3
    C5S29          F10.3
    C5S30          F10.3
    C5S31          F10.3
    CODE           F10.3
    CPROB1         F10.3
    C              F10.3

  Save file format
    35F10.3

  Save file record length    10000


     Beginning Time:  00:36:59
        Ending Time:  00:37:01
       Elapsed Time:  00:00:02



MUTHEN & MUTHEN
3463 Stoner Ave.
Los Angeles, CA  90066

Tel: (310) 391-9971
Fax: (310) 391-8971
Web: www.StatModel.com
Support: Support@StatModel.com

Copyright (c) 1998-2019 Muthen & Muthen
