Mplus VERSION 8.3 (Mac)
MUTHEN & MUTHEN
06/09/2025  12:39 AM

INPUT INSTRUCTIONS

  TITLE:
  LCA - 4 Class;
  DATA:
  FILE = "/Users/roberthuang/Desktop/Blued/LCA_4.dat";

  VARIABLE:
  NAMES = Code C1S1 C1S2 C1S3 C1S4 C1S5 C1S6 C1S32 C2S7 C2S8 C2S9 C3S10 C3S11 C3S12
       C3S13 C3S14 C3S15 C4S16 C4S17 C4S18 C4S19 C4S20 C4S23 C4S25 C4S26 C5S21 C5S22
       C5S24 C5S27 C5S28 C5S29 C5S30 C5S31;
   MISSING=.;
   categorical = C1S1 - C5S31;
       usevar = C1S1 - C5S31;
       classes = c(4);
       auxiliary = Code;
  ANALYSIS:
  estimator = mlr;
       type = mixture;
       starts = 5000 1000;
       lrtstarts = 0 0 2000 500;
       stseed = 641;
       processors = 8;
  OUTPUT:
  tech11 tech14;
  SAVEDATA:
  file = LCA_4_out.dat;
       save = cprob;
       missflag = .;
  PLOT:
  type = plot3;
       series = C1S1 - C5S31 (*);



INPUT READING TERMINATED NORMALLY




LCA - 4 Class;

SUMMARY OF ANALYSIS

Number of groups                                                 1
Number of observations                                        2266

Number of dependent variables                                   32
Number of independent variables                                  0
Number of continuous latent variables                            0
Number of categorical latent variables                           1

Observed dependent variables

  Binary and ordered categorical (ordinal)
   C1S1        C1S2        C1S3        C1S4        C1S5        C1S6
   C1S32       C2S7        C2S8        C2S9        C3S10       C3S11
   C3S12       C3S13       C3S14       C3S15       C4S16       C4S17
   C4S18       C4S19       C4S20       C4S23       C4S25       C4S26
   C5S21       C5S22       C5S24       C5S27       C5S28       C5S29
   C5S30       C5S31

Observed auxiliary variables
   CODE

Categorical latent variables
   C


Estimator                                                      MLR
Information matrix                                        OBSERVED
Optimization Specifications for the Quasi-Newton Algorithm for
Continuous Outcomes
  Maximum number of iterations                                 100
  Convergence criterion                                  0.100D-05
Optimization Specifications for the EM Algorithm
  Maximum number of iterations                                 500
  Convergence criteria
    Loglikelihood change                                 0.100D-06
    Relative loglikelihood change                        0.100D-06
    Derivative                                           0.100D-05
Optimization Specifications for the M step of the EM Algorithm for
Categorical Latent variables
  Number of M step iterations                                    1
  M step convergence criterion                           0.100D-05
  Basis for M step termination                           ITERATION
Optimization Specifications for the M step of the EM Algorithm for
Censored, Binary or Ordered Categorical (Ordinal), Unordered
Categorical (Nominal) and Count Outcomes
  Number of M step iterations                                    1
  M step convergence criterion                           0.100D-05
  Basis for M step termination                           ITERATION
  Maximum value for logit thresholds                            15
  Minimum value for logit thresholds                           -15
  Minimum expected cell size for chi-square              0.100D-01
Maximum number of iterations for H1                           2000
Convergence criterion for H1                             0.100D-03
Optimization algorithm                                         EMA
Random Starts Specifications
  Number of initial stage random starts                       5000
  Number of final stage optimizations                         1000
  Number of initial stage iterations                            10
  Initial stage convergence criterion                    0.100D+01
  Random starts scale                                    0.500D+01
  Random seed for generating random starts                     641
Link                                                         LOGIT

Input data file(s)
  /Users/roberthuang/Desktop/Blued/LCA_4.dat
Input data format  FREE


SUMMARY OF DATA

     Number of missing data patterns             1
     Number of y missing data patterns           0
     Number of u missing data patterns           1


COVARIANCE COVERAGE OF DATA

Minimum covariance coverage value   0.100


UNIVARIATE PROPORTIONS AND COUNTS FOR CATEGORICAL VARIABLES

    C1S1
      Category 1    0.644         1459.000
      Category 2    0.356          807.000
    C1S2
      Category 1    0.761         1724.000
      Category 2    0.239          542.000
    C1S3
      Category 1    0.794         1800.000
      Category 2    0.206          466.000
    C1S4
      Category 1    0.845         1914.000
      Category 2    0.155          352.000
    C1S5
      Category 1    0.912         2067.000
      Category 2    0.088          199.000
    C1S6
      Category 1    0.751         1702.000
      Category 2    0.249          564.000
    C1S32
      Category 1    0.923         2092.000
      Category 2    0.077          174.000
    C2S7
      Category 1    0.831         1884.000
      Category 2    0.169          382.000
    C2S8
      Category 1    0.889         2014.000
      Category 2    0.111          252.000
    C2S9
      Category 1    0.931         2110.000
      Category 2    0.069          156.000
    C3S10
      Category 1    0.907         2055.000
      Category 2    0.093          211.000
    C3S11
      Category 1    0.898         2034.000
      Category 2    0.102          232.000
    C3S12
      Category 1    0.903         2047.000
      Category 2    0.097          219.000
    C3S13
      Category 1    0.953         2159.000
      Category 2    0.047          107.000
    C3S14
      Category 1    0.925         2095.000
      Category 2    0.075          171.000
    C3S15
      Category 1    0.915         2073.000
      Category 2    0.085          193.000
    C4S16
      Category 1    0.984         2230.000
      Category 2    0.016           36.000
    C4S17
      Category 1    0.984         2229.000
      Category 2    0.016           37.000
    C4S18
      Category 1    0.983         2228.000
      Category 2    0.017           38.000
    C4S19
      Category 1    0.985         2233.000
      Category 2    0.015           33.000
    C4S20
      Category 1    0.987         2237.000
      Category 2    0.013           29.000
    C4S23
      Category 1    0.991         2246.000
      Category 2    0.009           20.000
    C4S25
      Category 1    0.982         2226.000
      Category 2    0.018           40.000
    C4S26
      Category 1    0.985         2233.000
      Category 2    0.015           33.000
    C5S21
      Category 1    0.983         2227.000
      Category 2    0.017           39.000
    C5S22
      Category 1    0.983         2228.000
      Category 2    0.017           38.000
    C5S24
      Category 1    0.983         2228.000
      Category 2    0.017           38.000
    C5S27
      Category 1    0.985         2231.000
      Category 2    0.015           35.000
    C5S28
      Category 1    0.983         2227.000
      Category 2    0.017           39.000
    C5S29
      Category 1    0.985         2231.000
      Category 2    0.015           35.000
    C5S30
      Category 1    0.973         2204.000
      Category 2    0.027           62.000
    C5S31
      Category 1    0.978         2216.000
      Category 2    0.022           50.000


RANDOM STARTS RESULTS RANKED FROM THE BEST TO THE WORST LOGLIKELIHOOD VALUES

Final stage loglikelihood values at local maxima, seeds, and initial stage start numbers:

          -11461.192  314586           4089
          -11461.192  298888           1250
          -11461.192  682166           803
          -11461.192  263680           695
          -11461.192  309077           1655
          -11461.192  578961           4436
          -11461.192  103705           1682
          -11461.192  486097           3424
          -11461.192  760651           2897
          -11461.192  288299           3713
          -11461.192  770845           4115
          -11461.192  95212            146
          -11461.192  714119           2827
          -11461.192  964750           1683
          -11461.192  934054           3446
          -11461.192  729556           2469
          -11461.192  422016           767
          -11461.192  824725           4959
          -11461.192  558011           2256
          -11461.192  527005           3994
          -11461.192  676403           4900
          -11461.192  752883           2145
          -11461.192  442327           2659
          -11461.192  715593           3404
          -11461.192  512745           1661
          -11461.192  921118           2678
          -11461.192  970436           4626
          -11461.192  114507           3185
          -11461.192  637010           4831
          -11461.192  496887           1482
          -11461.192  434963           2189
          -11461.192  356088           3474
          -11461.192  896796           3344
          -11461.192  897438           1571
          -11461.192  94510            2449
          -11461.192  683394           395
          -11461.192  519749           3118
          -11461.192  845495           1570
          -11461.192  279848           3809
          -11461.192  629942           3853
          -11461.192  395553           1558
          -11461.192  73101            992
          -11461.192  530916           2013
          -11461.192  984048           2844
          -11461.192  512230           74
          -11461.192  578              1825
          -11461.192  566881           357
          -11461.192  564631           4080
          -11461.192  643020           3829
          -11461.192  648645           1756
          -11461.192  319406           4058
          -11461.192  151207           3575
          -11461.192  69778            2044
          -11461.192  890886           277
          -11461.192  616823           3217
          -11461.192  122953           58
          -11461.192  983336           3896
          -11461.192  105158           397
          -11461.192  69309            2226
          -11461.192  712797           4910
          -11461.192  51498            4184
          -11461.192  578743           2715
          -11461.192  880721           4004
          -11461.192  5598             23
          -11461.192  73818            1038
          -11461.192  158348           2158
          -11461.192  395113           3950
          -11461.192  339662           4300
          -11461.192  794213           3877
          -11461.192  83773            677
          -11461.192  705280           739
          -11461.192  856828           1513
          -11461.192  717657           3002
          -11461.192  908782           4852
          -11461.192  990752           2586
          -11461.192  365436           1327
          -11461.192  86325            4293
          -11461.192  997757           2486
          -11461.192  997757           1304
          -11461.192  408570           185
          -11461.192  721429           4676
          -11461.192  407329           3353
          -11461.192  215593           532
          -11461.192  152650           1543
          -11461.192  371147           2098
          -11461.192  440910           1580
          -11461.192  87430            3642
          -11461.192  844071           2509
          -11461.192  744741           223
          -11461.192  95783            4847
          -11461.192  763187           3222
          -11461.192  801405           4083
          -11461.192  665067           510
          -11461.192  874248           577
          -11461.192  654713           4636
          -11461.192  134229           1694
          -11461.192  930196           1177
          -11461.192  359487           122
          -11461.192  81411            2124
          -11461.192  63646            467
          -11461.192  892871           1176
          -11461.192  647845           4858
          -11461.192  564342           1919
          -11461.192  888993           4863
          -11461.192  227610           4659
          -11461.192  866789           4171
          -11461.192  244988           4244
          -11461.192  220626           3478
          -11461.192  610635           824
          -11461.192  536191           1953
          -11461.192  621803           256
          -11461.192  703657           2245
          -11461.192  153326           1551
          -11461.192  970375           1502
          -11461.192  447220           2181
          -11461.192  593941           4533
          -11461.192  230604           4247
          -11461.192  545391           3258
          -11461.192  584932           153
          -11461.192  857038           1492
          -11461.192  606506           3194
          -11461.192  480522           1142
          -11461.192  612318           2412
          -11461.192  297969           3542
          -11461.192  585497           970
          -11461.192  345927           4616
          -11461.192  516424           1113
          -11461.192  561672           1685
          -11461.192  10417            1780
          -11461.192  22666            3741
          -11461.192  994841           740
          -11461.192  438821           83
          -11461.192  523456           1921
          -11461.192  813417           2092
          -11461.192  434566           4205
          -11461.192  181713           1915
          -11461.192  852296           1445
          -11461.192  373277           3071
          -11461.192  672607           4571
          -11461.192  240179           2943
          -11461.192  564215           3683
          -11461.192  73361            805
          -11461.192  757179           4317
          -11461.192  926300           4694
          -11461.192  152539           1346
          -11461.192  330920           2861
          -11461.192  398111           716
          -11461.192  352205           2101
          -11461.192  154672           2391
          -11461.192  955053           2628
          -11461.192  878585           4450
          -11461.192  663247           4345
          -11461.192  693917           650
          -11461.192  174387           1486
          -11461.192  634591           3316
          -11461.192  882173           3600
          -11461.192  530045           4487
          -11461.192  301484           2514
          -11461.192  4831             1882
          -11461.192  407579           2319
          -11461.192  835673           3641
          -11461.192  144201           1823
          -11461.192  769053           1464
          -11461.192  923466           1998
          -11461.192  376441           4489
          -11461.192  436555           1940
          -11461.192  615349           632
          -11461.192  389315           4825
          -11461.192  896168           4195
          -11461.192  825090           530
          -11461.192  937147           1031
          -11461.192  755859           1747
          -11461.192  928839           2204
          -11461.192  76995            2617
          -11461.192  767600           3790
          -11461.192  150627           1907
          -11461.192  782900           3360
          -11461.192  264050           4248
          -11461.192  859735           3958
          -11461.192  532081           3761
          -11461.192  124413           335
          -11461.192  238865           1019
          -11461.192  545769           4267
          -11461.192  358453           2912
          -11461.192  615518           142
          -11461.192  6440             2392
          -11461.192  803297           4607
          -11461.192  829002           2653
          -11461.192  399474           40
          -11461.192  204735           887
          -11461.192  231368           4131
          -11461.192  343413           3203
          -11461.192  384186           3880
          -11461.192  835395           3830
          -11461.192  876175           2125
          -11461.192  333751           1147
          -11461.192  341902           2795
          -11461.192  275371           4312
          -11461.192  746378           1382
          -11461.192  764162           666
          -11461.192  964719           1212
          -11461.192  911549           4975
          -11461.192  186927           108
          -11461.192  465941           4507
          -11461.192  136914           2293
          -11461.192  854444           4779
          -11461.192  777093           2252
          -11461.192  905252           584
          -11461.192  316745           3937
          -11461.192  432227           2448
          -11461.192  862983           3049
          -11461.192  833165           4750
          -11461.192  28117            1340
          -11461.192  914837           4592
          -11461.192  951403           1749
          -11461.192  448205           4178
          -11461.192  700703           2205
          -11461.192  406163           2167
          -11461.192  354880           4082
          -11461.192  733567           595
          -11461.192  68771            2019
          -11461.192  800261           225
          -11461.192  829773           4876
          -11461.192  700197           3456
          -11461.192  730199           4262
          -11461.192  381312           2650
          -11461.192  383328           4151
          -11461.192  662849           4879
          -11461.192  695587           3690
          -11461.192  657983           2657
          -11461.192  374982           3783
          -11461.192  658715           888
          -11461.192  1021             2684
          -11461.192  468089           2333
          -11461.192  708153           366
          -11461.192  727555           4974
          -11461.192  928555           942
          -11461.192  395114           674
          -11461.192  776747           3057
          -11461.192  845965           4234
          -11461.192  480435           614
          -11461.192  147725           4182
          -11461.192  722268           2955
          -11461.192  892771           4632
          -11461.192  33623            4370
          -11461.192  275617           1906
          -11461.192  944569           114
          -11461.192  686478           3960
          -11461.192  316652           4749
          -11461.192  819384           3739
          -11461.192  777189           4172
          -11461.192  839756           3391
          -11461.192  151205           1885
          -11461.192  651139           3297
          -11461.192  966178           476
          -11461.192  845480           1352
          -11461.192  689222           35
          -11461.192  933483           2079
          -11461.192  310204           4343
          -11461.192  208200           4129
          -11461.192  369499           290
          -11461.192  83391            797
          -11461.192  658268           79
          -11461.192  323696           721
          -11461.192  414613           2852
          -11461.192  317446           2695
          -11461.192  188525           1478
          -11461.192  978671           1690
          -11461.192  740265           3981
          -11461.192  725933           4605
          -11461.192  931076           2778
          -11461.192  790451           4190
          -11461.192  839924           2067
          -11461.192  462367           252
          -11461.192  141389           2826
          -11461.192  675991           3445
          -11461.192  794368           1062
          -11461.192  446233           2545
          -11461.192  42610            319
          -11461.192  730894           3719
          -11461.192  76028            2349
          -11461.192  138256           3387
          -11461.192  987056           2601
          -11461.192  405815           3096
          -11461.192  263514           1701
          -11461.192  135939           3043
          -11461.192  161577           237
          -11461.192  95600            3081
          -11461.192  474425           1663
          -11461.192  867655           1107
          -11461.192  6339             1931
          -11461.192  529987           355
          -11461.192  588137           4765
          -11461.192  592446           2833
          -11461.192  697182           629
          -11461.192  487538           1542
          -11461.192  298151           2028
          -11461.192  103051           2515
          -11461.192  778187           4602
          -11461.192  537633           1964
          -11461.192  125517           2255
          -11461.192  135964           2058
          -11461.192  449588           4833
          -11461.192  424425           4011
          -11461.192  66730            661
          -11461.192  875618           3069
          -11461.192  938874           1256
          -11461.192  171299           3263
          -11461.192  593989           429
          -11461.192  973071           1526
          -11461.192  580877           2355
          -11461.192  451002           4278
          -11461.192  105809           1335
          -11461.192  383620           737
          -11461.192  673936           4646
          -11461.192  837691           2786
          -11461.192  723170           332
          -11461.192  374999           4206
          -11461.192  340541           1562
          -11461.192  345545           3863
          -11461.192  699592           3889
          -11461.192  372124           4288
          -11461.192  449845           3466
          -11461.192  673722           1751
          -11461.192  463806           422
          -11461.192  689278           1483
          -11461.192  576035           789
          -11461.192  764309           2879
          -11461.192  473069           1860
          -11461.192  120377           110
          -11461.192  205728           2970
          -11461.192  991308           1082
          -11461.192  940272           480
          -11461.192  805264           1494
          -11461.192  477697           3109
          -11461.192  273758           4467
          -11461.192  64641            353
          -11461.192  176498           4228
          -11461.192  30891            2661
          -11461.192  966662           2159
          -11461.192  77343            1134
          -11461.192  914425           3726
          -11461.474  953669           413
          -11461.474  185199           4123
          -11461.474  668264           4826
          -11461.474  94755            4972
          -11461.474  915312           627
          -11461.474  326474           2794
          -11461.474  172648           1431
          -11461.474  902256           1532
          -11461.474  637211           800
          -11461.474  248191           3208
          -11461.474  765967           1691
          -11461.474  912276           4614
          -11461.567  978697           3415
          -11461.567  853839           4583
          -11461.567  384471           3928
          -11461.567  559730           403
          -11461.567  547798           744
          -11461.567  523504           2680
          -11461.567  227572           11
          -11461.567  589056           4304
          -11461.567  369503           323
          -11461.567  994944           557
          -11461.567  479243           890
          -11461.567  276437           4870
          -11461.567  264557           3120
          -11461.567  373265           3055
          -11461.567  361943           2050
          -11461.567  491175           1316
          -11461.567  137582           4484
          -11461.567  498821           1611
          -11461.567  10903            1850
          -11461.567  852433           3426
          -11461.567  978372           4381
          -11461.567  828659           4617
          -11461.567  675618           4718
          -11461.567  276537           102
          -11461.567  907780           4759
          -11461.567  651335           2757
          -11461.567  916164           4177
          -11461.567  134134           3459
          -11461.567  938407           2702
          -11461.567  943332           777
          -11461.567  645742           2862
          -11461.567  659519           3161
          -11461.567  590573           2874
          -11461.567  972973           1174
          -11461.567  123652           2520
          -11461.567  249704           2929
          -11461.567  559769           1163
          -11461.567  212644           1362
          -11461.567  886891           2609
          -11461.567  260602           1406
          -11461.567  114126           3357
          -11461.567  379331           1034
          -11461.567  798720           3183
          -11461.567  769156           3789
          -11461.567  336369           161
          -11461.567  554676           6
          -11461.567  751579           3282
          -11461.567  819175           4038
          -11461.567  630109           354
          -11461.567  531681           3140
          -11461.567  236390           4717
          -11461.567  686753           2036
          -11461.567  408016           3563
          -11461.567  820263           4032
          -11461.567  92337            54
          -11461.567  545172           285
          -11461.567  697512           4549
          -11461.567  71639            535
          -11461.567  174077           635
          -11461.567  337773           2323
          -11461.567  433893           1713
          -11461.567  656018           518
          -11461.567  97416            820
          -11461.567  947359           2119
          -11461.567  725381           4747
          -11461.567  551356           2571
          -11461.567  853247           693
          -11461.567  164255           2275
          -11461.567  550790           3831
          -11461.567  730779           1875
          -11461.567  319568           781
          -11461.567  322742           815
          -11461.567  71141            1782
          -11461.567  218257           3352
          -11461.567  817751           2440
          -11461.567  949694           2600
          -11461.567  922392           389
          -11461.567  735827           1371
          -11461.567  958677           2305
          -11461.567  385724           258
          -11461.567  934798           267
          -11461.567  624750           4375
          -11461.567  540934           982
          -11461.567  580224           2958
          -11461.567  900220           2217
          -11461.567  109972           3838
          -11461.567  105834           3956
          -11461.567  273096           2087
          -11461.567  746372           3366
          -11461.567  187412           75
          -11461.567  587038           2741
          -11461.567  455045           1559
          -11461.567  442448           2322
          -11461.567  451093           2468
          -11461.567  429085           3632
          -11461.567  619982           2216
          -11461.567  450618           581
          -11461.567  976176           2178
          -11461.567  537039           2500
          -11461.567  818143           3878
          -11461.567  617314           1106
          -11461.567  161199           1595
          -11461.567  493194           4823
          -11461.567  580284           3270
          -11461.567  638750           2519
          -11461.567  888272           681
          -11461.567  194404           4067
          -11461.567  71179            4029
          -11461.567  146504           1635
          -11461.567  870086           1824
          -11461.567  435122           3300
          -11461.567  176628           2983
          -11461.567  602270           460
          -11461.567  264242           1952
          -11461.567  415925           3024
          -11461.567  283499           911
          -11461.567  792830           4547
          -11461.567  336755           1225
          -11461.567  127407           3382
          -11461.567  72472            3399
          -11461.567  34312            1791
          -11461.567  112257           543
          -11461.567  227849           647
          -11461.567  928536           2458
          -11461.567  928716           4746
          -11461.567  360790           1510
          -11461.567  843778           3762
          -11461.567  31714            4353
          -11461.567  337226           3039
          -11461.567  92983            4829
          -11461.567  4618             2459
          -11461.567  75664            1044
          -11461.567  219504           2645
          -11461.567  484641           3736
          -11461.567  726358           3058
          -11461.567  384624           4257
          -11461.567  352969           2248
          -11461.567  540450           688
          -11461.567  749925           1864
          -11461.567  736494           915
          -11461.567  260597           4426
          -11461.567  791384           1014
          -11461.567  303763           328
          -11461.567  9581             1474
          -11461.567  995202           3065
          -11461.567  612820           1719
          -11461.567  262240           2362
          -11461.567  974802           2749
          -11461.567  487928           2201
          -11461.567  67568            3047
          -11461.567  669207           2470
          -11461.567  425167           4942
          -11461.567  547238           3612
          -11461.567  198049           2105
          -11461.567  261293           4318
          -11461.567  614983           133
          -11461.567  855024           1837
          -11461.567  844018           4022
          -11461.567  292497           3354
          -11461.567  630994           3462
          -11461.567  925997           882
          -11461.567  13319            546
          -11461.567  716351           3178
          -11461.567  324244           2806
          -11461.567  433681           3548
          -11461.567  914339           2544
          -11461.567  738680           2359
          -11461.567  401651           313
          -11461.567  800224           3379
          -11461.567  65278            3331
          -11461.567  699414           3714
          -11461.567  205754           2727
          -11461.567  474550           936
          -11461.567  617094           2280
          -11461.567  498696           235
          -11461.567  825074           343
          -11461.567  770126           783
          -11461.567  279382           4640
          -11461.567  612050           1053
          -11461.567  978776           1706
          -11461.567  291313           4273
          -11461.567  76663            3876
          -11461.567  489488           1664
          -11461.567  725708           2789
          -11461.567  251171           1753
          -11461.567  704679           4597
          -11461.567  422352           248
          -11461.567  618446           4608
          -11461.567  653691           1224
          -11461.567  13808            3265
          -11461.567  673892           1155
          -11461.567  698763           4
          -11461.567  192381           2481
          -11461.567  33718            3325
          -11461.567  692098           3157
          -11461.567  679037           2302
          -11461.567  417977           678
          -11461.567  203975           2031
          -11461.567  784019           2183
          -11461.567  461454           1141
          -11461.567  218863           937
          -11461.567  79180            4828
          -11461.567  67825            1095
          -11461.567  715506           949
          -11461.567  190725           1045
          -11461.567  984582           798
          -11461.567  351360           3320
          -11461.567  963418           4146
          -11461.567  360746           3716
          -11461.567  286482           2139
          -11461.567  759106           2864
          -11461.567  55395            2944
          -11461.567  663532           3566
          -11461.567  700997           4756
          -11461.567  179756           1654
          -11461.567  64118            2382
          -11461.567  482693           4466
          -11461.567  707017           4380
          -11461.567  173642           1594
          -11461.567  340084           4739
          -11461.567  869514           2438
          -11461.567  365600           4371
          -11461.567  7677             2306
          -11461.567  420781           4820
          -11461.567  771566           3590
          -11461.567  840394           4015
          -11461.567  158632           1707
          -11461.567  915784           3176
          -11461.567  798608           4612
          -11461.567  35063            2241
          -11461.567  989627           424
          -11461.567  314594           3423
          -11461.567  595479           984
          -11461.567  944742           2168
          -11461.567  685998           42
          -11461.567  850835           3273
          -11461.567  443778           972
          -11461.567  898335           2896
          -11461.567  182194           3189
          -11461.567  82017            2264
          -11461.567  886062           1338
          -11461.567  823050           1811
          -11461.567  578262           4529
          -11461.567  468730           3115
          -11461.567  438802           2652
          -11461.567  112598           2939
          -11461.567  403436           1165
          -11461.567  34236            1248
          -11461.567  636946           2819
          -11461.567  654879           2963
          -11461.567  484640           1313
          -11461.567  938696           1450
          -11461.567  938696           1835
          -11461.567  227130           965
          -11461.567  667600           575
          -11461.567  149235           112
          -11461.567  836598           2755
          -11461.567  39751            4144
          -11461.567  238979           3518
          -11461.567  198358           4947
          -11461.567  124978           1647
          -11461.567  895328           979
          -11461.567  839856           117
          -11461.567  143294           231
          -11461.567  811747           379
          -11461.567  776704           4785
          -11461.567  800012           4752
          -11461.567  162076           1930
          -11461.567  451203           157
          -11461.567  609166           4327
          -11461.567  241353           1686
          -11461.567  262007           4961
          -11461.567  323490           179
          -11461.567  666370           4727
          -11461.567  401528           4504
          -11461.567  243763           2681
          -11461.567  792026           3015
          -11461.567  910271           4365
          -11461.567  623723           3862
          -11461.567  480887           82
          -11461.567  209386           1731
          -11461.567  826677           855
          -11461.567  389504           4386
          -11461.567  993094           4857
          -11461.567  635163           3031
          -11461.567  527500           3302
          -11461.567  583696           2274
          -11461.567  731135           834
          -11461.567  534889           3030
          -11461.567  364438           1959
          -11461.567  234002           2244
          -11461.567  239010           2613
          -11461.567  523823           3385
          -11461.567  838004           4126
          -11461.567  394133           4148
          -11461.567  146806           1585
          -11461.567  990277           522
          -11461.567  153686           3570
          -11461.567  44657            18
          -11461.567  641581           831
          -11461.567  628033           1356
          -11461.567  653714           2704
          -11461.567  608025           2977
          -11461.567  116132           2294
          -11461.567  228427           1993
          -11461.567  559116           4179
          -11461.567  648247           3279
          -11461.567  468237           2102
          -11461.567  388925           3191
          -11461.567  885997           4462
          -11461.567  359945           527
          -11461.567  83076            854
          -11461.567  468631           1554
          -11461.567  753586           2023
          -11461.567  202400           603
          -11461.567  704357           3312
          -11461.567  838554           4909
          -11461.567  664994           2061
          -11461.567  195090           2620
          -11461.567  918805           2046
          -11461.567  449182           1458
          -11461.567  351922           2326
          -11461.567  52102            878
          -11461.567  234858           3834
          -11461.567  198721           2831
          -11461.567  406044           1592
          -11461.567  571934           2921
          -11461.567  29294            3890
          -11461.567  325029           4755
          -11461.567  330838           3184
          -11461.567  563555           1424
          -11461.567  129404           1129
          -11461.567  141866           3774
          -11461.567  649414           2938
          -11461.567  457860           1425
          -11461.567  954194           699
          -11461.567  952694           4669
          -11461.567  334950           3256
          -11461.567  406899           874
          -11461.567  36151            1732
          -11461.567  597393           3649
          -11461.567  415132           3417
          -11461.567  284706           3970
          -11461.567  442122           3040
          -11461.567  940614           1151
          -11461.567  144477           723
          -11461.567  794792           406
          -11461.567  321558           8
          -11461.567  26970            4787
          -11461.567  171694           2746
          -11461.567  311777           2911
          -11461.567  164233           1617
          -11461.567  844834           574
          -11461.567  12247            3512
          -11461.567  487910           1549
          -11461.567  471284           49
          -11461.567  769192           1200
          -11461.567  201812           1798
          -11461.567  822713           1593
          -11461.567  567068           548
          -11461.567  661136           1298
          -11461.567  260296           1495
          -11461.766  119260           1957
          -11461.766  420450           2832
          -11461.766  978868           745
          -11461.766  591172           2525
          -11461.766  645982           3610
          -11461.766  707918           4796
          -11461.766  721022           4471
          -11461.766  857160           2009
          -11461.766  254480           908
          -11461.766  600833           1942
          -11461.766  490436           988
          -11461.766  829394           340
          -11461.766  237948           2049
          -11461.766  519455           423
          -11461.766  824356           3038
          -11461.766  779325           2614
          -11461.766  656236           3061
          -11461.766  946551           1628
          -11461.766  949388           506
          -11461.766  608720           1285
          -11461.766  697078           3516
          -11461.766  326621           842
          -11461.766  832352           938
          -11461.766  528284           1929
          -11461.766  563924           100
          -11461.766  591125           3001
          -11461.766  562890           3922
          -11461.766  989079           1758
          -11461.766  241345           3104
          -11461.766  30060            4239
          -11461.851  591090           2403
          -11461.851  687222           4642
          -11461.851  611839           3091
          -11461.851  590999           182
          -11461.851  318907           4596
          -11461.851  335469           3396
          -11461.851  787178           2980
          -11461.851  755993           1055
          -11461.851  865592           4552
          -11461.851  128863           4477
          -11462.100  739667           380
          -11462.147  639123           1552
          -11462.147  832989           3723
          -11462.147  778719           478
          -11462.147  995683           4393
          -11462.147  927269           3508
          -11462.147  710797           1077
          -11462.147  300141           2368
          -11462.147  135366           1820
          -11462.147  757906           3400
          -11462.147  824772           3813
          -11462.147  372352           3852
          -11462.147  630284           4224
          -11462.147  864454           1389
          -11462.147  853487           1818
          -11462.147  421636           3152
          -11462.147  123741           4560
          -11462.779  121826           3018
          -11463.023  687631           2133
          -11463.023  363859           4580
          -11463.023  798004           3486
          -11463.023  405489           3951
          -11463.023  528522           145
          -11463.156  876041           4664
          -11463.540  944707           2959
          -11463.540  565535           470
          -11463.540  783989           1078
          -11463.540  813103           327
          -11463.540  751344           4280
          -11463.540  101127           4218
          -11463.540  196551           4635
          -11463.540  247642           1538
          -11463.540  60145            427
          -11463.540  412829           1457
          -11463.540  424601           867
          -11463.540  871826           4517
          -11463.677  540041           3351
          -11464.114  368019           3628
          -11464.114  663133           1754
          -11464.114  882757           3573
          -11464.114  610701           4418
          -11464.114  740547           4313
          -11464.114  420300           2106
          -11464.477  409842           4704
          -11464.477  253711           1119
          -11464.477  698741           4510
          -11464.477  100539           3915
          -11464.720  658713           1596
          -11465.000  305885           159
          -11465.169  345929           140
          -11465.169  686493           10
          -11465.169  678269           648
          -11465.169  380973           4849
          -11465.169  791899           3782
          -11465.169  931135           2035
          -11465.169  243553           4907
          -11465.169  915307           2892
          -11465.169  717241           3427
          -11465.169  574177           348
          -11465.169  785721           3472
          -11465.169  635345           156
          -11465.169  885783           3596
          -11465.169  696335           3686
          -11465.169  167369           1453
          -11465.169  112387           1042
          -11465.169  423077           2552
          -11465.169  55895            921
          -11465.401  371357           3126
          -11465.458  549171           989
          -11465.458  450393           1698
          -11465.458  497537           2315
          -11465.458  124781           2466
          -11465.458  636597           3963
          -11465.458  195949           4268
          -11465.458  110523           4231
          -11465.458  231458           4336
          -11465.458  441069           4357
          -11465.458  566031           167
          -11465.458  442865           3318
          -11465.458  95431            690
          -11465.458  397343           1123
          -11465.458  737298           2658
          -11465.458  246573           2379
          -11465.458  899473           4769
          -11465.723  73569            4394
          -11465.872  593187           4281
          -11465.872  349487           289
          -11465.872  283113           4843
          -11466.168  434750           3359
          -11466.316  848198           3369
          -11466.316  841164           1771
          -11466.316  891895           2303
          -11466.316  11613            1813
          -11466.316  523705           2327
          -11466.316  18238            3655
          -11466.316  360749           2187
          -11466.316  624571           4872
          -11466.316  824711           3280
          -11466.316  479935           4367
          -11466.316  673958           55
          -11466.316  666811           705
          -11466.316  82474            1981
          -11466.316  797804           302
          -11466.316  879984           698
          -11466.316  149375           1012
          -11466.316  103221           221
          -11466.316  104401           981
          -11466.316  434894           4943
          -11466.316  237387           350
          -11466.316  556253           2202
          -11466.316  474762           448
          -11466.316  969066           3691
          -11466.316  678309           4854
          -11466.316  971101           4656
          -11466.316  645491           4030
          -11466.316  151645           2375
          -11466.316  754531           2779
          -11466.316  504148           4685
          -11466.316  939845           918
          -11466.316  744129           3380
          -11466.316  64499            4788
          -11466.316  384778           3207
          -11466.316  980481           901
          -11466.316  632159           1238
          -11466.316  141700           3918
          -11466.316  394285           4903
          -11466.316  526557           3592
          -11466.316  23367            3458
          -11466.316  239604           4498
          -11466.316  59651            847
          -11466.316  355143           4307
          -11466.316  23217            2197
          -11466.316  331909           4242
          -11466.316  138482           190
          -11466.603  687310           3995
          -11466.637  949580           4340
          -11466.637  856603           2039
          -11466.880  777056           4790
          -11466.880  941894           2493
          -11466.880  525957           168
          -11467.198  616272           4145
          -11467.198  406959           985
          -11467.652  687977           3528
          -11467.915  184405           2934
          -11467.915  555417           3340
          -11467.915  24405            2231
          -11468.191  599841           1111
          -11468.191  231101           4040
          -11468.191  55809            3374
          -11468.540  256573           2380
          -11468.540  72656            1428
          -11468.540  601285           3162
          -11468.654  604311           2713
          -11469.066  36203            2597
          -11469.153  519361           1740
          -11469.153  889161           4570
          -11469.154  587867           1308
          -11470.095  838685           1355
          -11470.095  864259           371
          -11470.095  26295            1529
          -11470.179  668671           1463
          -11470.179  4329             1254
          -11470.179  604829           1643
          -11470.197  605234           1534
          -11470.197  944993           4797
          -11470.197  750967           3277
          -11470.197  367779           633
          -11470.197  143644           3271
          -11470.197  841259           4555
          -11470.197  628001           3891
          -11470.197  81697            1493
          -11470.197  944820           835
          -11470.197  78888            1100
          -11470.197  780625           3594
          -11470.197  535562           2627
          -11470.197  701811           3718
          -11470.197  412398           4249
          -11470.197  940589           1916
          -11470.197  513867           339
          -11470.197  296015           709
          -11470.197  485015           3206
          -11470.197  450207           4901
          -11470.197  815345           3672
          -11470.197  42514            370
          -11470.197  894890           17
          -11470.197  265704           1051
          -11470.197  351588           1299
          -11470.197  500696           4715
          -11470.197  606007           3420
          -11470.493  684818           200
          -11470.714  795103           2625
          -11470.760  589031           2150
          -11470.760  444007           149
          -11470.760  509173           3295
          -11470.787  48721            4969
          -11470.873  902749           2482
          -11470.961  677007           3119
          -11470.961  31628            3165
          -11470.961  46055            1947
          -11470.961  111272           4940
          -11470.961  997241           3134
          -11471.156  571783           125
          -11471.156  995084           4709
          -11471.236  275482           787
          -11471.531  667021           2798
          -11471.795  569697           4697
          -11471.857  814617           2528
          -11472.083  393821           2906
          -11472.083  158537           213
          -11472.083  158537           1374
          -11472.083  895623           4687
          -11472.083  792829           4203
          -11472.083  367365           2719
          -11473.221  798791           1330
          -11473.240  489139           2555
          -11473.640  872832           2529
          -11473.640  789312           3980
          -11473.640  652099           4840
          -11473.640  518125           4638
          -11473.640  694305           4415
          -11473.640  576078           2421
          -11473.640  774229           877
          -11473.640  328885           1443
          -11473.640  531185           1956
          -11473.640  375783           4457
          -11473.640  312688           3444
          -11473.640  961537           3079
          -11473.732  977119           957
          -11473.826  206521           1588
          -11474.197  898773           4374
          -11474.197  529005           622
          -11474.739  743084           3757
          -11474.739  29123            2847
          -11474.952  203497           1742
          -11475.504  204673           4137
          -11475.504  865003           4889
          -11475.909  879251           41
          -11475.909  104233           3460
          -11476.606  303866           2740
          -11476.606  412348           4141
          -11476.626  135777           3860
          -11476.682  165409           4302
          -11479.311  774605           2580
          -11479.311  261473           2816



THE BEST LOGLIKELIHOOD VALUE HAS BEEN REPLICATED.  RERUN WITH AT LEAST TWICE THE
RANDOM STARTS TO CHECK THAT THE BEST LOGLIKELIHOOD IS STILL OBTAINED AND REPLICATED.

     IN THE OPTIMIZATION, ONE OR MORE LOGIT THRESHOLDS APPROACHED AND WERE SET
     AT THE EXTREME VALUES.  EXTREME VALUES ARE -15.000 AND 15.000.
     THE FOLLOWING THRESHOLDS WERE SET AT THESE VALUES:
     * THRESHOLD 1 OF CLASS INDICATOR C4S16 FOR CLASS 2 AT ITERATION 32
     * THRESHOLD 1 OF CLASS INDICATOR C4S18 FOR CLASS 2 AT ITERATION 32
     * THRESHOLD 1 OF CLASS INDICATOR C4S19 FOR CLASS 2 AT ITERATION 32
     * THRESHOLD 1 OF CLASS INDICATOR C4S20 FOR CLASS 2 AT ITERATION 32
     * THRESHOLD 1 OF CLASS INDICATOR C4S23 FOR CLASS 2 AT ITERATION 32
     * THRESHOLD 1 OF CLASS INDICATOR C4S25 FOR CLASS 2 AT ITERATION 32
     * THRESHOLD 1 OF CLASS INDICATOR C4S26 FOR CLASS 2 AT ITERATION 32
     * THRESHOLD 1 OF CLASS INDICATOR C5S21 FOR CLASS 2 AT ITERATION 32
     * THRESHOLD 1 OF CLASS INDICATOR C5S22 FOR CLASS 2 AT ITERATION 32
     * THRESHOLD 1 OF CLASS INDICATOR C5S24 FOR CLASS 2 AT ITERATION 32
     * THRESHOLD 1 OF CLASS INDICATOR C5S28 FOR CLASS 2 AT ITERATION 32
     * THRESHOLD 1 OF CLASS INDICATOR C5S29 FOR CLASS 2 AT ITERATION 32
     * THRESHOLD 1 OF CLASS INDICATOR C5S31 FOR CLASS 2 AT ITERATION 32
     * THRESHOLD 1 OF CLASS INDICATOR C4S17 FOR CLASS 3 AT ITERATION 32
     * THRESHOLD 1 OF CLASS INDICATOR C4S18 FOR CLASS 3 AT ITERATION 32
     * THRESHOLD 1 OF CLASS INDICATOR C4S20 FOR CLASS 3 AT ITERATION 32
     * THRESHOLD 1 OF CLASS INDICATOR C4S23 FOR CLASS 3 AT ITERATION 32
     * THRESHOLD 1 OF CLASS INDICATOR C4S25 FOR CLASS 3 AT ITERATION 32
     * THRESHOLD 1 OF CLASS INDICATOR C5S24 FOR CLASS 3 AT ITERATION 32
     * THRESHOLD 1 OF CLASS INDICATOR C5S27 FOR CLASS 3 AT ITERATION 32
     * THRESHOLD 1 OF CLASS INDICATOR C5S28 FOR CLASS 3 AT ITERATION 32
     * THRESHOLD 1 OF CLASS INDICATOR C5S29 FOR CLASS 3 AT ITERATION 32
     * THRESHOLD 1 OF CLASS INDICATOR C5S31 FOR CLASS 3 AT ITERATION 32
     * THRESHOLD 1 OF CLASS INDICATOR C4S16 FOR CLASS 4 AT ITERATION 32
     * THRESHOLD 1 OF CLASS INDICATOR C4S17 FOR CLASS 4 AT ITERATION 32
     * THRESHOLD 1 OF CLASS INDICATOR C4S18 FOR CLASS 4 AT ITERATION 32
     * THRESHOLD 1 OF CLASS INDICATOR C4S19 FOR CLASS 4 AT ITERATION 32
     * THRESHOLD 1 OF CLASS INDICATOR C4S20 FOR CLASS 4 AT ITERATION 32
     * THRESHOLD 1 OF CLASS INDICATOR C4S23 FOR CLASS 4 AT ITERATION 32
     * THRESHOLD 1 OF CLASS INDICATOR C4S26 FOR CLASS 4 AT ITERATION 32
     * THRESHOLD 1 OF CLASS INDICATOR C5S21 FOR CLASS 4 AT ITERATION 32
     * THRESHOLD 1 OF CLASS INDICATOR C5S22 FOR CLASS 4 AT ITERATION 32
     * THRESHOLD 1 OF CLASS INDICATOR C5S24 FOR CLASS 4 AT ITERATION 32
     * THRESHOLD 1 OF CLASS INDICATOR C5S27 FOR CLASS 4 AT ITERATION 32
     * THRESHOLD 1 OF CLASS INDICATOR C5S28 FOR CLASS 4 AT ITERATION 32





THE MODEL ESTIMATION TERMINATED NORMALLY

     THE CHI-SQUARE TEST CANNOT BE COMPUTED BECAUSE THE FREQUENCY TABLE FOR THE
     LATENT CLASS INDICATOR MODEL PART IS TOO LARGE.




MODEL FIT INFORMATION

Number of Free Parameters                      131

Loglikelihood

          H0 Value                      -11461.192
          H0 Scaling Correction Factor      1.0185
            for MLR

Information Criteria

          Akaike (AIC)                   23184.385
          Bayesian (BIC)                 23934.461
          Sample-Size Adjusted BIC       23518.251
            (n* = (n + 2) / 24)



FINAL CLASS COUNTS AND PROPORTIONS FOR THE LATENT CLASSES
BASED ON THE ESTIMATED MODEL

    Latent
   Classes

       1         95.44373          0.04212
       2        213.66300          0.09429
       3       1366.48468          0.60304
       4        590.40859          0.26055


FINAL CLASS COUNTS AND PROPORTIONS FOR THE LATENT CLASSES
BASED ON ESTIMATED POSTERIOR PROBABILITIES

    Latent
   Classes

       1         95.44373          0.04212
       2        213.66300          0.09429
       3       1366.48468          0.60304
       4        590.40859          0.26055


FINAL CLASS COUNTS AND PROPORTIONS FOR THE LATENT CLASSES
BASED ON THEIR MOST LIKELY LATENT CLASS MEMBERSHIP

Class Counts and Proportions

    Latent
   Classes

       1               95          0.04192
       2              210          0.09267
       3             1385          0.61121
       4              576          0.25419


CLASSIFICATION QUALITY

     Entropy                         0.959


Average Latent Class Probabilities for Most Likely Latent Class Membership (Row)
by Latent Class (Column)

           1        2        3        4

    1   0.999    0.000    0.000    0.001
    2   0.000    0.984    0.003    0.013
    3   0.000    0.003    0.981    0.016
    4   0.001    0.005    0.012    0.982


Classification Probabilities for the Most Likely Latent Class Membership (Column)
by Latent Class (Row)

           1        2        3        4

    1   0.995    0.001    0.000    0.004
    2   0.000    0.967    0.021    0.012
    3   0.000    0.000    0.994    0.005
    4   0.000    0.005    0.037    0.958


Logits for the Classification Probabilities for the Most Likely Latent Class Membership (Column)
by Latent Class (Row)

              1        2        3        4

    1      5.445   -1.401   -3.832    0.000
    2     -9.411    4.371    0.538    0.000
    3     -7.794   -2.496    5.241    0.000
    4     -8.956   -5.334   -3.255    0.000


MODEL RESULTS

                                                    Two-Tailed
                    Estimate       S.E.  Est./S.E.    P-Value

Latent Class 1

 Thresholds
    C1S1$1            -0.918      0.229     -4.011      0.000
    C1S2$1            -0.271      0.208     -1.302      0.193
    C1S3$1            -0.238      0.206     -1.156      0.248
    C1S4$1             0.194      0.207      0.940      0.347
    C1S5$1             1.015      0.230      4.404      0.000
    C1S6$1            -0.188      0.208     -0.906      0.365
    C1S32$1            1.085      0.237      4.571      0.000
    C2S7$1             0.495      0.213      2.328      0.020
    C2S8$1             1.034      0.235      4.405      0.000
    C2S9$1             1.527      0.269      5.669      0.000
    C3S10$1            0.281      0.210      1.334      0.182
    C3S11$1            0.153      0.209      0.732      0.464
    C3S12$1            0.196      0.210      0.934      0.350
    C3S13$1            1.327      0.254      5.216      0.000
    C3S14$1            0.590      0.218      2.708      0.007
    C3S15$1            0.361      0.209      1.729      0.084
    C4S16$1            0.638      0.217      2.940      0.003
    C4S17$1            0.501      0.214      2.340      0.019
    C4S18$1            0.413      0.213      1.943      0.052
    C4S19$1            0.780      0.224      3.488      0.000
    C4S20$1            0.829      0.225      3.677      0.000
    C4S23$1            1.328      0.253      5.251      0.000
    C4S25$1            0.406      0.211      1.925      0.054
    C4S26$1            0.732      0.222      3.296      0.001
    C5S21$1            0.457      0.212      2.161      0.031
    C5S22$1            0.501      0.214      2.346      0.019
    C5S24$1            0.413      0.211      1.960      0.050
    C5S27$1            0.590      0.215      2.746      0.006
    C5S28$1            0.370      0.210      1.763      0.078
    C5S29$1            0.595      0.216      2.755      0.006
    C5S30$1           -0.272      0.208     -1.303      0.192
    C5S31$1            0.066      0.207      0.322      0.748

Latent Class 2

 Thresholds
    C1S1$1            -0.559      0.167     -3.343      0.001
    C1S2$1            -0.146      0.158     -0.923      0.356
    C1S3$1             0.204      0.156      1.303      0.193
    C1S4$1             0.425      0.155      2.735      0.006
    C1S5$1             1.238      0.175      7.088      0.000
    C1S6$1            -0.079      0.156     -0.504      0.614
    C1S32$1            1.567      0.193      8.125      0.000
    C2S7$1             0.378      0.146      2.585      0.010
    C2S8$1             0.822      0.157      5.235      0.000
    C2S9$1             1.298      0.176      7.367      0.000
    C3S10$1           -0.913      0.175     -5.228      0.000
    C3S11$1           -1.506      0.213     -7.076      0.000
    C3S12$1           -1.001      0.183     -5.483      0.000
    C3S13$1            0.464      0.152      3.062      0.002
    C3S14$1           -0.420      0.156     -2.690      0.007
    C3S15$1           -0.604      0.161     -3.760      0.000
    C4S16$1           15.000      0.000    999.000    999.000
    C4S17$1            5.377      1.022      5.259      0.000
    C4S18$1           15.000      0.000    999.000    999.000
    C4S19$1           15.000      0.000    999.000    999.000
    C4S20$1           15.000      0.000    999.000    999.000
    C4S23$1           15.000      0.000    999.000    999.000
    C4S25$1           15.000      0.000    999.000    999.000
    C4S26$1           15.000      0.000    999.000    999.000
    C5S21$1           15.000      0.000    999.000    999.000
    C5S22$1           15.000      0.000    999.000    999.000
    C5S24$1           15.000      0.000    999.000    999.000
    C5S27$1            5.391      1.035      5.209      0.000
    C5S28$1           15.000      0.000    999.000    999.000
    C5S29$1           15.000      0.000    999.000    999.000
    C5S30$1            5.359      1.013      5.292      0.000
    C5S31$1           15.000      0.000    999.000    999.000

Latent Class 3

 Thresholds
    C1S1$1             2.821      0.142     19.882      0.000
    C1S2$1             4.461      0.304     14.660      0.000
    C1S3$1             5.411      0.524     10.319      0.000
    C1S4$1             5.657      0.598      9.454      0.000
    C1S5$1             7.516      1.519      4.947      0.000
    C1S6$1             4.460      0.325     13.737      0.000
    C1S32$1            6.560      0.828      7.921      0.000
    C2S7$1             2.117      0.090     23.531      0.000
    C2S8$1             2.740      0.117     23.483      0.000
    C2S9$1             3.380      0.156     21.721      0.000
    C3S10$1            4.773      0.383     12.466      0.000
    C3S11$1            5.211      0.536      9.728      0.000
    C3S12$1            5.107      0.423     12.070      0.000
    C3S13$1            6.119      0.621      9.859      0.000
    C3S14$1            5.314      0.466     11.415      0.000
    C3S15$1            4.778      0.339     14.102      0.000
    C4S16$1            6.120      0.580     10.552      0.000
    C4S17$1           15.000      0.000    999.000    999.000
    C4S18$1           15.000      0.000    999.000    999.000
    C4S19$1            6.119      0.579     10.573      0.000
    C4S20$1           15.000      0.000    999.000    999.000
    C4S23$1           15.000      0.000    999.000    999.000
    C4S25$1           15.000      0.000    999.000    999.000
    C4S26$1            6.527      0.710      9.198      0.000
    C5S21$1            6.526      0.708      9.213      0.000
    C5S22$1            6.526      0.708      9.213      0.000
    C5S24$1           15.000      0.000    999.000    999.000
    C5S27$1           15.000      0.000    999.000    999.000
    C5S28$1           15.000      0.000    999.000    999.000
    C5S29$1           15.000      0.000    999.000    999.000
    C5S30$1            7.234      1.015      7.128      0.000
    C5S31$1           15.000      0.000    999.000    999.000

Latent Class 4

 Thresholds
    C1S1$1            -2.102      0.154    -13.649      0.000
    C1S2$1            -0.430      0.093     -4.609      0.000
    C1S3$1            -0.104      0.092     -1.134      0.257
    C1S4$1             0.523      0.091      5.757      0.000
    C1S5$1             1.316      0.107     12.359      0.000
    C1S6$1            -0.629      0.096     -6.533      0.000
    C1S32$1            1.462      0.111     13.211      0.000
    C2S7$1             1.450      0.110     13.237      0.000
    C2S8$1             1.869      0.128     14.599      0.000
    C2S9$1             2.421      0.156     15.474      0.000
    C3S10$1            4.579      0.459      9.982      0.000
    C3S11$1            4.644      0.506      9.183      0.000
    C3S12$1            3.920      0.360     10.894      0.000
    C3S13$1            5.974      1.133      5.274      0.000
    C3S14$1            6.084      1.658      3.670      0.000
    C3S15$1            4.918      0.602      8.164      0.000
    C4S16$1           15.000      0.000    999.000    999.000
    C4S17$1           15.000      0.000    999.000    999.000
    C4S18$1           15.000      0.000    999.000    999.000
    C4S19$1           15.000      0.000    999.000    999.000
    C4S20$1           15.000      0.000    999.000    999.000
    C4S23$1           15.000      0.000    999.000    999.000
    C4S25$1            5.774      0.796      7.258      0.000
    C4S26$1           15.000      0.000    999.000    999.000
    C5S21$1           15.000      0.000    999.000    999.000
    C5S22$1           15.000      0.000    999.000    999.000
    C5S24$1           15.000      0.000    999.000    999.000
    C5S27$1           15.000      0.000    999.000    999.000
    C5S28$1           15.000      0.000    999.000    999.000
    C5S29$1            6.310      1.006      6.275      0.000
    C5S30$1            4.604      0.455     10.117      0.000
    C5S31$1            5.023      0.565      8.892      0.000

Categorical Latent Variables

 Means
    C#1               -1.822      0.112    -16.270      0.000
    C#2               -1.016      0.088    -11.514      0.000
    C#3                0.839      0.054     15.583      0.000


RESULTS IN PROBABILITY SCALE

Latent Class 1

 C1S1
    Category 1         0.285      0.047      6.114      0.000
    Category 2         0.715      0.047     15.310      0.000
 C1S2
    Category 1         0.433      0.051      8.466      0.000
    Category 2         0.567      0.051     11.103      0.000
 C1S3
    Category 1         0.441      0.051      8.668      0.000
    Category 2         0.559      0.051     11.001      0.000
 C1S4
    Category 1         0.548      0.051     10.705      0.000
    Category 2         0.452      0.051      8.813      0.000
 C1S5
    Category 1         0.734      0.045     16.313      0.000
    Category 2         0.266      0.045      5.911      0.000
 C1S6
    Category 1         0.453      0.052      8.796      0.000
    Category 2         0.547      0.052     10.618      0.000
 C1S32
    Category 1         0.748      0.045     16.678      0.000
    Category 2         0.252      0.045      5.634      0.000
 C2S7
    Category 1         0.621      0.050     12.414      0.000
    Category 2         0.379      0.050      7.564      0.000
 C2S8
    Category 1         0.738      0.045     16.243      0.000
    Category 2         0.262      0.045      5.778      0.000
 C2S9
    Category 1         0.822      0.039     20.804      0.000
    Category 2         0.178      0.039      4.519      0.000
 C3S10
    Category 1         0.570      0.052     11.043      0.000
    Category 2         0.430      0.052      8.341      0.000
 C3S11
    Category 1         0.538      0.052     10.356      0.000
    Category 2         0.462      0.052      8.886      0.000
 C3S12
    Category 1         0.549      0.052     10.544      0.000
    Category 2         0.451      0.052      8.665      0.000
 C3S13
    Category 1         0.790      0.042     18.747      0.000
    Category 2         0.210      0.042      4.976      0.000
 C3S14
    Category 1         0.643      0.050     12.872      0.000
    Category 2         0.357      0.050      7.136      0.000
 C3S15
    Category 1         0.589      0.051     11.653      0.000
    Category 2         0.411      0.051      8.119      0.000
 C4S16
    Category 1         0.654      0.049     13.336      0.000
    Category 2         0.346      0.049      7.048      0.000
 C4S17
    Category 1         0.623      0.050     12.383      0.000
    Category 2         0.377      0.050      7.505      0.000
 C4S18
    Category 1         0.602      0.051     11.808      0.000
    Category 2         0.398      0.051      7.811      0.000
 C4S19
    Category 1         0.686      0.048     14.228      0.000
    Category 2         0.314      0.048      6.522      0.000
 C4S20
    Category 1         0.696      0.048     14.598      0.000
    Category 2         0.304      0.048      6.371      0.000
 C4S23
    Category 1         0.790      0.042     18.875      0.000
    Category 2         0.210      0.042      5.004      0.000
 C4S25
    Category 1         0.600      0.051     11.864      0.000
    Category 2         0.400      0.051      7.907      0.000
 C4S26
    Category 1         0.675      0.049     13.868      0.000
    Category 2         0.325      0.049      6.672      0.000
 C5S21
    Category 1         0.612      0.050     12.196      0.000
    Category 2         0.388      0.050      7.722      0.000
 C5S22
    Category 1         0.623      0.050     12.401      0.000
    Category 2         0.377      0.050      7.510      0.000
 C5S24
    Category 1         0.602      0.051     11.914      0.000
    Category 2         0.398      0.051      7.882      0.000
 C5S27
    Category 1         0.643      0.049     13.048      0.000
    Category 2         0.357      0.049      7.230      0.000
 C5S28
    Category 1         0.591      0.051     11.668      0.000
    Category 2         0.409      0.051      8.062      0.000
 C5S29
    Category 1         0.645      0.049     13.025      0.000
    Category 2         0.355      0.049      7.184      0.000
 C5S30
    Category 1         0.433      0.051      8.456      0.000
    Category 2         0.567      0.051     11.095      0.000
 C5S31
    Category 1         0.517      0.052     10.011      0.000
    Category 2         0.483      0.052      9.368      0.000

Latent Class 2

 C1S1
    Category 1         0.364      0.039      9.409      0.000
    Category 2         0.636      0.039     16.447      0.000
 C1S2
    Category 1         0.464      0.039     11.826      0.000
    Category 2         0.536      0.039     13.679      0.000
 C1S3
    Category 1         0.551      0.039     14.225      0.000
    Category 2         0.449      0.039     11.601      0.000
 C1S4
    Category 1         0.605      0.037     16.274      0.000
    Category 2         0.395      0.037     10.637      0.000
 C1S5
    Category 1         0.775      0.030     25.470      0.000
    Category 2         0.225      0.030      7.388      0.000
 C1S6
    Category 1         0.480      0.039     12.351      0.000
    Category 2         0.520      0.039     13.360      0.000
 C1S32
    Category 1         0.827      0.028     30.034      0.000
    Category 2         0.173      0.028      6.267      0.000
 C2S7
    Category 1         0.593      0.035     16.813      0.000
    Category 2         0.407      0.035     11.518      0.000
 C2S8
    Category 1         0.695      0.033     20.855      0.000
    Category 2         0.305      0.033      9.165      0.000
 C2S9
    Category 1         0.786      0.030     26.459      0.000
    Category 2         0.214      0.030      7.222      0.000
 C3S10
    Category 1         0.286      0.036      8.024      0.000
    Category 2         0.714      0.036     19.995      0.000
 C3S11
    Category 1         0.182      0.032      5.740      0.000
    Category 2         0.818      0.032     25.884      0.000
 C3S12
    Category 1         0.269      0.036      7.491      0.000
    Category 2         0.731      0.036     20.382      0.000
 C3S13
    Category 1         0.614      0.036     17.093      0.000
    Category 2         0.386      0.036     10.748      0.000
 C3S14
    Category 1         0.397      0.037     10.625      0.000
    Category 2         0.603      0.037     16.165      0.000
 C3S15
    Category 1         0.354      0.037      9.637      0.000
    Category 2         0.646      0.037     17.621      0.000
 C4S16
    Category 1         1.000      0.000      0.000      1.000
    Category 2         0.000      0.000      0.000      1.000
 C4S17
    Category 1         0.995      0.005    212.544      0.000
    Category 2         0.005      0.005      0.983      0.326
 C4S18
    Category 1         1.000      0.000      0.000      1.000
    Category 2         0.000      0.000      0.000      1.000
 C4S19
    Category 1         1.000      0.000      0.000      1.000
    Category 2         0.000      0.000      0.000      1.000
 C4S20
    Category 1         1.000      0.000      0.000      1.000
    Category 2         0.000      0.000      0.000      1.000
 C4S23
    Category 1         1.000      0.000      0.000      1.000
    Category 2         0.000      0.000      0.000      1.000
 C4S25
    Category 1         1.000      0.000      0.000      1.000
    Category 2         0.000      0.000      0.000      1.000
 C4S26
    Category 1         1.000      0.000      0.000      1.000
    Category 2         0.000      0.000      0.000      1.000
 C5S21
    Category 1         1.000      0.000      0.000      1.000
    Category 2         0.000      0.000      0.000      1.000
 C5S22
    Category 1         1.000      0.000      0.000      1.000
    Category 2         0.000      0.000      0.000      1.000
 C5S24
    Category 1         1.000      0.000      0.000      1.000
    Category 2         0.000      0.000      0.000      1.000
 C5S27
    Category 1         0.995      0.005    212.956      0.000
    Category 2         0.005      0.005      0.971      0.332
 C5S28
    Category 1         1.000      0.000      0.000      1.000
    Category 2         0.000      0.000      0.000      1.000
 C5S29
    Category 1         1.000      0.000      0.000      1.000
    Category 2         0.000      0.000      0.000      1.000
 C5S30
    Category 1         0.995      0.005    210.764      0.000
    Category 2         0.005      0.005      0.992      0.321
 C5S31
    Category 1         1.000      0.000      0.000      1.000
    Category 2         0.000      0.000      0.000      1.000

Latent Class 3

 C1S1
    Category 1         0.944      0.008    125.426      0.000
    Category 2         0.056      0.008      7.466      0.000
 C1S2
    Category 1         0.989      0.003    287.893      0.000
    Category 2         0.011      0.003      3.324      0.001
 C1S3
    Category 1         0.996      0.002    428.771      0.000
    Category 2         0.004      0.002      1.916      0.055
 C1S4
    Category 1         0.997      0.002    479.947      0.000
    Category 2         0.003      0.002      1.677      0.094
 C1S5
    Category 1         0.999      0.001   1210.290      0.000
    Category 2         0.001      0.001      0.659      0.510
 C1S6
    Category 1         0.989      0.004    269.547      0.000
    Category 2         0.011      0.004      3.115      0.002
 C1S32
    Category 1         0.999      0.001    853.625      0.000
    Category 2         0.001      0.001      1.209      0.227
 C2S7
    Category 1         0.893      0.009    103.460      0.000
    Category 2         0.107      0.009     12.450      0.000
 C2S8
    Category 1         0.939      0.007    141.342      0.000
    Category 2         0.061      0.007      9.122      0.000
 C2S9
    Category 1         0.967      0.005    195.168      0.000
    Category 2         0.033      0.005      6.645      0.000
 C3S10
    Category 1         0.992      0.003    311.487      0.000
    Category 2         0.008      0.003      2.634      0.008
 C3S11
    Category 1         0.995      0.003    343.930      0.000
    Category 2         0.005      0.003      1.877      0.060
 C3S12
    Category 1         0.994      0.003    392.711      0.000
    Category 2         0.006      0.003      2.378      0.017
 C3S13
    Category 1         0.998      0.001    733.671      0.000
    Category 2         0.002      0.001      1.615      0.106
 C3S14
    Category 1         0.995      0.002    438.541      0.000
    Category 2         0.005      0.002      2.159      0.031
 C3S15
    Category 1         0.992      0.003    353.867      0.000
    Category 2         0.008      0.003      2.976      0.003
 C4S16
    Category 1         0.998      0.001    785.875      0.000
    Category 2         0.002      0.001      1.728      0.084
 C4S17
    Category 1         1.000      0.000      0.000      1.000
    Category 2         0.000      0.000      0.000      1.000
 C4S18
    Category 1         1.000      0.000      0.000      1.000
    Category 2         0.000      0.000      0.000      1.000
 C4S19
    Category 1         0.998      0.001    786.771      0.000
    Category 2         0.002      0.001      1.732      0.083
 C4S20
    Category 1         1.000      0.000      0.000      1.000
    Category 2         0.000      0.000      0.000      1.000
 C4S23
    Category 1         1.000      0.000      0.000      1.000
    Category 2         0.000      0.000      0.000      1.000
 C4S25
    Category 1         1.000      0.000      0.000      1.000
    Category 2         0.000      0.000      0.000      1.000
 C4S26
    Category 1         0.999      0.001    964.313      0.000
    Category 2         0.001      0.001      1.411      0.158
 C5S21
    Category 1         0.999      0.001    965.063      0.000
    Category 2         0.001      0.001      1.414      0.157
 C5S22
    Category 1         0.999      0.001    965.112      0.000
    Category 2         0.001      0.001      1.414      0.157
 C5S24
    Category 1         1.000      0.000      0.000      1.000
    Category 2         0.000      0.000      0.000      1.000
 C5S27
    Category 1         1.000      0.000      0.000      1.000
    Category 2         0.000      0.000      0.000      1.000
 C5S28
    Category 1         1.000      0.000      0.000      1.000
    Category 2         0.000      0.000      0.000      1.000
 C5S29
    Category 1         1.000      0.000      0.000      1.000
    Category 2         0.000      0.000      0.000      1.000
 C5S30
    Category 1         0.999      0.001   1365.796      0.000
    Category 2         0.001      0.001      0.986      0.324
 C5S31
    Category 1         1.000      0.000      0.000      1.000
    Category 2         0.000      0.000      0.000      1.000

Latent Class 4

 C1S1
    Category 1         0.109      0.015      7.287      0.000
    Category 2         0.891      0.015     59.624      0.000
 C1S2
    Category 1         0.394      0.022     17.711      0.000
    Category 2         0.606      0.022     27.216      0.000
 C1S3
    Category 1         0.474      0.023     20.710      0.000
    Category 2         0.526      0.023     22.983      0.000
 C1S4
    Category 1         0.628      0.021     29.571      0.000
    Category 2         0.372      0.021     17.524      0.000
 C1S5
    Category 1         0.789      0.018     44.406      0.000
    Category 2         0.211      0.018     11.906      0.000
 C1S6
    Category 1         0.348      0.022     15.910      0.000
    Category 2         0.652      0.022     29.856      0.000
 C1S32
    Category 1         0.812      0.017     48.023      0.000
    Category 2         0.188      0.017     11.129      0.000
 C2S7
    Category 1         0.810      0.017     48.046      0.000
    Category 2         0.190      0.017     11.275      0.000
 C2S8
    Category 1         0.866      0.015     58.449      0.000
    Category 2         0.134      0.015      9.013      0.000
 C2S9
    Category 1         0.918      0.012     78.354      0.000
    Category 2         0.082      0.012      6.958      0.000
 C3S10
    Category 1         0.990      0.005    214.505      0.000
    Category 2         0.010      0.005      2.203      0.028
 C3S11
    Category 1         0.990      0.005    207.503      0.000
    Category 2         0.010      0.005      1.997      0.046
 C3S12
    Category 1         0.981      0.007    142.856      0.000
    Category 2         0.019      0.007      2.834      0.005
 C3S13
    Category 1         0.997      0.003    347.842      0.000
    Category 2         0.003      0.003      0.885      0.376
 C3S14
    Category 1         0.998      0.004    265.383      0.000
    Category 2         0.002      0.004      0.605      0.545
 C3S15
    Category 1         0.993      0.004    228.575      0.000
    Category 2         0.007      0.004      1.672      0.094
 C4S16
    Category 1         1.000      0.000      0.000      1.000
    Category 2         0.000      0.000      0.000      1.000
 C4S17
    Category 1         1.000      0.000      0.000      1.000
    Category 2         0.000      0.000      0.000      1.000
 C4S18
    Category 1         1.000      0.000      0.000      1.000
    Category 2         0.000      0.000      0.000      1.000
 C4S19
    Category 1         1.000      0.000      0.000      1.000
    Category 2         0.000      0.000      0.000      1.000
 C4S20
    Category 1         1.000      0.000      0.000      1.000
    Category 2         0.000      0.000      0.000      1.000
 C4S23
    Category 1         1.000      0.000      0.000      1.000
    Category 2         0.000      0.000      0.000      1.000
 C4S25
    Category 1         0.997      0.002    405.610      0.000
    Category 2         0.003      0.002      1.261      0.207
 C4S26
    Category 1         1.000      0.000      0.000      1.000
    Category 2         0.000      0.000      0.000      1.000
 C5S21
    Category 1         1.000      0.000      0.000      1.000
    Category 2         0.000      0.000      0.000      1.000
 C5S22
    Category 1         1.000      0.000      0.000      1.000
    Category 2         0.000      0.000      0.000      1.000
 C5S24
    Category 1         1.000      0.000      0.000      1.000
    Category 2         0.000      0.000      0.000      1.000
 C5S27
    Category 1         1.000      0.000      0.000      1.000
    Category 2         0.000      0.000      0.000      1.000
 C5S28
    Category 1         1.000      0.000      0.000      1.000
    Category 2         0.000      0.000      0.000      1.000
 C5S29
    Category 1         0.998      0.002    548.048      0.000
    Category 2         0.002      0.002      0.996      0.319
 C5S30
    Category 1         0.990      0.004    221.749      0.000
    Category 2         0.010      0.004      2.219      0.026
 C5S31
    Category 1         0.993      0.004    270.525      0.000
    Category 2         0.007      0.004      1.782      0.075


LATENT CLASS ODDS RATIO RESULTS

                                         (Est. - 1) Two-Tailed
                    Estimate       S.E.     / S.E.    P-Value

Latent Class 1 Compared to Latent Class 2

 C1S1
    Category > 1       1.432      0.407      1.063      0.288
 C1S2
    Category > 1       1.134      0.297      0.451      0.652
 C1S3
    Category > 1       1.556      0.404      1.377      0.168
 C1S4
    Category > 1       1.260      0.327      0.795      0.427
 C1S5
    Category > 1       1.249      0.362      0.689      0.491
 C1S6
    Category > 1       1.116      0.290      0.400      0.690
 C1S32
    Category > 1       1.619      0.496      1.248      0.212
 C2S7
    Category > 1       0.889      0.230     -0.481      0.631
 C2S8
    Category > 1       0.809      0.229     -0.833      0.405
 C2S9
    Category > 1       0.796      0.256     -0.796      0.426
 C3S10
    Category > 1       0.303      0.083     -8.411      0.000
 C3S11
    Category > 1       0.190      0.057    -14.275      0.000
 C3S12
    Category > 1       0.302      0.084     -8.292      0.000
 C3S13
    Category > 1       0.422      0.125     -4.623      0.000
 C3S14
    Category > 1       0.364      0.098     -6.506      0.000
 C3S15
    Category > 1       0.381      0.101     -6.151      0.000
 C4S16
    Category > 1   *********      0.000    999.000    999.000
 C4S17
    Category > 1     131.088    136.969      0.950      0.342
 C4S18
    Category > 1   *********      0.000    999.000    999.000
 C4S19
    Category > 1   *********      0.000    999.000    999.000
 C4S20
    Category > 1   *********      0.000    999.000    999.000
 C4S23
    Category > 1   *********      0.000    999.000    999.000
 C4S25
    Category > 1   *********      0.000    999.000    999.000
 C4S26
    Category > 1   *********      0.000    999.000    999.000
 C5S21
    Category > 1   *********      0.000    999.000    999.000
 C5S22
    Category > 1   *********      0.000    999.000    999.000
 C5S24
    Category > 1   *********      0.000    999.000    999.000
 C5S27
    Category > 1     121.565    128.463      0.939      0.348
 C5S28
    Category > 1   *********      0.000    999.000    999.000
 C5S29
    Category > 1   *********      0.000    999.000    999.000
 C5S30
    Category > 1     278.709    288.213      0.964      0.335
 C5S31
    Category > 1   *********      0.000    999.000    999.000

Latent Class 1 Compared to Latent Class 3

 C1S1
    Category > 1      42.063     11.339      3.622      0.000
 C1S2
    Category > 1     113.589     41.911      2.686      0.007
 C1S3
    Category > 1     284.095    160.091      1.768      0.077
 C1S4
    Category > 1     235.589    149.225      1.572      0.116
 C1S5
    Category > 1     665.942   1023.342      0.650      0.516
 C1S6
    Category > 1     104.448     40.285      2.568      0.010
 C1S32
    Category > 1     238.446    205.441      1.156      0.248
 C2S7
    Category > 1       5.064      1.170      3.474      0.001
 C2S8
    Category > 1       5.511      1.444      3.124      0.002
 C2S9
    Category > 1       6.380      1.984      2.711      0.007
 C3S10
    Category > 1      89.323     39.020      2.264      0.024
 C3S11
    Category > 1     157.204     90.389      1.728      0.084
 C3S12
    Category > 1     135.718     64.147      2.100      0.036
 C3S13
    Category > 1     120.583     80.883      1.478      0.139
 C3S14
    Category > 1     112.620     57.907      1.928      0.054
 C3S15
    Category > 1      82.841     33.012      2.479      0.013
 C4S16
    Category > 1     240.362    148.881      1.608      0.108
 C4S17
    Category > 1   *********      0.000    999.000    999.000
 C4S18
    Category > 1   *********      0.000    999.000    999.000
 C4S19
    Category > 1     208.250    129.193      1.604      0.109
 C4S20
    Category > 1   *********      0.000    999.000    999.000
 C4S23
    Category > 1   *********      0.000    999.000    999.000
 C4S25
    Category > 1   *********      0.000    999.000    999.000
 C4S26
    Category > 1     328.742    244.402      1.341      0.180
 C5S21
    Category > 1     432.179    319.509      1.350      0.177
 C5S22
    Category > 1     413.442    305.904      1.348      0.178
 C5S24
    Category > 1   *********      0.000    999.000    999.000
 C5S27
    Category > 1   *********      0.000    999.000    999.000
 C5S28
    Category > 1   *********      0.000    999.000    999.000
 C5S29
    Category > 1   *********      0.000    999.000    999.000
 C5S30
    Category > 1    1817.367   1882.825      0.965      0.335
 C5S31
    Category > 1   *********      0.000    999.000    999.000

Latent Class 1 Compared to Latent Class 4

 C1S1
    Category > 1       0.306      0.085     -8.170      0.000
 C1S2
    Category > 1       0.853      0.195     -0.751      0.453
 C1S3
    Category > 1       1.144      0.258      0.557      0.578
 C1S4
    Category > 1       1.389      0.314      1.239      0.215
 C1S5
    Category > 1       1.352      0.344      1.023      0.306
 C1S6
    Category > 1       0.643      0.148     -2.413      0.016
 C1S32
    Category > 1       1.458      0.382      1.197      0.231
 C2S7
    Category > 1       2.597      0.622      2.568      0.010
 C2S8
    Category > 1       2.307      0.618      2.116      0.034
 C2S9
    Category > 1       2.446      0.763      1.896      0.058
 C3S10
    Category > 1      73.560     37.108      1.955      0.051
 C3S11
    Category > 1      89.174     48.800      1.807      0.071
 C3S12
    Category > 1      41.417     17.265      2.341      0.019
 C3S13
    Category > 1     104.311    121.131      0.853      0.394
 C3S14
    Category > 1     243.345    406.782      0.596      0.551
 C3S15
    Category > 1      95.232     60.067      1.569      0.117
 C4S16
    Category > 1   *********      0.000    999.000    999.000
 C4S17
    Category > 1   *********      0.000    999.000    999.000
 C4S18
    Category > 1   *********      0.000    999.000    999.000
 C4S19
    Category > 1   *********      0.000    999.000    999.000
 C4S20
    Category > 1   *********      0.000    999.000    999.000
 C4S23
    Category > 1   *********      0.000    999.000    999.000
 C4S25
    Category > 1     214.377    175.822      1.214      0.225
 C4S26
    Category > 1   *********      0.000    999.000    999.000
 C5S21
    Category > 1   *********      0.000    999.000    999.000
 C5S22
    Category > 1   *********      0.000    999.000    999.000
 C5S24
    Category > 1   *********      0.000    999.000    999.000
 C5S27
    Category > 1   *********      0.000    999.000    999.000
 C5S28
    Category > 1   *********      0.000    999.000    999.000
 C5S29
    Category > 1     303.413    311.508      0.971      0.332
 C5S30
    Category > 1     131.110     66.163      1.967      0.049
 C5S31
    Category > 1     142.042     86.467      1.631      0.103

Latent Class 2 Compared to Latent Class 3

 C1S1
    Category > 1      29.365      6.497      4.366      0.000
 C1S2
    Category > 1     100.184     34.533      2.872      0.004
 C1S3
    Category > 1     182.553     99.521      1.824      0.068
 C1S4
    Category > 1     187.035    115.237      1.614      0.106
 C1S5
    Category > 1     533.116    815.299      0.653      0.514
 C1S6
    Category > 1      93.592     33.648      2.752      0.006
 C1S32
    Category > 1     147.303    125.386      1.167      0.243
 C2S7
    Category > 1       5.693      0.980      4.790      0.000
 C2S8
    Category > 1       6.809      1.335      4.353      0.000
 C2S9
    Category > 1       8.017      1.890      3.713      0.000
 C3S10
    Category > 1     294.680    118.548      2.477      0.013
 C3S11
    Category > 1     826.127    448.878      1.838      0.066
 C3S12
    Category > 1     449.367    196.547      2.281      0.023
 C3S13
    Category > 1     285.679    181.416      1.569      0.117
 C3S14
    Category > 1     309.088    147.529      2.088      0.037
 C3S15
    Category > 1     217.417     78.463      2.758      0.006
 C4S16
    Category > 1       0.000      0.000    999.000    999.000
 C4S17
    Category > 1   15113.872      0.000    999.000    999.000
 C4S18
    Category > 1       1.000      0.000    999.000    999.000
 C4S19
    Category > 1       0.000      0.000    999.000    999.000
 C4S20
    Category > 1       1.000      0.000    999.000    999.000
 C4S23
    Category > 1       1.000      0.000    999.000    999.000
 C4S25
    Category > 1       1.000      0.000    999.000    999.000
 C4S26
    Category > 1       0.000      0.000    999.000    999.000
 C5S21
    Category > 1       0.000      0.000    999.000    999.000
 C5S22
    Category > 1       0.000      0.000    999.000    999.000
 C5S24
    Category > 1       1.000      0.000    999.000    999.000
 C5S27
    Category > 1   14900.825      0.000    999.000    999.000
 C5S28
    Category > 1       1.000      0.000    999.000    999.000
 C5S29
    Category > 1       1.000      0.000    999.000    999.000
 C5S30
    Category > 1       6.521      9.350      0.590      0.555
 C5S31
    Category > 1       1.000      0.000    999.000    999.000

Latent Class 2 Compared to Latent Class 4

 C1S1
    Category > 1       0.214      0.050    -15.831      0.000
 C1S2
    Category > 1       0.753      0.139     -1.776      0.076
 C1S3
    Category > 1       0.735      0.136     -1.956      0.050
 C1S4
    Category > 1       1.103      0.200      0.514      0.607
 C1S5
    Category > 1       1.082      0.223      0.367      0.714
 C1S6
    Category > 1       0.576      0.108     -3.931      0.000
 C1S32
    Category > 1       0.900      0.203     -0.492      0.623
 C2S7
    Category > 1       2.919      0.538      3.567      0.000
 C2S8
    Category > 1       2.850      0.584      3.169      0.002
 C2S9
    Category > 1       3.074      0.732      2.834      0.005
 C3S10
    Category > 1     242.675    116.443      2.075      0.038
 C3S11
    Category > 1     468.620    250.480      1.867      0.062
 C3S12
    Category > 1     137.133     54.797      2.484      0.013
 C3S13
    Category > 1     247.127    282.039      0.873      0.383
 C3S14
    Category > 1     667.862   1101.165      0.606      0.545
 C3S15
    Category > 1     249.938    153.439      1.622      0.105
 C4S16
    Category > 1       1.000      0.000    999.000    999.000
 C4S17
    Category > 1   15113.872      0.000    999.000    999.000
 C4S18
    Category > 1       1.000      0.000    999.000    999.000
 C4S19
    Category > 1       1.000      0.000    999.000    999.000
 C4S20
    Category > 1       1.000      0.000    999.000    999.000
 C4S23
    Category > 1       1.000      0.000    999.000    999.000
 C4S25
    Category > 1       0.000      0.000    999.000    999.000
 C4S26
    Category > 1       1.000      0.000    999.000    999.000
 C5S21
    Category > 1       1.000      0.000    999.000    999.000
 C5S22
    Category > 1       1.000      0.000    999.000    999.000
 C5S24
    Category > 1       1.000      0.000    999.000    999.000
 C5S27
    Category > 1   14900.825      0.000    999.000    999.000
 C5S28
    Category > 1       1.000      0.000    999.000    999.000
 C5S29
    Category > 1       0.000      0.000    999.000    999.000
 C5S30
    Category > 1       0.470      0.523     -1.012      0.312
 C5S31
    Category > 1       0.000      0.000    999.000    999.000

Latent Class 3 Compared to Latent Class 4

 C1S1
    Category > 1       0.007      0.001   -675.996      0.000
 C1S2
    Category > 1       0.008      0.002   -421.092      0.000
 C1S3
    Category > 1       0.004      0.002   -468.647      0.000
 C1S4
    Category > 1       0.006      0.004   -279.111      0.000
 C1S5
    Category > 1       0.002      0.003   -322.776      0.000
 C1S6
    Category > 1       0.006      0.002   -483.002      0.000
 C1S32
    Category > 1       0.006      0.005   -194.484      0.000
 C2S7
    Category > 1       0.513      0.074     -6.573      0.000
 C2S8
    Category > 1       0.419      0.074     -7.839      0.000
 C2S9
    Category > 1       0.383      0.086     -7.129      0.000
 C3S10
    Category > 1       0.824      0.488     -0.362      0.717
 C3S11
    Category > 1       0.567      0.413     -1.048      0.295
 C3S12
    Category > 1       0.305      0.173     -4.013      0.000
 C3S13
    Category > 1       0.865      1.125     -0.120      0.904
 C3S14
    Category > 1       2.161      3.788      0.306      0.759
 C3S15
    Category > 1       1.150      0.798      0.187      0.851
 C4S16
    Category > 1    7188.094      0.000    999.000    999.000
 C4S17
    Category > 1       1.000      0.000    999.000    999.000
 C4S18
    Category > 1       1.000      0.000    999.000    999.000
 C4S19
    Category > 1    7195.494      0.000    999.000    999.000
 C4S20
    Category > 1       1.000      0.000    999.000    999.000
 C4S23
    Category > 1       1.000      0.000    999.000    999.000
 C4S25
    Category > 1       0.000      0.000    999.000    999.000
 C4S26
    Category > 1    4784.176      0.000    999.000    999.000
 C5S21
    Category > 1    4788.929      0.000    999.000    999.000
 C5S22
    Category > 1    4788.750      0.000    999.000    999.000
 C5S24
    Category > 1       1.000      0.000    999.000    999.000
 C5S27
    Category > 1       1.000      0.000    999.000    999.000
 C5S28
    Category > 1       1.000      0.000    999.000    999.000
 C5S29
    Category > 1       0.000      0.000    999.000    999.000
 C5S30
    Category > 1       0.072      0.080    -11.534      0.000
 C5S31
    Category > 1       0.000      0.000    999.000    999.000


QUALITY OF NUMERICAL RESULTS

     Condition Number for the Information Matrix              0.513E-03
       (ratio of smallest to largest eigenvalue)


TECHNICAL 11 OUTPUT

     Random Starts Specifications for the k-1 Class Analysis Model
        Number of initial stage random starts                5000
        Number of final stage optimizations                  1000



     VUONG-LO-MENDELL-RUBIN LIKELIHOOD RATIO TEST FOR 3 (H0) VERSUS 4 CLASSES

          H0 Loglikelihood Value                       -12085.155
          2 Times the Loglikelihood Difference           1247.926
          Difference in the Number of Parameters               33
          Mean                                             16.342
          Standard Deviation                              103.605
          P-Value                                          0.0000

     LO-MENDELL-RUBIN ADJUSTED LRT TEST

          Value                                          1243.050
          P-Value                                          0.0000


TECHNICAL 14 OUTPUT

     Random Starts Specifications for the k-1 Class Analysis Model
        Number of initial stage random starts                5000
        Number of final stage optimizations                  1000

     Random Starts Specification for the k-1 Class Model for Generated Data
        Number of initial stage random starts                   0
        Number of final stage optimizations for the
           initial stage random starts                          0
     Random Starts Specification for the k Class Model for Generated Data
        Number of initial stage random starts                2000
        Number of final stage optimizations                   500
     Number of bootstrap draws requested                   Varies


     PARAMETRIC BOOTSTRAPPED LIKELIHOOD RATIO TEST FOR 3 (H0) VERSUS 4 CLASSES

          H0 Loglikelihood Value                       -12085.155
          2 Times the Loglikelihood Difference           1247.926
          Difference in the Number of Parameters               33
          Approximate P-Value                              0.0000
          Successful Bootstrap Draws                            5


PLOT INFORMATION

The following plots are available:

  Histograms (sample values)
  Scatterplots (sample values)
  Sample proportions and estimated probabilities

SAVEDATA INFORMATION


  Save file
    LCA_4_out.dat

  Order and format of variables

    C1S1           F10.3
    C1S2           F10.3
    C1S3           F10.3
    C1S4           F10.3
    C1S5           F10.3
    C1S6           F10.3
    C1S32          F10.3
    C2S7           F10.3
    C2S8           F10.3
    C2S9           F10.3
    C3S10          F10.3
    C3S11          F10.3
    C3S12          F10.3
    C3S13          F10.3
    C3S14          F10.3
    C3S15          F10.3
    C4S16          F10.3
    C4S17          F10.3
    C4S18          F10.3
    C4S19          F10.3
    C4S20          F10.3
    C4S23          F10.3
    C4S25          F10.3
    C4S26          F10.3
    C5S21          F10.3
    C5S22          F10.3
    C5S24          F10.3
    C5S27          F10.3
    C5S28          F10.3
    C5S29          F10.3
    C5S30          F10.3
    C5S31          F10.3
    CODE           F10.3
    CPROB1         F10.3
    CPROB2         F10.3
    CPROB3         F10.3
    CPROB4         F10.3
    C              F10.3

  Save file format
    38F10.3

  Save file record length    10000


     Beginning Time:  00:39:40
        Ending Time:  00:41:35
       Elapsed Time:  00:01:55



MUTHEN & MUTHEN
3463 Stoner Ave.
Los Angeles, CA  90066

Tel: (310) 391-9971
Fax: (310) 391-8971
Web: www.StatModel.com
Support: Support@StatModel.com

Copyright (c) 1998-2019 Muthen & Muthen
